This is pdfTeX, Version 3.14159265-2.6-1.40.17 (TeX Live 2016/Debian) (preloaded format=pdflatex 2017.5.2)  24 MAR 2018 22:41
entering extended mode
 restricted \write18 enabled.
 %&-line parsing enabled.
**technical-report.tex
(./technical-report.tex
LaTeX2e <2017/01/01> patch level 3
Babel <3.9r> and hyphenation patterns for 35 language(s) loaded.
(/usr/share/texlive/texmf-dist/tex/latex/base/article.cls
Document Class: article 2014/09/29 v1.4h Standard LaTeX document class
(/usr/share/texlive/texmf-dist/tex/latex/base/size10.clo
File: size10.clo 2014/09/29 v1.4h Standard LaTeX file (size option)
)
\c@part=\count79
\c@section=\count80
\c@subsection=\count81
\c@subsubsection=\count82
\c@paragraph=\count83
\c@subparagraph=\count84
\c@figure=\count85
\c@table=\count86
\abovecaptionskip=\skip41
\belowcaptionskip=\skip42
\bibindent=\dimen102
)
(/usr/share/texlive/texmf-dist/tex/latex/base/inputenc.sty
Package: inputenc 2015/03/17 v1.2c Input encoding file
\inpenc@prehook=\toks14
\inpenc@posthook=\toks15

(/usr/share/texlive/texmf-dist/tex/latex/base/utf8.def
File: utf8.def 2017/01/28 v1.1t UTF-8 support for inputenc
Now handling font encoding OML ...
... no UTF-8 mapping file for font encoding OML
Now handling font encoding T1 ...
... processing UTF-8 mapping file for font encoding T1

(/usr/share/texlive/texmf-dist/tex/latex/base/t1enc.dfu
File: t1enc.dfu 2017/01/28 v1.1t UTF-8 support for inputenc
   defining Unicode char U+00A0 (decimal 160)
   defining Unicode char U+00A1 (decimal 161)
   defining Unicode char U+00A3 (decimal 163)
   defining Unicode char U+00AB (decimal 171)
   defining Unicode char U+00AD (decimal 173)
   defining Unicode char U+00BB (decimal 187)
   defining Unicode char U+00BF (decimal 191)
   defining Unicode char U+00C0 (decimal 192)
   defining Unicode char U+00C1 (decimal 193)
   defining Unicode char U+00C2 (decimal 194)
   defining Unicode char U+00C3 (decimal 195)
   defining Unicode char U+00C4 (decimal 196)
   defining Unicode char U+00C5 (decimal 197)
   defining Unicode char U+00C6 (decimal 198)
   defining Unicode char U+00C7 (decimal 199)
   defining Unicode char U+00C8 (decimal 200)
   defining Unicode char U+00C9 (decimal 201)
   defining Unicode char U+00CA (decimal 202)
   defining Unicode char U+00CB (decimal 203)
   defining Unicode char U+00CC (decimal 204)
   defining Unicode char U+00CD (decimal 205)
   defining Unicode char U+00CE (decimal 206)
   defining Unicode char U+00CF (decimal 207)
   defining Unicode char U+00D0 (decimal 208)
   defining Unicode char U+00D1 (decimal 209)
   defining Unicode char U+00D2 (decimal 210)
   defining Unicode char U+00D3 (decimal 211)
   defining Unicode char U+00D4 (decimal 212)
   defining Unicode char U+00D5 (decimal 213)
   defining Unicode char U+00D6 (decimal 214)
   defining Unicode char U+00D8 (decimal 216)
   defining Unicode char U+00D9 (decimal 217)
   defining Unicode char U+00DA (decimal 218)
   defining Unicode char U+00DB (decimal 219)
   defining Unicode char U+00DC (decimal 220)
   defining Unicode char U+00DD (decimal 221)
   defining Unicode char U+00DE (decimal 222)
   defining Unicode char U+00DF (decimal 223)
   defining Unicode char U+00E0 (decimal 224)
   defining Unicode char U+00E1 (decimal 225)
   defining Unicode char U+00E2 (decimal 226)
   defining Unicode char U+00E3 (decimal 227)
   defining Unicode char U+00E4 (decimal 228)
   defining Unicode char U+00E5 (decimal 229)
   defining Unicode char U+00E6 (decimal 230)
   defining Unicode char U+00E7 (decimal 231)
   defining Unicode char U+00E8 (decimal 232)
   defining Unicode char U+00E9 (decimal 233)
   defining Unicode char U+00EA (decimal 234)
   defining Unicode char U+00EB (decimal 235)
   defining Unicode char U+00EC (decimal 236)
   defining Unicode char U+00ED (decimal 237)
   defining Unicode char U+00EE (decimal 238)
   defining Unicode char U+00EF (decimal 239)
   defining Unicode char U+00F0 (decimal 240)
   defining Unicode char U+00F1 (decimal 241)
   defining Unicode char U+00F2 (decimal 242)
   defining Unicode char U+00F3 (decimal 243)
   defining Unicode char U+00F4 (decimal 244)
   defining Unicode char U+00F5 (decimal 245)
   defining Unicode char U+00F6 (decimal 246)
   defining Unicode char U+00F8 (decimal 248)
   defining Unicode char U+00F9 (decimal 249)
   defining Unicode char U+00FA (decimal 250)
   defining Unicode char U+00FB (decimal 251)
   defining Unicode char U+00FC (decimal 252)
   defining Unicode char U+00FD (decimal 253)
   defining Unicode char U+00FE (decimal 254)
   defining Unicode char U+00FF (decimal 255)
   defining Unicode char U+0100 (decimal 256)
   defining Unicode char U+0101 (decimal 257)
   defining Unicode char U+0102 (decimal 258)
   defining Unicode char U+0103 (decimal 259)
   defining Unicode char U+0104 (decimal 260)
   defining Unicode char U+0105 (decimal 261)
   defining Unicode char U+0106 (decimal 262)
   defining Unicode char U+0107 (decimal 263)
   defining Unicode char U+0108 (decimal 264)
   defining Unicode char U+0109 (decimal 265)
   defining Unicode char U+010A (decimal 266)
   defining Unicode char U+010B (decimal 267)
   defining Unicode char U+010C (decimal 268)
   defining Unicode char U+010D (decimal 269)
   defining Unicode char U+010E (decimal 270)
   defining Unicode char U+010F (decimal 271)
   defining Unicode char U+0110 (decimal 272)
   defining Unicode char U+0111 (decimal 273)
   defining Unicode char U+0112 (decimal 274)
   defining Unicode char U+0113 (decimal 275)
   defining Unicode char U+0114 (decimal 276)
   defining Unicode char U+0115 (decimal 277)
   defining Unicode char U+0116 (decimal 278)
   defining Unicode char U+0117 (decimal 279)
   defining Unicode char U+0118 (decimal 280)
   defining Unicode char U+0119 (decimal 281)
   defining Unicode char U+011A (decimal 282)
   defining Unicode char U+011B (decimal 283)
   defining Unicode char U+011C (decimal 284)
   defining Unicode char U+011D (decimal 285)
   defining Unicode char U+011E (decimal 286)
   defining Unicode char U+011F (decimal 287)
   defining Unicode char U+0120 (decimal 288)
   defining Unicode char U+0121 (decimal 289)
   defining Unicode char U+0122 (decimal 290)
   defining Unicode char U+0123 (decimal 291)
   defining Unicode char U+0124 (decimal 292)
   defining Unicode char U+0125 (decimal 293)
   defining Unicode char U+0128 (decimal 296)
   defining Unicode char U+0129 (decimal 297)
   defining Unicode char U+012A (decimal 298)
   defining Unicode char U+012B (decimal 299)
   defining Unicode char U+012C (decimal 300)
   defining Unicode char U+012D (decimal 301)
   defining Unicode char U+012E (decimal 302)
   defining Unicode char U+012F (decimal 303)
   defining Unicode char U+0130 (decimal 304)
   defining Unicode char U+0131 (decimal 305)
   defining Unicode char U+0132 (decimal 306)
   defining Unicode char U+0133 (decimal 307)
   defining Unicode char U+0134 (decimal 308)
   defining Unicode char U+0135 (decimal 309)
   defining Unicode char U+0136 (decimal 310)
   defining Unicode char U+0137 (decimal 311)
   defining Unicode char U+0139 (decimal 313)
   defining Unicode char U+013A (decimal 314)
   defining Unicode char U+013B (decimal 315)
   defining Unicode char U+013C (decimal 316)
   defining Unicode char U+013D (decimal 317)
   defining Unicode char U+013E (decimal 318)
   defining Unicode char U+0141 (decimal 321)
   defining Unicode char U+0142 (decimal 322)
   defining Unicode char U+0143 (decimal 323)
   defining Unicode char U+0144 (decimal 324)
   defining Unicode char U+0145 (decimal 325)
   defining Unicode char U+0146 (decimal 326)
   defining Unicode char U+0147 (decimal 327)
   defining Unicode char U+0148 (decimal 328)
   defining Unicode char U+014A (decimal 330)
   defining Unicode char U+014B (decimal 331)
   defining Unicode char U+014C (decimal 332)
   defining Unicode char U+014D (decimal 333)
   defining Unicode char U+014E (decimal 334)
   defining Unicode char U+014F (decimal 335)
   defining Unicode char U+0150 (decimal 336)
   defining Unicode char U+0151 (decimal 337)
   defining Unicode char U+0152 (decimal 338)
   defining Unicode char U+0153 (decimal 339)
   defining Unicode char U+0154 (decimal 340)
   defining Unicode char U+0155 (decimal 341)
   defining Unicode char U+0156 (decimal 342)
   defining Unicode char U+0157 (decimal 343)
   defining Unicode char U+0158 (decimal 344)
   defining Unicode char U+0159 (decimal 345)
   defining Unicode char U+015A (decimal 346)
   defining Unicode char U+015B (decimal 347)
   defining Unicode char U+015C (decimal 348)
   defining Unicode char U+015D (decimal 349)
   defining Unicode char U+015E (decimal 350)
   defining Unicode char U+015F (decimal 351)
   defining Unicode char U+0160 (decimal 352)
   defining Unicode char U+0161 (decimal 353)
   defining Unicode char U+0162 (decimal 354)
   defining Unicode char U+0163 (decimal 355)
   defining Unicode char U+0164 (decimal 356)
   defining Unicode char U+0165 (decimal 357)
   defining Unicode char U+0168 (decimal 360)
   defining Unicode char U+0169 (decimal 361)
   defining Unicode char U+016A (decimal 362)
   defining Unicode char U+016B (decimal 363)
   defining Unicode char U+016C (decimal 364)
   defining Unicode char U+016D (decimal 365)
   defining Unicode char U+016E (decimal 366)
   defining Unicode char U+016F (decimal 367)
   defining Unicode char U+0170 (decimal 368)
   defining Unicode char U+0171 (decimal 369)
   defining Unicode char U+0172 (decimal 370)
   defining Unicode char U+0173 (decimal 371)
   defining Unicode char U+0174 (decimal 372)
   defining Unicode char U+0175 (decimal 373)
   defining Unicode char U+0176 (decimal 374)
   defining Unicode char U+0177 (decimal 375)
   defining Unicode char U+0178 (decimal 376)
   defining Unicode char U+0179 (decimal 377)
   defining Unicode char U+017A (decimal 378)
   defining Unicode char U+017B (decimal 379)
   defining Unicode char U+017C (decimal 380)
   defining Unicode char U+017D (decimal 381)
   defining Unicode char U+017E (decimal 382)
   defining Unicode char U+01CD (decimal 461)
   defining Unicode char U+01CE (decimal 462)
   defining Unicode char U+01CF (decimal 463)
   defining Unicode char U+01D0 (decimal 464)
   defining Unicode char U+01D1 (decimal 465)
   defining Unicode char U+01D2 (decimal 466)
   defining Unicode char U+01D3 (decimal 467)
   defining Unicode char U+01D4 (decimal 468)
   defining Unicode char U+01E2 (decimal 482)
   defining Unicode char U+01E3 (decimal 483)
   defining Unicode char U+01E6 (decimal 486)
   defining Unicode char U+01E7 (decimal 487)
   defining Unicode char U+01E8 (decimal 488)
   defining Unicode char U+01E9 (decimal 489)
   defining Unicode char U+01EA (decimal 490)
   defining Unicode char U+01EB (decimal 491)
   defining Unicode char U+01F0 (decimal 496)
   defining Unicode char U+01F4 (decimal 500)
   defining Unicode char U+01F5 (decimal 501)
   defining Unicode char U+0218 (decimal 536)
   defining Unicode char U+0219 (decimal 537)
   defining Unicode char U+021A (decimal 538)
   defining Unicode char U+021B (decimal 539)
   defining Unicode char U+0232 (decimal 562)
   defining Unicode char U+0233 (decimal 563)
   defining Unicode char U+1E02 (decimal 7682)
   defining Unicode char U+1E03 (decimal 7683)
   defining Unicode char U+200C (decimal 8204)
   defining Unicode char U+2010 (decimal 8208)
   defining Unicode char U+2011 (decimal 8209)
   defining Unicode char U+2012 (decimal 8210)
   defining Unicode char U+2013 (decimal 8211)
   defining Unicode char U+2014 (decimal 8212)
   defining Unicode char U+2015 (decimal 8213)
   defining Unicode char U+2018 (decimal 8216)
   defining Unicode char U+2019 (decimal 8217)
   defining Unicode char U+201A (decimal 8218)
   defining Unicode char U+201C (decimal 8220)
   defining Unicode char U+201D (decimal 8221)
   defining Unicode char U+201E (decimal 8222)
   defining Unicode char U+2030 (decimal 8240)
   defining Unicode char U+2031 (decimal 8241)
   defining Unicode char U+2039 (decimal 8249)
   defining Unicode char U+203A (decimal 8250)
   defining Unicode char U+2423 (decimal 9251)
   defining Unicode char U+1E20 (decimal 7712)
   defining Unicode char U+1E21 (decimal 7713)
)
Now handling font encoding OT1 ...
... processing UTF-8 mapping file for font encoding OT1

(/usr/share/texlive/texmf-dist/tex/latex/base/ot1enc.dfu
File: ot1enc.dfu 2017/01/28 v1.1t UTF-8 support for inputenc
   defining Unicode char U+00A0 (decimal 160)
   defining Unicode char U+00A1 (decimal 161)
   defining Unicode char U+00A3 (decimal 163)
   defining Unicode char U+00AD (decimal 173)
   defining Unicode char U+00B8 (decimal 184)
   defining Unicode char U+00BF (decimal 191)
   defining Unicode char U+00C5 (decimal 197)
   defining Unicode char U+00C6 (decimal 198)
   defining Unicode char U+00D8 (decimal 216)
   defining Unicode char U+00DF (decimal 223)
   defining Unicode char U+00E6 (decimal 230)
   defining Unicode char U+00EC (decimal 236)
   defining Unicode char U+00ED (decimal 237)
   defining Unicode char U+00EE (decimal 238)
   defining Unicode char U+00EF (decimal 239)
   defining Unicode char U+00F8 (decimal 248)
   defining Unicode char U+0131 (decimal 305)
   defining Unicode char U+0141 (decimal 321)
   defining Unicode char U+0142 (decimal 322)
   defining Unicode char U+0152 (decimal 338)
   defining Unicode char U+0153 (decimal 339)
   defining Unicode char U+0174 (decimal 372)
   defining Unicode char U+0175 (decimal 373)
   defining Unicode char U+0176 (decimal 374)
   defining Unicode char U+0177 (decimal 375)
   defining Unicode char U+0218 (decimal 536)
   defining Unicode char U+0219 (decimal 537)
   defining Unicode char U+021A (decimal 538)
   defining Unicode char U+021B (decimal 539)
   defining Unicode char U+2013 (decimal 8211)
   defining Unicode char U+2014 (decimal 8212)
   defining Unicode char U+2018 (decimal 8216)
   defining Unicode char U+2019 (decimal 8217)
   defining Unicode char U+201C (decimal 8220)
   defining Unicode char U+201D (decimal 8221)
)
Now handling font encoding OMS ...
... processing UTF-8 mapping file for font encoding OMS

(/usr/share/texlive/texmf-dist/tex/latex/base/omsenc.dfu
File: omsenc.dfu 2017/01/28 v1.1t UTF-8 support for inputenc
   defining Unicode char U+00A7 (decimal 167)
   defining Unicode char U+00B6 (decimal 182)
   defining Unicode char U+00B7 (decimal 183)
   defining Unicode char U+2020 (decimal 8224)
   defining Unicode char U+2021 (decimal 8225)
   defining Unicode char U+2022 (decimal 8226)
)
Now handling font encoding OMX ...
... no UTF-8 mapping file for font encoding OMX
Now handling font encoding U ...
... no UTF-8 mapping file for font encoding U
   defining Unicode char U+00A9 (decimal 169)
   defining Unicode char U+00AA (decimal 170)
   defining Unicode char U+00AE (decimal 174)
   defining Unicode char U+00BA (decimal 186)
   defining Unicode char U+02C6 (decimal 710)
   defining Unicode char U+02DC (decimal 732)
   defining Unicode char U+200C (decimal 8204)
   defining Unicode char U+2026 (decimal 8230)
   defining Unicode char U+2122 (decimal 8482)
   defining Unicode char U+2423 (decimal 9251)
))
(/usr/share/texlive/texmf-dist/tex/latex/amsmath/amsmath.sty
Package: amsmath 2016/11/05 v2.16a AMS math features
\@mathmargin=\skip43

For additional information on amsmath, use the `?' option.
(/usr/share/texlive/texmf-dist/tex/latex/amsmath/amstext.sty
Package: amstext 2000/06/29 v2.01 AMS text

(/usr/share/texlive/texmf-dist/tex/latex/amsmath/amsgen.sty
File: amsgen.sty 1999/11/30 v2.0 generic functions
\@emptytoks=\toks16
\ex@=\dimen103
))
(/usr/share/texlive/texmf-dist/tex/latex/amsmath/amsbsy.sty
Package: amsbsy 1999/11/29 v1.2d Bold Symbols
\pmbraise@=\dimen104
)
(/usr/share/texlive/texmf-dist/tex/latex/amsmath/amsopn.sty
Package: amsopn 2016/03/08 v2.02 operator names
)
\inf@bad=\count87
LaTeX Info: Redefining \frac on input line 213.
\uproot@=\count88
\leftroot@=\count89
LaTeX Info: Redefining \overline on input line 375.
\classnum@=\count90
\DOTSCASE@=\count91
LaTeX Info: Redefining \ldots on input line 472.
LaTeX Info: Redefining \dots on input line 475.
LaTeX Info: Redefining \cdots on input line 596.
\Mathstrutbox@=\box26
\strutbox@=\box27
\big@size=\dimen105
LaTeX Font Info:    Redeclaring font encoding OML on input line 712.
LaTeX Font Info:    Redeclaring font encoding OMS on input line 713.
\macc@depth=\count92
\c@MaxMatrixCols=\count93
\dotsspace@=\muskip10
\c@parentequation=\count94
\dspbrk@lvl=\count95
\tag@help=\toks17
\row@=\count96
\column@=\count97
\maxfields@=\count98
\andhelp@=\toks18
\eqnshift@=\dimen106
\alignsep@=\dimen107
\tagshift@=\dimen108
\tagwidth@=\dimen109
\totwidth@=\dimen110
\lineht@=\dimen111
\@envbody=\toks19
\multlinegap=\skip44
\multlinetaggap=\skip45
\mathdisplay@stack=\toks20
LaTeX Info: Redefining \[ on input line 2817.
LaTeX Info: Redefining \] on input line 2818.
)
(/usr/share/texlive/texmf-dist/tex/latex/amscls/amsthm.sty
Package: amsthm 2015/03/04 v2.20.2
\thm@style=\toks21
\thm@bodyfont=\toks22
\thm@headfont=\toks23
\thm@notefont=\toks24
\thm@headpunct=\toks25
\thm@preskip=\skip46
\thm@postskip=\skip47
\thm@headsep=\skip48
\dth@everypar=\toks26
)
(/usr/share/texlive/texmf-dist/tex/latex/amsfonts/amsfonts.sty
Package: amsfonts 2013/01/14 v3.01 Basic AMSFonts support
\symAMSa=\mathgroup4
\symAMSb=\mathgroup5
LaTeX Font Info:    Overwriting math alphabet `\mathfrak' in version `bold'
(Font)                  U/euf/m/n --> U/euf/b/n on input line 106.
)
(/usr/share/texlive/texmf-dist/tex/latex/amsfonts/amssymb.sty
Package: amssymb 2013/01/14 v3.01 AMS font symbols
)
(/usr/share/texlive/texmf-dist/tex/latex/mathtools/mathtools.sty
Package: mathtools 2015/11/12 v1.18 mathematical typesetting tools

(/usr/share/texlive/texmf-dist/tex/latex/graphics/keyval.sty
Package: keyval 2014/10/28 v1.15 key=value parser (DPC)
\KV@toks@=\toks27
)
(/usr/share/texlive/texmf-dist/tex/latex/tools/calc.sty
Package: calc 2014/10/28 v4.3 Infix arithmetic (KKT,FJ)
\calc@Acount=\count99
\calc@Bcount=\count100
\calc@Adimen=\dimen112
\calc@Bdimen=\dimen113
\calc@Askip=\skip49
\calc@Bskip=\skip50
LaTeX Info: Redefining \setlength on input line 80.
LaTeX Info: Redefining \addtolength on input line 81.
\calc@Ccount=\count101
\calc@Cskip=\skip51
)
(/usr/share/texlive/texmf-dist/tex/latex/mathtools/mhsetup.sty
Package: mhsetup 2010/01/21 v1.2a programming setup (MH)
)
LaTeX Info: Thecontrolsequence`\('isalreadyrobust on input line 129.
LaTeX Info: Thecontrolsequence`\)'isalreadyrobust on input line 129.
LaTeX Info: Thecontrolsequence`\['isalreadyrobust on input line 129.
LaTeX Info: Thecontrolsequence`\]'isalreadyrobust on input line 129.
\g_MT_multlinerow_int=\count102
\l_MT_multwidth_dim=\dimen114
\origjot=\skip52
\l_MT_shortvdotswithinadjustabove_dim=\dimen115
\l_MT_shortvdotswithinadjustbelow_dim=\dimen116
\l_MT_above_intertext_sep=\dimen117
\l_MT_below_intertext_sep=\dimen118
\l_MT_above_shortintertext_sep=\dimen119
\l_MT_below_shortintertext_sep=\dimen120
)
(/usr/share/texlive/texmf-dist/tex/latex/base/latexsym.sty
Package: latexsym 1998/08/17 v2.2e Standard LaTeX package (lasy symbols)
\symlasy=\mathgroup6
LaTeX Font Info:    Overwriting symbol font `lasy' in version `bold'
(Font)                  U/lasy/m/n --> U/lasy/b/n on input line 52.
)
(/usr/share/texlive/texmf-dist/tex/latex/parskip/parskip.sty
Package: parskip 2001/04/09 non-zero parskip adjustments
)
(/usr/share/texlive/texmf-dist/tex/latex/preprint/fullpage.sty
Package: fullpage 1999/02/23 1.1 (PWD)
\FP@margin=\skip53
)
(/usr/share/texlive/texmf-dist/tex/latex/pgf/basiclayer/pgf.sty
(/usr/share/texlive/texmf-dist/tex/latex/pgf/utilities/pgfrcs.sty
(/usr/share/texlive/texmf-dist/tex/generic/pgf/utilities/pgfutil-common.tex
\pgfutil@everybye=\toks28
\pgfutil@tempdima=\dimen121
\pgfutil@tempdimb=\dimen122

(/usr/share/texlive/texmf-dist/tex/generic/pgf/utilities/pgfutil-common-lists.t
ex)) (/usr/share/texlive/texmf-dist/tex/generic/pgf/utilities/pgfutil-latex.def
\pgfutil@abb=\box28
(/usr/share/texlive/texmf-dist/tex/latex/ms/everyshi.sty
Package: everyshi 2001/05/15 v3.00 EveryShipout Package (MS)
))
(/usr/share/texlive/texmf-dist/tex/generic/pgf/utilities/pgfrcs.code.tex
Package: pgfrcs 2015/08/07 v3.0.1a (rcs-revision 1.31)
))
Package: pgf 2015/08/07 v3.0.1a (rcs-revision 1.15)

(/usr/share/texlive/texmf-dist/tex/latex/pgf/basiclayer/pgfcore.sty
(/usr/share/texlive/texmf-dist/tex/latex/graphics/graphicx.sty
Package: graphicx 2014/10/28 v1.0g Enhanced LaTeX Graphics (DPC,SPQR)

(/usr/share/texlive/texmf-dist/tex/latex/graphics/graphics.sty
Package: graphics 2016/10/09 v1.0u Standard LaTeX Graphics (DPC,SPQR)

(/usr/share/texlive/texmf-dist/tex/latex/graphics/trig.sty
Package: trig 2016/01/03 v1.10 sin cos tan (DPC)
)
(/usr/share/texlive/texmf-dist/tex/latex/graphics-cfg/graphics.cfg
File: graphics.cfg 2016/06/04 v1.11 sample graphics configuration
)
Package graphics Info: Driver file: pdftex.def on input line 99.

(/usr/share/texlive/texmf-dist/tex/latex/graphics-def/pdftex.def
File: pdftex.def 2017/01/12 v0.06k Graphics/color for pdfTeX

(/usr/share/texlive/texmf-dist/tex/generic/oberdiek/infwarerr.sty
Package: infwarerr 2016/05/16 v1.4 Providing info/warning/error messages (HO)
)
(/usr/share/texlive/texmf-dist/tex/generic/oberdiek/ltxcmds.sty
Package: ltxcmds 2016/05/16 v1.23 LaTeX kernel commands for general use (HO)
)
\Gread@gobject=\count103
))
\Gin@req@height=\dimen123
\Gin@req@width=\dimen124
)
(/usr/share/texlive/texmf-dist/tex/latex/pgf/systemlayer/pgfsys.sty
(/usr/share/texlive/texmf-dist/tex/generic/pgf/systemlayer/pgfsys.code.tex
Package: pgfsys 2014/07/09 v3.0.1a (rcs-revision 1.48)

(/usr/share/texlive/texmf-dist/tex/generic/pgf/utilities/pgfkeys.code.tex
\pgfkeys@pathtoks=\toks29
\pgfkeys@temptoks=\toks30

(/usr/share/texlive/texmf-dist/tex/generic/pgf/utilities/pgfkeysfiltered.code.t
ex
\pgfkeys@tmptoks=\toks31
))
\pgf@x=\dimen125
\pgf@y=\dimen126
\pgf@xa=\dimen127
\pgf@ya=\dimen128
\pgf@xb=\dimen129
\pgf@yb=\dimen130
\pgf@xc=\dimen131
\pgf@yc=\dimen132
\w@pgf@writea=\write3
\r@pgf@reada=\read1
\c@pgf@counta=\count104
\c@pgf@countb=\count105
\c@pgf@countc=\count106
\c@pgf@countd=\count107
\t@pgf@toka=\toks32
\t@pgf@tokb=\toks33
\t@pgf@tokc=\toks34
 (/usr/share/texlive/texmf-dist/tex/generic/pgf/systemlayer/pgf.cfg
File: pgf.cfg 2008/05/14  (rcs-revision 1.7)
)
Driver file for pgf: pgfsys-pdftex.def

(/usr/share/texlive/texmf-dist/tex/generic/pgf/systemlayer/pgfsys-pdftex.def
File: pgfsys-pdftex.def 2014/10/11  (rcs-revision 1.35)

(/usr/share/texlive/texmf-dist/tex/generic/pgf/systemlayer/pgfsys-common-pdf.de
f
File: pgfsys-common-pdf.def 2013/10/10  (rcs-revision 1.13)
)))
(/usr/share/texlive/texmf-dist/tex/generic/pgf/systemlayer/pgfsyssoftpath.code.
tex
File: pgfsyssoftpath.code.tex 2013/09/09  (rcs-revision 1.9)
\pgfsyssoftpath@smallbuffer@items=\count108
\pgfsyssoftpath@bigbuffer@items=\count109
)
(/usr/share/texlive/texmf-dist/tex/generic/pgf/systemlayer/pgfsysprotocol.code.
tex
File: pgfsysprotocol.code.tex 2006/10/16  (rcs-revision 1.4)
)) (/usr/share/texlive/texmf-dist/tex/latex/xcolor/xcolor.sty
Package: xcolor 2016/05/11 v2.12 LaTeX color extensions (UK)

(/usr/share/texlive/texmf-dist/tex/latex/graphics-cfg/color.cfg
File: color.cfg 2016/01/02 v1.6 sample color configuration
)
Package xcolor Info: Driver file: pdftex.def on input line 225.
Package xcolor Info: Model `cmy' substituted by `cmy0' on input line 1348.
Package xcolor Info: Model `hsb' substituted by `rgb' on input line 1352.
Package xcolor Info: Model `RGB' extended on input line 1364.
Package xcolor Info: Model `HTML' substituted by `rgb' on input line 1366.
Package xcolor Info: Model `Hsb' substituted by `hsb' on input line 1367.
Package xcolor Info: Model `tHsb' substituted by `hsb' on input line 1368.
Package xcolor Info: Model `HSB' substituted by `hsb' on input line 1369.
Package xcolor Info: Model `Gray' substituted by `gray' on input line 1370.
Package xcolor Info: Model `wave' substituted by `hsb' on input line 1371.
)
(/usr/share/texlive/texmf-dist/tex/generic/pgf/basiclayer/pgfcore.code.tex
Package: pgfcore 2010/04/11 v3.0.1a (rcs-revision 1.7)

(/usr/share/texlive/texmf-dist/tex/generic/pgf/math/pgfmath.code.tex
(/usr/share/texlive/texmf-dist/tex/generic/pgf/math/pgfmathcalc.code.tex
(/usr/share/texlive/texmf-dist/tex/generic/pgf/math/pgfmathutil.code.tex)
(/usr/share/texlive/texmf-dist/tex/generic/pgf/math/pgfmathparser.code.tex
\pgfmath@dimen=\dimen133
\pgfmath@count=\count110
\pgfmath@box=\box29
\pgfmath@toks=\toks35
\pgfmath@stack@operand=\toks36
\pgfmath@stack@operation=\toks37
)
(/usr/share/texlive/texmf-dist/tex/generic/pgf/math/pgfmathfunctions.code.tex
(/usr/share/texlive/texmf-dist/tex/generic/pgf/math/pgfmathfunctions.basic.code
.tex)
(/usr/share/texlive/texmf-dist/tex/generic/pgf/math/pgfmathfunctions.trigonomet
ric.code.tex)
(/usr/share/texlive/texmf-dist/tex/generic/pgf/math/pgfmathfunctions.random.cod
e.tex)
(/usr/share/texlive/texmf-dist/tex/generic/pgf/math/pgfmathfunctions.comparison
.code.tex)
(/usr/share/texlive/texmf-dist/tex/generic/pgf/math/pgfmathfunctions.base.code.
tex)
(/usr/share/texlive/texmf-dist/tex/generic/pgf/math/pgfmathfunctions.round.code
.tex)
(/usr/share/texlive/texmf-dist/tex/generic/pgf/math/pgfmathfunctions.misc.code.
tex)
(/usr/share/texlive/texmf-dist/tex/generic/pgf/math/pgfmathfunctions.integerari
thmetics.code.tex)))
(/usr/share/texlive/texmf-dist/tex/generic/pgf/math/pgfmathfloat.code.tex
\c@pgfmathroundto@lastzeros=\count111
))
(/usr/share/texlive/texmf-dist/tex/generic/pgf/basiclayer/pgfcorepoints.code.te
x
File: pgfcorepoints.code.tex 2013/10/07  (rcs-revision 1.27)
\pgf@picminx=\dimen134
\pgf@picmaxx=\dimen135
\pgf@picminy=\dimen136
\pgf@picmaxy=\dimen137
\pgf@pathminx=\dimen138
\pgf@pathmaxx=\dimen139
\pgf@pathminy=\dimen140
\pgf@pathmaxy=\dimen141
\pgf@xx=\dimen142
\pgf@xy=\dimen143
\pgf@yx=\dimen144
\pgf@yy=\dimen145
\pgf@zx=\dimen146
\pgf@zy=\dimen147
)
(/usr/share/texlive/texmf-dist/tex/generic/pgf/basiclayer/pgfcorepathconstruct.
code.tex
File: pgfcorepathconstruct.code.tex 2013/10/07  (rcs-revision 1.29)
\pgf@path@lastx=\dimen148
\pgf@path@lasty=\dimen149
)
(/usr/share/texlive/texmf-dist/tex/generic/pgf/basiclayer/pgfcorepathusage.code
.tex
File: pgfcorepathusage.code.tex 2014/11/02  (rcs-revision 1.24)
\pgf@shorten@end@additional=\dimen150
\pgf@shorten@start@additional=\dimen151
)
(/usr/share/texlive/texmf-dist/tex/generic/pgf/basiclayer/pgfcorescopes.code.te
x
File: pgfcorescopes.code.tex 2015/05/08  (rcs-revision 1.46)
\pgfpic=\box30
\pgf@hbox=\box31
\pgf@layerbox@main=\box32
\pgf@picture@serial@count=\count112
)
(/usr/share/texlive/texmf-dist/tex/generic/pgf/basiclayer/pgfcoregraphicstate.c
ode.tex
File: pgfcoregraphicstate.code.tex 2014/11/02  (rcs-revision 1.12)
\pgflinewidth=\dimen152
)
(/usr/share/texlive/texmf-dist/tex/generic/pgf/basiclayer/pgfcoretransformation
s.code.tex
File: pgfcoretransformations.code.tex 2015/08/07  (rcs-revision 1.20)
\pgf@pt@x=\dimen153
\pgf@pt@y=\dimen154
\pgf@pt@temp=\dimen155
)
(/usr/share/texlive/texmf-dist/tex/generic/pgf/basiclayer/pgfcorequick.code.tex
File: pgfcorequick.code.tex 2008/10/09  (rcs-revision 1.3)
)
(/usr/share/texlive/texmf-dist/tex/generic/pgf/basiclayer/pgfcoreobjects.code.t
ex
File: pgfcoreobjects.code.tex 2006/10/11  (rcs-revision 1.2)
)
(/usr/share/texlive/texmf-dist/tex/generic/pgf/basiclayer/pgfcorepathprocessing
.code.tex
File: pgfcorepathprocessing.code.tex 2013/09/09  (rcs-revision 1.9)
)
(/usr/share/texlive/texmf-dist/tex/generic/pgf/basiclayer/pgfcorearrows.code.te
x
File: pgfcorearrows.code.tex 2015/05/14  (rcs-revision 1.43)
\pgfarrowsep=\dimen156
)
(/usr/share/texlive/texmf-dist/tex/generic/pgf/basiclayer/pgfcoreshade.code.tex
File: pgfcoreshade.code.tex 2013/07/15  (rcs-revision 1.15)
\pgf@max=\dimen157
\pgf@sys@shading@range@num=\count113
)
(/usr/share/texlive/texmf-dist/tex/generic/pgf/basiclayer/pgfcoreimage.code.tex
File: pgfcoreimage.code.tex 2013/07/15  (rcs-revision 1.18)

(/usr/share/texlive/texmf-dist/tex/generic/pgf/basiclayer/pgfcoreexternal.code.
tex
File: pgfcoreexternal.code.tex 2014/07/09  (rcs-revision 1.21)
\pgfexternal@startupbox=\box33
))
(/usr/share/texlive/texmf-dist/tex/generic/pgf/basiclayer/pgfcorelayers.code.te
x
File: pgfcorelayers.code.tex 2013/07/18  (rcs-revision 1.7)
)
(/usr/share/texlive/texmf-dist/tex/generic/pgf/basiclayer/pgfcoretransparency.c
ode.tex
File: pgfcoretransparency.code.tex 2013/09/30  (rcs-revision 1.5)
)
(/usr/share/texlive/texmf-dist/tex/generic/pgf/basiclayer/pgfcorepatterns.code.
tex
File: pgfcorepatterns.code.tex 2013/11/07  (rcs-revision 1.5)
)))
(/usr/share/texlive/texmf-dist/tex/generic/pgf/modules/pgfmoduleshapes.code.tex
File: pgfmoduleshapes.code.tex 2014/03/21  (rcs-revision 1.35)
\pgfnodeparttextbox=\box34
) (/usr/share/texlive/texmf-dist/tex/generic/pgf/modules/pgfmoduleplot.code.tex
File: pgfmoduleplot.code.tex 2015/08/03  (rcs-revision 1.13)
)
(/usr/share/texlive/texmf-dist/tex/latex/pgf/compatibility/pgfcomp-version-0-65
.sty
Package: pgfcomp-version-0-65 2007/07/03 v3.0.1a (rcs-revision 1.7)
\pgf@nodesepstart=\dimen158
\pgf@nodesepend=\dimen159
)
(/usr/share/texlive/texmf-dist/tex/latex/pgf/compatibility/pgfcomp-version-1-18
.sty
Package: pgfcomp-version-1-18 2007/07/23 v3.0.1a (rcs-revision 1.1)
)) (/usr/share/texlive/texmf-dist/tex/latex/pgf/frontendlayer/tikz.sty
(/usr/share/texlive/texmf-dist/tex/latex/pgf/utilities/pgffor.sty
(/usr/share/texlive/texmf-dist/tex/latex/pgf/utilities/pgfkeys.sty
(/usr/share/texlive/texmf-dist/tex/generic/pgf/utilities/pgfkeys.code.tex))
(/usr/share/texlive/texmf-dist/tex/latex/pgf/math/pgfmath.sty
(/usr/share/texlive/texmf-dist/tex/generic/pgf/math/pgfmath.code.tex))
(/usr/share/texlive/texmf-dist/tex/generic/pgf/utilities/pgffor.code.tex
Package: pgffor 2013/12/13 v3.0.1a (rcs-revision 1.25)

(/usr/share/texlive/texmf-dist/tex/generic/pgf/math/pgfmath.code.tex)
\pgffor@iter=\dimen160
\pgffor@skip=\dimen161
\pgffor@stack=\toks38
\pgffor@toks=\toks39
))
(/usr/share/texlive/texmf-dist/tex/generic/pgf/frontendlayer/tikz/tikz.code.tex
Package: tikz 2015/08/07 v3.0.1a (rcs-revision 1.151)

(/usr/share/texlive/texmf-dist/tex/generic/pgf/libraries/pgflibraryplothandlers
.code.tex
File: pgflibraryplothandlers.code.tex 2013/08/31 v3.0.1a (rcs-revision 1.20)
\pgf@plot@mark@count=\count114
\pgfplotmarksize=\dimen162
)
\tikz@lastx=\dimen163
\tikz@lasty=\dimen164
\tikz@lastxsaved=\dimen165
\tikz@lastysaved=\dimen166
\tikzleveldistance=\dimen167
\tikzsiblingdistance=\dimen168
\tikz@figbox=\box35
\tikz@figbox@bg=\box36
\tikz@tempbox=\box37
\tikz@tempbox@bg=\box38
\tikztreelevel=\count115
\tikznumberofchildren=\count116
\tikznumberofcurrentchild=\count117
\tikz@fig@count=\count118

(/usr/share/texlive/texmf-dist/tex/generic/pgf/modules/pgfmodulematrix.code.tex
File: pgfmodulematrix.code.tex 2013/09/17  (rcs-revision 1.8)
\pgfmatrixcurrentrow=\count119
\pgfmatrixcurrentcolumn=\count120
\pgf@matrix@numberofcolumns=\count121
)
\tikz@expandcount=\count122

(/usr/share/texlive/texmf-dist/tex/generic/pgf/frontendlayer/tikz/libraries/tik
zlibrarytopaths.code.tex
File: tikzlibrarytopaths.code.tex 2008/06/17 v3.0.1a (rcs-revision 1.2)
)))
(/usr/share/texlive/texmf-dist/tex/latex/jknapltx/mathrsfs.sty
Package: mathrsfs 1996/01/01 Math RSFS package v1.0 (jk)
\symrsfs=\mathgroup7
)
(/usr/share/texlive/texmf-dist/tex/generic/pgf/frontendlayer/tikz/libraries/tik
zlibraryarrows.code.tex
File: tikzlibraryarrows.code.tex 2008/01/09 v3.0.1a (rcs-revision 1.1)

(/usr/share/texlive/texmf-dist/tex/generic/pgf/libraries/pgflibraryarrows.code.
tex
File: pgflibraryarrows.code.tex 2013/09/23 v3.0.1a (rcs-revision 1.16)
\arrowsize=\dimen169
)) (/usr/share/texlive/texmf-dist/tex/latex/natbib/natbib.sty
Package: natbib 2010/09/13 8.31b (PWD, AO)
\bibhang=\skip54
\bibsep=\skip55
LaTeX Info: Redefining \cite on input line 694.
\c@NAT@ctr=\count123
)
(/usr/share/texlive/texmf-dist/tex/latex/multirow/multirow.sty
Package: multirow 2016/11/25 v2.2 Span multiple rows of a table
\multirow@colwidth=\skip56
\multirow@cntb=\count124
\multirow@dima=\skip57
\bigstrutjot=\dimen170
)
(/usr/share/texlive/texmf-dist/tex/latex/caption/caption.sty
Package: caption 2016/02/21 v3.3-144 Customizing captions (AR)

(/usr/share/texlive/texmf-dist/tex/latex/caption/caption3.sty
Package: caption3 2016/05/22 v1.7-166 caption3 kernel (AR)
Package caption3 Info: TeX engine: e-TeX on input line 67.
\captionmargin=\dimen171
\captionmargin@=\dimen172
\captionwidth=\dimen173
\caption@tempdima=\dimen174
\caption@indent=\dimen175
\caption@parindent=\dimen176
\caption@hangindent=\dimen177
)
\c@ContinuedFloat=\count125
)
(/usr/share/texlive/texmf-dist/tex/latex/caption/subcaption.sty
Package: subcaption 2016/05/22 v1.1-161 Sub-captions (AR)
\c@subfigure=\count126
\c@subtable=\count127
)
(/usr/share/texlive/texmf-dist/tex/latex/float/float.sty
Package: float 2001/11/08 v1.3d Float enhancements (AL)
\c@float@type=\count128
\float@exts=\toks40
\float@box=\box39
\@float@everytoks=\toks41
\@floatcapt=\box40
)
(/usr/share/texlive/texmf-dist/tex/latex/hyperref/hyperref.sty
Package: hyperref 2016/06/24 v6.83q Hypertext links for LaTeX

(/usr/share/texlive/texmf-dist/tex/generic/oberdiek/hobsub-hyperref.sty
Package: hobsub-hyperref 2016/05/16 v1.14 Bundle oberdiek, subset hyperref (HO)


(/usr/share/texlive/texmf-dist/tex/generic/oberdiek/hobsub-generic.sty
Package: hobsub-generic 2016/05/16 v1.14 Bundle oberdiek, subset generic (HO)
Package: hobsub 2016/05/16 v1.14 Construct package bundles (HO)
Package hobsub Info: Skipping package `infwarerr' (already loaded).
Package hobsub Info: Skipping package `ltxcmds' (already loaded).
Package: ifluatex 2016/05/16 v1.4 Provides the ifluatex switch (HO)
Package ifluatex Info: LuaTeX not detected.
Package: ifvtex 2016/05/16 v1.6 Detect VTeX and its facilities (HO)
Package ifvtex Info: VTeX not detected.
Package: intcalc 2016/05/16 v1.2 Expandable calculations with integers (HO)
Package: ifpdf 2016/05/14 v3.1 Provides the ifpdf switch
Package: etexcmds 2016/05/16 v1.6 Avoid name clashes with e-TeX commands (HO)
Package etexcmds Info: Could not find \expanded.
(etexcmds)             That can mean that you are not using pdfTeX 1.50 or
(etexcmds)             that some package has redefined \expanded.
(etexcmds)             In the latter case, load this package earlier.
Package: kvsetkeys 2016/05/16 v1.17 Key value parser (HO)
Package: kvdefinekeys 2016/05/16 v1.4 Define keys (HO)
Package: pdftexcmds 2016/05/21 v0.22 Utility functions of pdfTeX for LuaTeX (HO
)
Package pdftexcmds Info: LuaTeX not detected.
Package pdftexcmds Info: \pdf@primitive is available.
Package pdftexcmds Info: \pdf@ifprimitive is available.
Package pdftexcmds Info: \pdfdraftmode found.
Package: pdfescape 2016/05/16 v1.14 Implements pdfTeX's escape features (HO)
Package: bigintcalc 2016/05/16 v1.4 Expandable calculations on big integers (HO
)
Package: bitset 2016/05/16 v1.2 Handle bit-vector datatype (HO)
Package: uniquecounter 2016/05/16 v1.3 Provide unlimited unique counter (HO)
)
Package hobsub Info: Skipping package `hobsub' (already loaded).
Package: letltxmacro 2016/05/16 v1.5 Let assignment for LaTeX macros (HO)
Package: hopatch 2016/05/16 v1.3 Wrapper for package hooks (HO)
Package: xcolor-patch 2016/05/16 xcolor patch
Package: atveryend 2016/05/16 v1.9 Hooks at the very end of document (HO)
Package atveryend Info: \enddocument detected (standard20110627).
Package: atbegshi 2016/06/09 v1.18 At begin shipout hook (HO)
Package: refcount 2016/05/16 v3.5 Data extraction from label references (HO)
Package: hycolor 2016/05/16 v1.8 Color options for hyperref/bookmark (HO)
)
(/usr/share/texlive/texmf-dist/tex/generic/ifxetex/ifxetex.sty
Package: ifxetex 2010/09/12 v0.6 Provides ifxetex conditional
)
(/usr/share/texlive/texmf-dist/tex/latex/oberdiek/auxhook.sty
Package: auxhook 2016/05/16 v1.4 Hooks for auxiliary files (HO)
)
(/usr/share/texlive/texmf-dist/tex/latex/oberdiek/kvoptions.sty
Package: kvoptions 2016/05/16 v3.12 Key value format for package options (HO)
)
\@linkdim=\dimen178
\Hy@linkcounter=\count129
\Hy@pagecounter=\count130

(/usr/share/texlive/texmf-dist/tex/latex/hyperref/pd1enc.def
File: pd1enc.def 2016/06/24 v6.83q Hyperref: PDFDocEncoding definition (HO)
Now handling font encoding PD1 ...
... no UTF-8 mapping file for font encoding PD1
)
\Hy@SavedSpaceFactor=\count131

(/usr/share/texlive/texmf-dist/tex/latex/latexconfig/hyperref.cfg
File: hyperref.cfg 2002/06/06 v1.2 hyperref configuration of TeXLive
)

Package hyperref Warning: Option `a4paper' is no longer used.

Package hyperref Info: Option `colorlinks' set `true' on input line 4362.
Package hyperref Info: Hyper figures OFF on input line 4486.
Package hyperref Info: Link nesting OFF on input line 4491.
Package hyperref Info: Hyper index ON on input line 4494.
Package hyperref Info: Plain pages OFF on input line 4501.
Package hyperref Info: Backreferencing OFF on input line 4506.
Package hyperref Info: Implicit mode ON; LaTeX internals redefined.
Package hyperref Info: Bookmarks ON on input line 4735.
\c@Hy@tempcnt=\count132
(/usr/share/texlive/texmf-dist/tex/latex/url/url.sty
\Urlmuskip=\muskip11
Package: url 2013/09/16  ver 3.4  Verb mode for urls, etc.
)
LaTeX Info: Redefining \url on input line 5088.
\XeTeXLinkMargin=\dimen179
\Fld@menulength=\count133
\Field@Width=\dimen180
\Fld@charsize=\dimen181
Package hyperref Info: Hyper figures OFF on input line 6342.
Package hyperref Info: Link nesting OFF on input line 6347.
Package hyperref Info: Hyper index ON on input line 6350.
Package hyperref Info: backreferencing OFF on input line 6357.
Package hyperref Info: Link coloring ON on input line 6360.
Package hyperref Info: Link coloring with OCG OFF on input line 6367.
Package hyperref Info: PDF/A mode OFF on input line 6372.
LaTeX Info: Redefining \ref on input line 6412.
LaTeX Info: Redefining \pageref on input line 6416.
\Hy@abspage=\count134
\c@Item=\count135
\c@Hfootnote=\count136
)

Package hyperref Message: Driver: hpdftex.

(/usr/share/texlive/texmf-dist/tex/latex/hyperref/hpdftex.def
File: hpdftex.def 2016/06/24 v6.83q Hyperref driver for pdfTeX
\Fld@listcount=\count137
\c@bookmark@seq@number=\count138

(/usr/share/texlive/texmf-dist/tex/latex/oberdiek/rerunfilecheck.sty
Package: rerunfilecheck 2016/05/16 v1.8 Rerun checks for auxiliary files (HO)
Package uniquecounter Info: New unique counter `rerunfilecheck' on input line 2
82.
)
\Hy@SectionHShift=\skip58
)
(/usr/share/texlive/texmf-dist/tex/latex/moreverb/moreverb.sty
Package: moreverb 2008/06/03 v2.3a `more' verbatim facilities

(/usr/share/texlive/texmf-dist/tex/latex/tools/verbatim.sty
Package: verbatim 2014/10/28 v1.5q LaTeX2e package for verbatim enhancements
\every@verbatim=\toks42
\verbatim@line=\toks43
\verbatim@in@stream=\read2
)
\tab@position=\count139
\tab@size=\count140
\listing@line=\count141
)
(/usr/share/texlive/texmf-dist/tex/latex/tools/enumerate.sty
Package: enumerate 2015/07/23 v3.00 enumerate extensions (DPC)
\@enLab=\toks44
)
\c@thm=\count142
\c@defn=\count143
\c@exa=\count144
\c@prop=\count145
\c@cor=\count146

(./technical-report.aux

LaTeX Warning: Label `' multiply defined.


LaTeX Warning: Label `sub@' multiply defined.


LaTeX Warning: Label `' multiply defined.


LaTeX Warning: Label `sub@' multiply defined.


LaTeX Warning: Label `' multiply defined.


LaTeX Warning: Label `sub@' multiply defined.


LaTeX Warning: Label `prop1' multiply defined.


LaTeX Warning: Label `tablecomponentsg1' multiply defined.


LaTeX Warning: Label `weighted3' multiply defined.


LaTeX Warning: Label `' multiply defined.


LaTeX Warning: Label `' multiply defined.


LaTeX Warning: Label `' multiply defined.


LaTeX Warning: Label `zeta-laplace' multiply defined.


LaTeX Warning: Label `sub@zeta-laplace' multiply defined.


LaTeX Warning: Label `zeta-mellin' multiply defined.


LaTeX Warning: Label `sub@zeta-mellin' multiply defined.


LaTeX Warning: Label `' multiply defined.


LaTeX Warning: Label `' multiply defined.


LaTeX Warning: Label `completeL1' multiply defined.


LaTeX Warning: Label `sub@completeL1' multiply defined.


LaTeX Warning: Label `completeMellins3' multiply defined.


LaTeX Warning: Label `sub@completeMellins3' multiply defined.


LaTeX Warning: Label `' multiply defined.


LaTeX Warning: Label `' multiply defined.

)
\openout1 = `technical-report.aux'.

LaTeX Font Info:    Checking defaults for OML/cmm/m/it on input line 57.
LaTeX Font Info:    ... okay on input line 57.
LaTeX Font Info:    Checking defaults for T1/cmr/m/n on input line 57.
LaTeX Font Info:    ... okay on input line 57.
LaTeX Font Info:    Checking defaults for OT1/cmr/m/n on input line 57.
LaTeX Font Info:    ... okay on input line 57.
LaTeX Font Info:    Checking defaults for OMS/cmsy/m/n on input line 57.
LaTeX Font Info:    ... okay on input line 57.
LaTeX Font Info:    Checking defaults for OMX/cmex/m/n on input line 57.
LaTeX Font Info:    ... okay on input line 57.
LaTeX Font Info:    Checking defaults for U/cmr/m/n on input line 57.
LaTeX Font Info:    ... okay on input line 57.
LaTeX Font Info:    Checking defaults for PD1/pdf/m/n on input line 57.
LaTeX Font Info:    ... okay on input line 57.
 ABD: EveryShipout initializing macros
(/usr/share/texlive/texmf-dist/tex/context/base/mkii/supp-pdf.mkii
[Loading MPS to PDF converter (version 2006.09.02).]
\scratchcounter=\count147
\scratchdimen=\dimen182
\scratchbox=\box41
\nofMPsegments=\count148
\nofMParguments=\count149
\everyMPshowfont=\toks45
\MPscratchCnt=\count150
\MPscratchDim=\dimen183
\MPnumerator=\count151
\makeMPintoPDFobject=\count152
\everyMPtoPDFconversion=\toks46
) (/usr/share/texlive/texmf-dist/tex/latex/oberdiek/epstopdf-base.sty
Package: epstopdf-base 2016/05/15 v2.6 Base part for package epstopdf

(/usr/share/texlive/texmf-dist/tex/latex/oberdiek/grfext.sty
Package: grfext 2016/05/16 v1.2 Manage graphics extensions (HO)
)
Package epstopdf-base Info: Redefining graphics rule for `.eps' on input line 4
38.
Package grfext Info: Graphics extension search list:
(grfext)             [.png,.pdf,.jpg,.mps,.jpeg,.jbig2,.jb2,.PNG,.PDF,.JPG,.JPE
G,.JBIG2,.JB2,.eps]
(grfext)             \AppendGraphicsExtensions on input line 456.

(/usr/share/texlive/texmf-dist/tex/latex/latexconfig/epstopdf-sys.cfg
File: epstopdf-sys.cfg 2010/07/13 v1.3 Configuration of (r)epstopdf for TeX Liv
e
))
Package caption Info: Begin \AtBeginDocument code.
Package caption Info: float package is loaded.
Package caption Info: hyperref package is loaded.
Package caption Info: End \AtBeginDocument code.
\AtBeginShipoutBox=\box42
Package hyperref Info: Link coloring ON on input line 57.

(/usr/share/texlive/texmf-dist/tex/latex/hyperref/nameref.sty
Package: nameref 2016/05/21 v2.44 Cross-referencing by name of section

(/usr/share/texlive/texmf-dist/tex/generic/oberdiek/gettitlestring.sty
Package: gettitlestring 2016/05/16 v1.5 Cleanup title references (HO)
)
\c@section@level=\count153
)
LaTeX Info: Redefining \ref on input line 57.
LaTeX Info: Redefining \pageref on input line 57.
LaTeX Info: Redefining \nameref on input line 57.

(./technical-report.out) (./technical-report.out)
\@outlinefile=\write4
\openout4 = `technical-report.out'.

LaTeX Font Info:    Try loading font information for U+msa on input line 59.

(/usr/share/texlive/texmf-dist/tex/latex/amsfonts/umsa.fd
File: umsa.fd 2013/01/14 v3.01 AMS symbols A
)
LaTeX Font Info:    Try loading font information for U+msb on input line 59.

(/usr/share/texlive/texmf-dist/tex/latex/amsfonts/umsb.fd
File: umsb.fd 2013/01/14 v3.01 AMS symbols B
)
LaTeX Font Info:    Try loading font information for U+lasy on input line 59.

(/usr/share/texlive/texmf-dist/tex/latex/base/ulasy.fd
File: ulasy.fd 1998/08/17 v2.2e LaTeX symbol font definitions
)
LaTeX Font Info:    Try loading font information for U+rsfs on input line 59.

(/usr/share/texlive/texmf-dist/tex/latex/jknapltx/ursfs.fd
File: ursfs.fd 1998/03/24 rsfs font definition file (jk)
)

LaTeX Warning: No \author given.

[1

{/var/lib/texmf/fonts/map/pdftex/updmap/pdftex.map}] [2] [3] [4]

Package natbib Warning: Citation `euler1976solution;euler1953leonhard' on page 
5 undefined on input line 176.

[5] <images/social-network_3.png, id=446, 602.25pt x 360.34625pt>
File: images/social-network_3.png Graphic file (type png)

<use images/social-network_3.png>
Package pdftex.def Info: images/social-network_3.png used on input line 213.
(pdftex.def)             Requested size: 181.18439pt x 108.40712pt.

<images/citation.jpg, id=447, 501.875pt x 362.35374pt>
File: images/citation.jpg Graphic file (type jpg)

<use images/citation.jpg>
Package pdftex.def Info: images/citation.jpg used on input line 219.
(pdftex.def)             Requested size: 181.18439pt x 130.81769pt.

<images/foodweb.jpeg, id=448, 445.665pt x 319.1925pt>
File: images/foodweb.jpeg Graphic file (type jpg)

<use images/foodweb.jpeg>
Package pdftex.def Info: images/foodweb.jpeg used on input line 225.
(pdftex.def)             Requested size: 181.18439pt x 129.76903pt.

<images/computer-2.png, id=449, 1075.01625pt x 727.71875pt>
File: images/computer-2.png Graphic file (type png)

<use images/computer-2.png>
Package pdftex.def Info: images/computer-2.png used on input line 231.
(pdftex.def)             Requested size: 181.18439pt x 122.64455pt.
 [6 <./images/social-network_3.png (PNG copy)> <./images/citation.jpg> <./image
s/foodweb.jpeg> <./images/computer-2.png>] [7]
<images/laplace-graph.pdf, id=514, 34.1275pt x 34.1275pt>
File: images/laplace-graph.pdf Graphic file (type pdf)

<use images/laplace-graph.pdf>
Package pdftex.def Info: images/laplace-graph.pdf used on input line 346.
(pdftex.def)             Requested size: 108.71478pt x 108.72223pt.
 [8 <./images/laplace-graph.pdf>]
LaTeX Font Info:    Try loading font information for OMS+cmr on input line 430.


(/usr/share/texlive/texmf-dist/tex/latex/base/omscmr.fd
File: omscmr.fd 2014/09/29 v2.5h Standard LaTeX font definitions
)
LaTeX Font Info:    Font shape `OMS/cmr/m/n' in size <10> not available
(Font)              Font shape `OMS/cmsy/m/n' tried instead on input line 430.

Underfull \hbox (badness 10000) in paragraph at lines 446--447

 []

<images/cluster-graph.pdf, id=553, 31.11626pt x 26.0975pt>
File: images/cluster-graph.pdf Graphic file (type pdf)

<use images/cluster-graph.pdf>
Package pdftex.def Info: images/cluster-graph.pdf used on input line 466.
(pdftex.def)             Requested size: 95.1263pt x 79.80072pt.

<images/partitions-graph.pdf, id=554, 42.1575pt x 25.09375pt>
File: images/partitions-graph.pdf Graphic file (type pdf)

<use images/partitions-graph.pdf>
Package pdftex.def Info: images/partitions-graph.pdf used on input line 471.
(pdftex.def)             Requested size: 126.83044pt x 75.4962pt.


LaTeX Warning: `!h' float specifier changed to `!ht'.

[9] [10 <./images/cluster-graph.pdf> <./images/partitions-graph.pdf>] [11]
[12]
LaTeX Font Info:    Font shape `U/lasy/b/n' in size <7> not available
(Font)              Font shape `U/lasy/m/n' tried instead on input line 631.
LaTeX Font Info:    Font shape `U/lasy/b/n' in size <5> not available
(Font)              Font shape `U/lasy/m/n' tried instead on input line 631.
 [13] <images/diffusion-graph.pdf, id=672, 53.19875pt x 34.1275pt>
File: images/diffusion-graph.pdf Graphic file (type pdf)

<use images/diffusion-graph.pdf>
Package pdftex.def Info: images/diffusion-graph.pdf used on input line 668.
(pdftex.def)             Requested size: 131.35764pt x 84.28429pt.

<images/Diffusion-on-network-new.png, id=673, 561.09625pt x 383.4325pt>
File: images/Diffusion-on-network-new.png Graphic file (type png)

<use images/Diffusion-on-network-new.png>
Package pdftex.def Info: images/Diffusion-on-network-new.png used on input line
 673.
(pdftex.def)             Requested size: 203.83417pt x 139.28764pt.
 [14 <./images/diffusion-graph.pdf> <./images/Diffusion-on-network-new.png>]
<images/barabasi-x0.png, id=698, 563.10374pt x 382.42876pt>
File: images/barabasi-x0.png Graphic file (type png)

<use images/barabasi-x0.png>
Package pdftex.def Info: images/barabasi-x0.png used on input line 692.
(pdftex.def)             Requested size: 203.83417pt x 138.43283pt.

<images/erdos-x0.png, id=699, 557.08125pt x 370.38374pt>
File: images/erdos-x0.png Graphic file (type png)

<use images/erdos-x0.png>
Package pdftex.def Info: images/erdos-x0.png used on input line 697.
(pdftex.def)             Requested size: 203.83417pt x 135.51955pt.

<images/barabasi-x02.png, id=700, 571.13374pt x 380.42125pt>
File: images/barabasi-x02.png Graphic file (type png)

<use images/barabasi-x02.png>
Package pdftex.def Info: images/barabasi-x02.png used on input line 702.
(pdftex.def)             Requested size: 203.83417pt x 135.76736pt.

<images/erdos-x02.png, id=701, 543.02875pt x 377.41pt>
File: images/erdos-x02.png Graphic file (type png)

<use images/erdos-x02.png>
Package pdftex.def Info: images/erdos-x02.png used on input line 707.
(pdftex.def)             Requested size: 203.83417pt x 141.66661pt.

<images/barabasi-x04.png, id=702, 574.145pt x 377.41pt>
File: images/barabasi-x04.png Graphic file (type png)

<use images/barabasi-x04.png>
Package pdftex.def Info: images/barabasi-x04.png used on input line 712.
(pdftex.def)             Requested size: 203.83417pt x 133.98436pt.

<images/erdos-x04.png, id=703, 545.03625pt x 372.39125pt>
File: images/erdos-x04.png Graphic file (type png)

<use images/erdos-x04.png>
Package pdftex.def Info: images/erdos-x04.png used on input line 717.
(pdftex.def)             Requested size: 203.83417pt x 139.26566pt.
 [15 <./images/barabasi-x0.png> <./images/erdos-x0.png> <./images/barabasi-x02.
png> <./images/erdos-x02.png> <./images/barabasi-x04.png> <./images/erdos-x04.p
ng>]
<images/quantity-time-exponents-x0.png, id=728, 551.05875pt x 359.3425pt>
File: images/quantity-time-exponents-x0.png Graphic file (type png)

<use images/quantity-time-exponents-x0.png>
Package pdftex.def Info: images/quantity-time-exponents-x0.png used on input li
ne 734.
(pdftex.def)             Requested size: 144.95303pt x 94.52347pt.

<images/quantity-time-exponents-x01.png, id=729, 545.03625pt x 363.3575pt>
File: images/quantity-time-exponents-x01.png Graphic file (type png)

<use images/quantity-time-exponents-x01.png>
Package pdftex.def Info: images/quantity-time-exponents-x01.png used on input l
ine 739.
(pdftex.def)             Requested size: 144.95303pt x 96.63303pt.

<images/quantity-time-exponents-x03.png, id=730, 474.77374pt x 309.155pt>
File: images/quantity-time-exponents-x03.png Graphic file (type png)

<use images/quantity-time-exponents-x03.png>
Package pdftex.def Info: images/quantity-time-exponents-x03.png used on input l
ine 744.
(pdftex.def)             Requested size: 144.95303pt x 94.38884pt.

<images/legend-gamma.png, id=731, 777.90625pt x 63.23625pt>
File: images/legend-gamma.png Graphic file (type png)

<use images/legend-gamma.png>
Package pdftex.def Info: images/legend-gamma.png used on input line 749.
(pdftex.def)             Requested size: 362.37569pt x 29.45857pt.

<images/Barabasi-highest-degree.png, id=732, 540.0175pt x 346.29375pt>
File: images/Barabasi-highest-degree.png Graphic file (type png)

<use images/Barabasi-highest-degree.png>
Package pdftex.def Info: images/Barabasi-highest-degree.png used on input line 
761.
(pdftex.def)             Requested size: 203.83417pt x 130.71056pt.

<images/E-R-largest.png, id=733, 554.07pt x 354.32375pt>
File: images/E-R-largest.png Graphic file (type png)

<use images/E-R-largest.png>
Package pdftex.def Info: images/E-R-largest.png used on input line 766.
(pdftex.def)             Requested size: 203.83417pt x 130.35162pt.

<images/barabasi-random-selection.png, id=734, 548.0475pt x 347.2975pt>
File: images/barabasi-random-selection.png Graphic file (type png)

<use images/barabasi-random-selection.png>
Package pdftex.def Info: images/barabasi-random-selection.png used on input lin
e 771.
(pdftex.def)             Requested size: 203.83417pt x 129.17107pt.

<images/E-R-random.png, id=735, 538.01pt x 347.2975pt>
File: images/E-R-random.png Graphic file (type png)

<use images/E-R-random.png>
Package pdftex.def Info: images/E-R-random.png used on input line 776.
(pdftex.def)             Requested size: 203.83417pt x 131.57697pt.
 [16 <./images/quantity-time-exponents-x0.png> <./images/quantity-time-exponent
s-x01.png> <./images/quantity-time-exponents-x03.png> <./images/legend-gamma.pn
g>] [17 <./images/Barabasi-highest-degree.png> <./images/E-R-largest.png> <./im
ages/barabasi-random-selection.png> <./images/E-R-random.png>] [18] <images/bal
anceDigraph.pdf, id=780, 182.6825pt x 111.41624pt>
File: images/balanceDigraph.pdf Graphic file (type pdf)

<use images/balanceDigraph.pdf>
Package pdftex.def Info: images/balanceDigraph.pdf used on input line 862.
(pdftex.def)             Requested size: 181.18439pt x 110.50812pt.

<images/Balanced-digraph-diffusion.png, id=781, 547.04375pt x 351.3125pt>
File: images/Balanced-digraph-diffusion.png Graphic file (type png)

<use images/Balanced-digraph-diffusion.png>
Package pdftex.def Info: images/Balanced-digraph-diffusion.png used on input li
ne 867.
(pdftex.def)             Requested size: 226.48395pt x 145.44888pt.

<images/UnbalanceDigraph.pdf, id=782, 182.6825pt x 111.41624pt>
File: images/UnbalanceDigraph.pdf Graphic file (type pdf)

<use images/UnbalanceDigraph.pdf>
Package pdftex.def Info: images/UnbalanceDigraph.pdf used on input line 872.
(pdftex.def)             Requested size: 181.18439pt x 110.50812pt.

<images/non-balnceddigraph-difusion.png, id=783, 544.0325pt x 361.35pt>
File: images/non-balnceddigraph-difusion.png Graphic file (type png)

<use images/non-balnceddigraph-difusion.png>
Package pdftex.def Info: images/non-balnceddigraph-difusion.png used on input l
ine 877.
(pdftex.def)             Requested size: 226.48395pt x 150.43164pt.
 [19] [20 <./images/balanceDigraph.pdf> <./images/Balanced-digraph-diffusion.pn
g> <./images/UnbalanceDigraph.pdf> <./images/non-balnceddigraph-difusion.png>]

Package hyperref Warning: Difference (2) between bookmark levels is greater 
(hyperref)                than one, level fixed on input line 935.


Package hyperref Warning: Token not allowed in a PDF string (PDFDocEncoding):
(hyperref)                removing `math shift' on input line 935.


Package hyperref Warning: Token not allowed in a PDF string (PDFDocEncoding):
(hyperref)                removing `subscript' on input line 935.


Package hyperref Warning: Token not allowed in a PDF string (PDFDocEncoding):
(hyperref)                removing `math shift' on input line 935.

<images/nodecharge1.png, id=825, 320.19624pt x 139.52126pt>
File: images/nodecharge1.png Graphic file (type png)

<use images/nodecharge1.png>
Package pdftex.def Info: images/nodecharge1.png used on input line 942.
(pdftex.def)             Requested size: 135.89174pt x 59.21378pt.

<images/nodecharge11.png, id=826, 320.19624pt x 155.58125pt>
File: images/nodecharge11.png Graphic file (type png)

<use images/nodecharge11.png>
Package pdftex.def Info: images/nodecharge11.png used on input line 947.
(pdftex.def)             Requested size: 135.89174pt x 66.02974pt.

<images/nodecharge2.png, id=827, 338.26375pt x 139.52126pt>
File: images/nodecharge2.png Graphic file (type png)

<use images/nodecharge2.png>
Package pdftex.def Info: images/nodecharge2.png used on input line 952.
(pdftex.def)             Requested size: 135.89174pt x 56.05232pt.


LaTeX Warning: Hyper reference `polarity1' on page 21 undefined on input line 9
56.


LaTeX Warning: Reference `sub@polarity1' on page 21 undefined on input line 956
.


LaTeX Warning: Hyper reference `polarity1' on page 21 undefined on input line 9
56.


LaTeX Warning: Reference `sub@polarity1' on page 21 undefined on input line 956
.

File: images/nodecharge1.png Graphic file (type png)
<use images/nodecharge1.png>
Package pdftex.def Info: images/nodecharge1.png used on input line 964.
(pdftex.def)             Requested size: 135.89174pt x 59.21378pt.

<images/nodecharge41.png, id=832, 320.19624pt x 151.56625pt>
File: images/nodecharge41.png Graphic file (type png)

<use images/nodecharge41.png>
Package pdftex.def Info: images/nodecharge41.png used on input line 969.
(pdftex.def)             Requested size: 135.89174pt x 64.32576pt.

<images/nodecharge4.png, id=833, 324.21124pt x 151.56625pt>
File: images/nodecharge4.png Graphic file (type png)

<use images/nodecharge4.png>
Package pdftex.def Info: images/nodecharge4.png used on input line 974.
(pdftex.def)             Requested size: 135.89174pt x 63.52786pt.

Underfull \hbox (badness 10000) in paragraph at lines 981--982

 []

[21 <./images/nodecharge1.png (PNG copy)> <./images/nodecharge11.png (PNG copy)
> <./images/nodecharge2.png (PNG copy)> <./images/nodecharge41.png (PNG copy)> 
<./images/nodecharge4.png (PNG copy)>]
Underfull \hbox (badness 10000) in paragraph at lines 983--984

 []


Underfull \hbox (badness 10000) in paragraph at lines 988--989

 []


Underfull \hbox (badness 10000) in paragraph at lines 997--999

 []

<images/compute-spanning.pdf, id=849, 31.11626pt x 21.07875pt>
File: images/compute-spanning.pdf Graphic file (type pdf)

<use images/compute-spanning.pdf>
Package pdftex.def Info: images/compute-spanning.pdf used on input line 1006.
(pdftex.def)             Requested size: 113.24197pt x 76.72893pt.

Underfull \hbox (badness 10000) in paragraph at lines 1030--1031

 []

[22 <./images/compute-spanning.pdf>]
Underfull \hbox (badness 10000) in paragraph at lines 1069--1071

 []


Underfull \hbox (badness 10000) in paragraph at lines 1073--1074

 []


Package natbib Warning: Citation `von2007tutorial' on page 23 undefined on inpu
t line 1101.

[23]
Underfull \hbox (badness 10000) in paragraph at lines 1153--1155

 []

<images/centralities-weighted.pdf, id=885, 60.225pt x 36.135pt>
File: images/centralities-weighted.pdf Graphic file (type pdf)

<use images/centralities-weighted.pdf>
Package pdftex.def Info: images/centralities-weighted.pdf used on input line 11
61.
(pdftex.def)             Requested size: 158.54152pt x 95.13417pt.


LaTeX Warning: `!h' float specifier changed to `!ht'.


Underfull \hbox (badness 10000) in paragraph at lines 1200--1201

 []

[24 <./images/centralities-weighted.pdf>]
<images/weighted2.png, id=901, 298.11375pt x 236.885pt>
File: images/weighted2.png Graphic file (type png)

<use images/weighted2.png>
Package pdftex.def Info: images/weighted2.png used on input line 1208.
(pdftex.def)             Requested size: 158.54152pt x 125.97858pt.

<images/weighted3.png, id=905, 220.825pt x 146.5475pt>
File: images/weighted3.png Graphic file (type png)

<use images/weighted3.png>
Package pdftex.def Info: images/weighted3.png used on input line 1242.
(pdftex.def)             Requested size: 226.48395pt x 150.31052pt.


LaTeX Warning: `!h' float specifier changed to `!ht'.

[25 <./images/weighted2.png (PNG copy)>] [26 <./images/weighted3.png (PNG copy)
>]
Underfull \hbox (badness 10000) in paragraph at lines 1308--1310

 []


Underfull \hbox (badness 10000) in paragraph at lines 1311--1312

 []


Underfull \hbox (badness 10000) in paragraph at lines 1316--1317

 []

<images/Star-network-eigenplot.png, id=930, 556.0775pt x 349.305pt>
File: images/Star-network-eigenplot.png Graphic file (type png)

<use images/Star-network-eigenplot.png>
Package pdftex.def Info: images/Star-network-eigenplot.png used on input line 1
322.
(pdftex.def)             Requested size: 203.83417pt x 128.04158pt.

<images/Path-network-eigenplot.png, id=931, 471.7625pt x 298.11375pt>
File: images/Path-network-eigenplot.png Graphic file (type png)

<use images/Path-network-eigenplot.png>
Package pdftex.def Info: images/Path-network-eigenplot.png used on input line 1
327.
(pdftex.def)             Requested size: 203.83417pt x 128.80505pt.

<images/legend-eigenvalues.png, id=932, 770.88pt x 62.2325pt>
File: images/legend-eigenvalues.png Graphic file (type png)

<use images/legend-eigenvalues.png>
Package pdftex.def Info: images/legend-eigenvalues.png used on input line 1332.

(pdftex.def)             Requested size: 385.02547pt x 31.08199pt.
 [27 <./images/Star-network-eigenplot.png> <./images/Path-network-eigenplot.png
> <./images/legend-eigenvalues.png>]
[28] <images/BA-lam1-laplace.png, id=972, 433.62pt x 290.08376pt>
File: images/BA-lam1-laplace.png Graphic file (type png)

<use images/BA-lam1-laplace.png>
Package pdftex.def Info: images/BA-lam1-laplace.png used on input line 1394.
(pdftex.def)             Requested size: 203.83417pt x 136.36151pt.

<images/ER-lam1-laplace.png, id=973, 407.5225pt x 286.06876pt>
File: images/ER-lam1-laplace.png Graphic file (type png)

<use images/ER-lam1-laplace.png>
Package pdftex.def Info: images/ER-lam1-laplace.png used on input line 1399.
(pdftex.def)             Requested size: 203.83417pt x 143.0864pt.

<images/BA-lam2-laplace.png, id=974, 434.62375pt x 296.10625pt>
File: images/BA-lam2-laplace.png Graphic file (type png)

<use images/BA-lam2-laplace.png>
Package pdftex.def Info: images/BA-lam2-laplace.png used on input line 1404.
(pdftex.def)             Requested size: 203.83417pt x 138.87175pt.

<images/ER-lam2-laplace.png, id=975, 399.4925pt x 294.09875pt>
File: images/ER-lam2-laplace.png Graphic file (type png)

<use images/ER-lam2-laplace.png>
Package pdftex.def Info: images/ER-lam2-laplace.png used on input line 1409.
(pdftex.def)             Requested size: 203.83417pt x 150.06017pt.

<images/BA-lam3-laplace.png, id=976, 425.59pt x 304.13625pt>
File: images/BA-lam3-laplace.png Graphic file (type png)

<use images/BA-lam3-laplace.png>
Package pdftex.def Info: images/BA-lam3-laplace.png used on input line 1414.
(pdftex.def)             Requested size: 203.83417pt x 145.66817pt.
File: images/BA-lam3-laplace.png Graphic file (type png)
 <use images/BA-lam3-laplace.png>
Package pdftex.def Info: images/BA-lam3-laplace.png used on input line 1419.
(pdftex.def)             Requested size: 203.83417pt x 145.66817pt.
 [29] [30 <./images/BA-lam1-laplace.png> <./images/ER-lam1-laplace.png> <./imag
es/BA-lam2-laplace.png> <./images/ER-lam2-laplace.png> <./images/BA-lam3-laplac
e.png>]
[31] [32] <images/kernel-graphs.pdf, id=1042, 281.05pt x 164.615pt>
File: images/kernel-graphs.pdf Graphic file (type pdf)

<use images/kernel-graphs.pdf>
Package pdftex.def Info: images/kernel-graphs.pdf used on input line 1556.
(pdftex.def)             Requested size: 203.83417pt x 119.38928pt.

<images/Trace-kernel-plot.png, id=1043, 558.085pt x 367.3725pt>
File: images/Trace-kernel-plot.png Graphic file (type png)

<use images/Trace-kernel-plot.png>
Package pdftex.def Info: images/Trace-kernel-plot.png used on input line 1561.
(pdftex.def)             Requested size: 203.83417pt x 134.17673pt.

<images/mellin-s-2.png, id=1044, 436.63126pt x 293.095pt>
File: images/mellin-s-2.png Graphic file (type png)

<use images/mellin-s-2.png>
Package pdftex.def Info: images/mellin-s-2.png used on input line 1566.
(pdftex.def)             Requested size: 203.83417pt x 136.82443pt.

<images/mellin-s-3.png, id=1045, 438.63875pt x 295.1025pt>
File: images/mellin-s-3.png Graphic file (type png)

<use images/mellin-s-3.png>
Package pdftex.def Info: images/mellin-s-3.png used on input line 1571.
(pdftex.def)             Requested size: 203.83417pt x 137.13568pt.
 [33] [34 <./images/kernel-graphs.pdf> <./images/Trace-kernel-plot.png> <./imag
es/mellin-s-2.png> <./images/mellin-s-3.png>]
[35] <images/kenel-toymodel.pdf, id=1109, 160.6pt x 113.42375pt>
File: images/kenel-toymodel.pdf Graphic file (type pdf)

<use images/kenel-toymodel.pdf>
Package pdftex.def Info: images/kenel-toymodel.pdf used on input line 1685.
(pdftex.def)             Requested size: 158.54152pt x 111.97313pt.
File: images/diffusion-graph.pdf Graphic file (type pdf)
 <use images/diffusion-graph.pdf>
Package pdftex.def Info: images/diffusion-graph.pdf used on input line 1690.
(pdftex.def)             Requested size: 158.54152pt x 101.72656pt.

<images/model-1-mellin.png, id=1114, 458.71375pt x 303.1325pt>
File: images/model-1-mellin.png Graphic file (type png)

<use images/model-1-mellin.png>
Package pdftex.def Info: images/model-1-mellin.png used on input line 1701.
(pdftex.def)             Requested size: 203.83417pt x 134.70158pt.

<images/model-2-mellin.png, id=1115, 454.69875pt x 295.1025pt>
File: images/model-2-mellin.png Graphic file (type png)

<use images/model-2-mellin.png>
Package pdftex.def Info: images/model-2-mellin.png used on input line 1706.
(pdftex.def)             Requested size: 203.83417pt x 132.29056pt.

<images/model-1-klap.png, id=1116, 447.6725pt x 297.11pt>
File: images/model-1-klap.png Graphic file (type png)

<use images/model-1-klap.png>
Package pdftex.def Info: images/model-1-klap.png used on input line 1713.
(pdftex.def)             Requested size: 203.83417pt x 135.28046pt.

<images/model-2-klap.png, id=1117, 448.67625pt x 305.14pt>
File: images/model-2-klap.png Graphic file (type png)

<use images/model-2-klap.png>
Package pdftex.def Info: images/model-2-klap.png used on input line 1718.
(pdftex.def)             Requested size: 203.83417pt x 138.62473pt.
 [36 <./images/kenel-toymodel.pdf>]
<images/zeta-laplace.png, id=1153, 462.72874pt x 301.125pt>
File: images/zeta-laplace.png Graphic file (type png)

<use images/zeta-laplace.png>
Package pdftex.def Info: images/zeta-laplace.png used on input line 1733.
(pdftex.def)             Requested size: 158.54152pt x 103.17143pt.

<images/zeta-mellin.png, id=1154, 454.69875pt x 303.1325pt>
File: images/zeta-mellin.png Graphic file (type png)

<use images/zeta-mellin.png>
Package pdftex.def Info: images/zeta-mellin.png used on input line 1738.
(pdftex.def)             Requested size: 158.54152pt x 105.69554pt.
 [37 <./images/model-1-mellin.png> <./images/model-2-mellin.png> <./images/mode
l-1-klap.png> <./images/model-2-klap.png>]
<images/zeta-laplace2.png, id=1172, 462.72874pt x 294.09875pt>
File: images/zeta-laplace2.png Graphic file (type png)

<use images/zeta-laplace2.png>
Package pdftex.def Info: images/zeta-laplace2.png used on input line 1749.
(pdftex.def)             Requested size: 158.54152pt x 100.7641pt.

<images/zeta-mellin2.png, id=1173, 460.72125pt x 296.10625pt>
File: images/zeta-mellin2.png Graphic file (type png)

<use images/zeta-mellin2.png>
Package pdftex.def Info: images/zeta-mellin2.png used on input line 1754.
(pdftex.def)             Requested size: 158.54152pt x 101.8947pt.

<images/complete_5.pdf, id=1180, 125.46875pt x 113.42375pt>
File: images/complete_5.pdf Graphic file (type pdf)

<use images/complete_5.pdf>
Package pdftex.def Info: images/complete_5.pdf used on input line 1765.
(pdftex.def)             Requested size: 144.95303pt x 131.05241pt.

<images/cycle-khop.pdf, id=1181, 121.45375pt x 134.5025pt>
File: images/cycle-khop.pdf Graphic file (type pdf)

<use images/cycle-khop.pdf>
Package pdftex.def Info: images/cycle-khop.pdf used on input line 1769.
(pdftex.def)             Requested size: 135.89174pt x 150.49193pt.
File: images/kenel-toymodel.pdf Graphic file (type pdf)
 <use images/kenel-toymodel.pdf>
Package pdftex.def Info: images/kenel-toymodel.pdf used on input line 1774.
(pdftex.def)             Requested size: 158.54152pt x 111.97313pt.

<images/G3-khop.pdf, id=1182, 143.53625pt x 114.4275pt>
File: images/G3-khop.pdf Graphic file (type pdf)

<use images/G3-khop.pdf>
Package pdftex.def Info: images/G3-khop.pdf used on input line 1779.
(pdftex.def)             Requested size: 158.54152pt x 126.39268pt.
 <images/G4-khop.pdf, id=1183, 154.5775pt x 140.525pt>
File: images/G4-khop.pdf Graphic file (type pdf)

<use images/G4-khop.pdf>
Package pdftex.def Info: images/G4-khop.pdf used on input line 1784.
(pdftex.def)             Requested size: 158.54152pt x 144.14197pt.
 [38 <./images/zeta-laplace.png> <./images/zeta-mellin.png> <./images/zeta-lapl
ace2.png> <./images/zeta-mellin2.png>]
<images/complete-L1.png, id=1196, 445.665pt x 293.095pt>
File: images/complete-L1.png Graphic file (type png)

<use images/complete-L1.png>
Package pdftex.def Info: images/complete-L1.png used on input line 1795.
(pdftex.def)             Requested size: 203.83417pt x 134.05162pt.

<images/s2-graphcomp.png, id=1197, 447.6725pt x 294.09875pt>
File: images/s2-graphcomp.png Graphic file (type png)

<use images/s2-graphcomp.png>
Package pdftex.def Info: images/s2-graphcomp.png used on input line 1800.
(pdftex.def)             Requested size: 203.83417pt x 133.90936pt.

<images/s3-graphcomp.png, id=1198, 444.66125pt x 291.0875pt>
File: images/s3-graphcomp.png Graphic file (type png)

<use images/s3-graphcomp.png>
Package pdftex.def Info: images/s3-graphcomp.png used on input line 1805.
(pdftex.def)             Requested size: 203.83417pt x 133.43549pt.

<images/s4-graphcomp.png, id=1199, 447.6725pt x 294.09875pt>
File: images/s4-graphcomp.png Graphic file (type png)

<use images/s4-graphcomp.png>
Package pdftex.def Info: images/s4-graphcomp.png used on input line 1810.
(pdftex.def)             Requested size: 203.83417pt x 133.90936pt.
 [39 <./images/complete_5.pdf> <./images/cycle-khop.pdf> <./images/G3-khop.pdf>
 <./images/G4-khop.pdf>]
<images/grid-t0-x0.png, id=1211, 433.62pt x 289.08pt>
File: images/grid-t0-x0.png Graphic file (type png)

<use images/grid-t0-x0.png>
Package pdftex.def Info: images/grid-t0-x0.png used on input line 1828.
(pdftex.def)             Requested size: 113.24197pt x 75.49425pt.

<images/grid-t05-x0.png, id=1212, 433.62pt x 289.08pt>
File: images/grid-t05-x0.png Graphic file (type png)

<use images/grid-t05-x0.png>
Package pdftex.def Info: images/grid-t05-x0.png used on input line 1833.
(pdftex.def)             Requested size: 113.24197pt x 75.49425pt.

<images/grid-t3-x0.png, id=1213, 433.62pt x 289.08pt>
File: images/grid-t3-x0.png Graphic file (type png)

<use images/grid-t3-x0.png>
Package pdftex.def Info: images/grid-t3-x0.png used on input line 1838.
(pdftex.def)             Requested size: 113.24197pt x 75.49425pt.

<images/grid-t5-x0.png, id=1214, 433.62pt x 289.08pt>
File: images/grid-t5-x0.png Graphic file (type png)

<use images/grid-t5-x0.png>
Package pdftex.def Info: images/grid-t5-x0.png used on input line 1843.
(pdftex.def)             Requested size: 113.24197pt x 75.49425pt.

Overfull \hbox (13.33328pt too wide) in paragraph at lines 1827--1847
 [][]  []  []  [] 
 []


LaTeX Warning: `!h' float specifier changed to `!ht'.

<images/grid-t0-x01.png, id=1215, 433.62pt x 289.08pt>
File: images/grid-t0-x01.png Graphic file (type png)

<use images/grid-t0-x01.png>
Package pdftex.def Info: images/grid-t0-x01.png used on input line 1863.
(pdftex.def)             Requested size: 113.24197pt x 75.49425pt.

<images/grid-t05-x01.png, id=1216, 433.62pt x 289.08pt>
File: images/grid-t05-x01.png Graphic file (type png)

<use images/grid-t05-x01.png>
Package pdftex.def Info: images/grid-t05-x01.png used on input line 1868.
(pdftex.def)             Requested size: 113.24197pt x 75.49425pt.

<images/grid-t3-x01.png, id=1217, 433.62pt x 289.08pt>
File: images/grid-t3-x01.png Graphic file (type png)

<use images/grid-t3-x01.png>
Package pdftex.def Info: images/grid-t3-x01.png used on input line 1873.
(pdftex.def)             Requested size: 113.24197pt x 75.49425pt.

<images/grid-t5-x01.png, id=1218, 433.62pt x 289.08pt>
File: images/grid-t5-x01.png Graphic file (type png)

<use images/grid-t5-x01.png>
Package pdftex.def Info: images/grid-t5-x01.png used on input line 1878.
(pdftex.def)             Requested size: 113.24197pt x 75.49425pt.

Overfull \hbox (13.33328pt too wide) in paragraph at lines 1862--1883
 [][]  []  []  [] 
 []


LaTeX Warning: `!h' float specifier changed to `!ht'.

<images/grid-t0-x02.png, id=1219, 433.62pt x 289.08pt>
File: images/grid-t0-x02.png Graphic file (type png)

<use images/grid-t0-x02.png>
Package pdftex.def Info: images/grid-t0-x02.png used on input line 1888.
(pdftex.def)             Requested size: 113.24197pt x 75.49425pt.

<images/grid-t05-x02.png, id=1220, 433.62pt x 289.08pt>
File: images/grid-t05-x02.png Graphic file (type png)

<use images/grid-t05-x02.png>
Package pdftex.def Info: images/grid-t05-x02.png used on input line 1893.
(pdftex.def)             Requested size: 113.24197pt x 75.49425pt.

<images/grid-t3-x02.png, id=1221, 433.62pt x 289.08pt>
File: images/grid-t3-x02.png Graphic file (type png)

<use images/grid-t3-x02.png>
Package pdftex.def Info: images/grid-t3-x02.png used on input line 1898.
(pdftex.def)             Requested size: 113.24197pt x 75.49425pt.

<images/grid-t5-x02.png, id=1222, 433.62pt x 289.08pt>
File: images/grid-t5-x02.png Graphic file (type png)

<use images/grid-t5-x02.png>
Package pdftex.def Info: images/grid-t5-x02.png used on input line 1903.
(pdftex.def)             Requested size: 113.24197pt x 75.49425pt.

Overfull \hbox (13.33328pt too wide) in paragraph at lines 1887--1906
 [][]  []  []  [] 
 []

<images/colour-bar-grid.png, id=1223, 738.76pt x 69.25874pt>
File: images/colour-bar-grid.png Graphic file (type png)

<use images/colour-bar-grid.png>
Package pdftex.def Info: images/colour-bar-grid.png used on input line 1909.
(pdftex.def)             Requested size: 271.7835pt x 25.47948pt.


LaTeX Warning: `!h' float specifier changed to `!ht'.

[40 <./images/complete-L1.png> <./images/s2-graphcomp.png> <./images/s3-graphco
mp.png> <./images/s4-graphcomp.png>]
<images/laplace-x1-t0.png, id=1241, 433.62pt x 289.08pt>
File: images/laplace-x1-t0.png Graphic file (type png)

<use images/laplace-x1-t0.png>
Package pdftex.def Info: images/laplace-x1-t0.png used on input line 1921.
(pdftex.def)             Requested size: 113.24197pt x 75.49425pt.

<images/laplace-x1-t05.png, id=1242, 433.62pt x 289.08pt>
File: images/laplace-x1-t05.png Graphic file (type png)

<use images/laplace-x1-t05.png>
Package pdftex.def Info: images/laplace-x1-t05.png used on input line 1926.
(pdftex.def)             Requested size: 113.24197pt x 75.49425pt.

<images/laplace-x1-t3.png, id=1243, 433.62pt x 289.08pt>
File: images/laplace-x1-t3.png Graphic file (type png)

<use images/laplace-x1-t3.png>
Package pdftex.def Info: images/laplace-x1-t3.png used on input line 1931.
(pdftex.def)             Requested size: 113.24197pt x 75.49425pt.

<images/laplace-x1-t5.png, id=1244, 433.62pt x 289.08pt>
File: images/laplace-x1-t5.png Graphic file (type png)

<use images/laplace-x1-t5.png>
Package pdftex.def Info: images/laplace-x1-t5.png used on input line 1936.
(pdftex.def)             Requested size: 113.24197pt x 75.49425pt.

Overfull \hbox (13.33328pt too wide) in paragraph at lines 1920--1940
 [][]  []  []  [] 
 []


LaTeX Warning: `!h' float specifier changed to `!ht'.

<images/mellin-x2-t0.png, id=1247, 433.62pt x 289.08pt>
File: images/mellin-x2-t0.png Graphic file (type png)

<use images/mellin-x2-t0.png>
Package pdftex.def Info: images/mellin-x2-t0.png used on input line 1947.
(pdftex.def)             Requested size: 113.24197pt x 75.49425pt.

<images/mellin-x2-t05.png, id=1248, 433.62pt x 289.08pt>
File: images/mellin-x2-t05.png Graphic file (type png)

<use images/mellin-x2-t05.png>
Package pdftex.def Info: images/mellin-x2-t05.png used on input line 1952.
(pdftex.def)             Requested size: 113.24197pt x 75.49425pt.

<images/mellin-x2-t3.png, id=1249, 433.62pt x 289.08pt>
File: images/mellin-x2-t3.png Graphic file (type png)

<use images/mellin-x2-t3.png>
Package pdftex.def Info: images/mellin-x2-t3.png used on input line 1957.
(pdftex.def)             Requested size: 113.24197pt x 75.49425pt.

<images/mellin-x2-t5.png, id=1250, 433.62pt x 289.08pt>
File: images/mellin-x2-t5.png Graphic file (type png)

<use images/mellin-x2-t5.png>
Package pdftex.def Info: images/mellin-x2-t5.png used on input line 1962.
(pdftex.def)             Requested size: 113.24197pt x 75.49425pt.

Overfull \hbox (13.33328pt too wide) in paragraph at lines 1946--1966
 [][]  []  []  [] 
 []

<images/mellin-x4-t0.png, id=1251, 433.62pt x 289.08pt>
File: images/mellin-x4-t0.png Graphic file (type png)

<use images/mellin-x4-t0.png>
Package pdftex.def Info: images/mellin-x4-t0.png used on input line 1972.
(pdftex.def)             Requested size: 113.24197pt x 75.49425pt.

<images/mellin-x4-t05.png, id=1252, 433.62pt x 289.08pt>
File: images/mellin-x4-t05.png Graphic file (type png)

<use images/mellin-x4-t05.png>
Package pdftex.def Info: images/mellin-x4-t05.png used on input line 1977.
(pdftex.def)             Requested size: 113.24197pt x 75.49425pt.

<images/mellin-x4-t3.png, id=1253, 433.62pt x 289.08pt>
File: images/mellin-x4-t3.png Graphic file (type png)

<use images/mellin-x4-t3.png>
Package pdftex.def Info: images/mellin-x4-t3.png used on input line 1982.
(pdftex.def)             Requested size: 113.24197pt x 75.49425pt.

<images/mellin-x4-t5.png, id=1254, 433.62pt x 289.08pt>
File: images/mellin-x4-t5.png Graphic file (type png)

<use images/mellin-x4-t5.png>
Package pdftex.def Info: images/mellin-x4-t5.png used on input line 1987.
(pdftex.def)             Requested size: 113.24197pt x 75.49425pt.

Overfull \hbox (13.33328pt too wide) in paragraph at lines 1971--1991
 [][]  []  []  [] 
 []


LaTeX Warning: `!h' float specifier changed to `!ht'.


LaTeX Warning: `!h' float specifier changed to `!ht'.

[41 <./images/grid-t0-x0.png> <./images/grid-t05-x0.png> <./images/grid-t3-x0.p
ng> <./images/grid-t5-x0.png> <./images/grid-t0-x01.png> <./images/grid-t05-x01
.png> <./images/grid-t3-x01.png> <./images/grid-t5-x01.png> <./images/grid-t0-x
02.png> <./images/grid-t05-x02.png> <./images/grid-t3-x02.png> <./images/grid-t
5-x02.png> <./images/colour-bar-grid.png>] [42 <./images/laplace-x1-t0.png> <./
images/laplace-x1-t05.png> <./images/laplace-x1-t3.png> <./images/laplace-x1-t5
.png> <./images/mellin-x2-t0.png> <./images/mellin-x2-t05.png> <./images/mellin
-x2-t3.png> <./images/mellin-x2-t5.png> <./images/mellin-x4-t0.png> <./images/m
ellin-x4-t05.png> <./images/mellin-x4-t3.png> <./images/mellin-x4-t5.png>]
[43] [44] [45] [46]
File: images/kenel-toymodel.pdf Graphic file (type pdf)
 <use images/kenel-toymodel.pdf>
Package pdftex.def Info: images/kenel-toymodel.pdf used on input line 2233.
(pdftex.def)             Requested size: 135.89174pt x 95.97623pt.

<images/graph-longrange-demo.pdf, id=1393, 178.6675pt x 128.48pt>
File: images/graph-longrange-demo.pdf Graphic file (type pdf)

<use images/graph-longrange-demo.pdf>
Package pdftex.def Info: images/graph-longrange-demo.pdf used on input line 223
8.
(pdftex.def)             Requested size: 135.89174pt x 97.72421pt.
 [47 <./images/graph-longrange-demo.pdf>]
Overfull \hbox (50.25204pt too wide) in alignment at lines 2303--2311
 [][][] []
 []

[48]
File: images/centralities-weighted.pdf Graphic file (type pdf)
 <use images/centralities-weighted.pdf>
Package pdftex.def Info: images/centralities-weighted.pdf used on input line 23
30.
(pdftex.def)             Requested size: 226.48395pt x 135.90392pt.
 [49] [50]
<images/lap-algebraic.pdf, id=1492, 159.59625pt x 113.42375pt>
File: images/lap-algebraic.pdf Graphic file (type pdf)

<use images/lap-algebraic.pdf>
Package pdftex.def Info: images/lap-algebraic.pdf used on input line 2432.
(pdftex.def)             Requested size: 135.89174pt x 96.57678pt.

<images/lap-algebraic2.pdf, id=1493, 159.59625pt x 113.42375pt>
File: images/lap-algebraic2.pdf Graphic file (type pdf)

<use images/lap-algebraic2.pdf>
Package pdftex.def Info: images/lap-algebraic2.pdf used on input line 2437.
(pdftex.def)             Requested size: 135.89174pt x 96.57678pt.


LaTeX Warning: `!h' float specifier changed to `!ht'.

<images/jetstar-airnetwork.png, id=1499, 476.78125pt x 282.05376pt>
File: images/jetstar-airnetwork.png Graphic file (type png)

<use images/jetstar-airnetwork.png>
Package pdftex.def Info: images/jetstar-airnetwork.png used on input line 2449.

(pdftex.def)             Requested size: 203.83417pt x 120.58353pt.

<images/lapalgebraic.png, id=1500, 452.69125pt x 308.15125pt>
File: images/lapalgebraic.png Graphic file (type png)

<use images/lapalgebraic.png>
Package pdftex.def Info: images/lapalgebraic.png used on input line 2454.
(pdftex.def)             Requested size: 203.83417pt x 138.7514pt.
 [51] [52 <./images/lap-algebraic.pdf> <./images/lap-algebraic2.pdf> <./images/
jetstar-airnetwork.png> <./images/lapalgebraic.png>] (./technical-report.bbl [5
3]
Underfull \hbox (badness 10000) in paragraph at lines 217--222
[]\OT1/cmr/m/n/10 Internet.  Net-work.  URL [][]$https : / / www . google . com
 / search ? q = internet + network &
 []


Underfull \hbox (badness 10000) in paragraph at lines 217--222
\OT1/cmr/m/n/10 client = ubuntu & hs = xZp & channel = fs & gl = za & source = 
lnms & tbm = isch & sa = X & ved =
 []


Underfull \hbox (badness 10000) in paragraph at lines 217--222
\OT1/cmr/m/n/10 0ahUKEwiZsrLOueTMAhVMCcAKHS[]8AysQ[]AUIBygB & biw = 1215 & bih 
= 900 # channel = fs & gl =
 []

[54] [55])

Package natbib Warning: There were undefined citations.

[56]
Package atveryend Info: Empty hook `BeforeClearDocument' on input line 2488.
Package atveryend Info: Empty hook `AfterLastShipout' on input line 2488.
 (./technical-report.aux)
Package atveryend Info: Executing hook `AtVeryEndDocument' on input line 2488.
Package atveryend Info: Executing hook `AtEndAfterFileList' on input line 2488.



Package rerunfilecheck Warning: File `technical-report.out' has changed.
(rerunfilecheck)                Rerun to get outlines right
(rerunfilecheck)                or use package `bookmark'.

Package rerunfilecheck Info: Checksums for `technical-report.out':
(rerunfilecheck)             Before: 9BE592C13211EFF4F62A95ABFA26F4F0;6694
(rerunfilecheck)             After:  981F16C85A844D805A1E1A993D8C59C5;6816.

LaTeX Warning: There were undefined references.


LaTeX Warning: There were multiply-defined labels.

Package atveryend Info: Empty hook `AtVeryVeryEnd' on input line 2488.
 ) 
Here is how much of TeX's memory you used:
 20411 strings out of 494317
 380155 string characters out of 6162925
 439025 words of memory out of 5000000
 22805 multiletter control sequences out of 15000+600000
 19163 words of font info for 79 fonts, out of 8000000 for 9000
 350 hyphenation exceptions out of 8191
 48i,14n,55p,1347b,675s stack positions out of 5000i,500n,10000p,200000b,80000s
</usr/share/texlive/texmf-dist/fonts/type1/public/amsfonts/cm/cmbx10.pfb></us
r/share/texlive/texmf-dist/fonts/type1/public/amsfonts/cm/cmbx12.pfb></usr/shar
e/texlive/texmf-dist/fonts/type1/public/amsfonts/cm/cmbx7.pfb></usr/share/texli
ve/texmf-dist/fonts/type1/public/amsfonts/cm/cmex10.pfb></usr/share/texlive/tex
mf-dist/fonts/type1/public/amsfonts/cm/cmmi10.pfb></usr/share/texlive/texmf-dis
t/fonts/type1/public/amsfonts/cm/cmmi5.pfb></usr/share/texlive/texmf-dist/fonts
/type1/public/amsfonts/cm/cmmi7.pfb></usr/share/texlive/texmf-dist/fonts/type1/
public/amsfonts/cm/cmmi9.pfb></usr/share/texlive/texmf-dist/fonts/type1/public/
amsfonts/cm/cmmib10.pfb></usr/share/texlive/texmf-dist/fonts/type1/public/amsfo
nts/cm/cmr10.pfb></usr/share/texlive/texmf-dist/fonts/type1/public/amsfonts/cm/
cmr12.pfb></usr/share/texlive/texmf-dist/fonts/type1/public/amsfonts/cm/cmr17.p
fb></usr/share/texlive/texmf-dist/fonts/type1/public/amsfonts/cm/cmr5.pfb></usr
/share/texlive/texmf-dist/fonts/type1/public/amsfonts/cm/cmr7.pfb></usr/share/t
exlive/texmf-dist/fonts/type1/public/amsfonts/cm/cmr9.pfb></usr/share/texlive/t
exmf-dist/fonts/type1/public/amsfonts/cm/cmsy10.pfb></usr/share/texlive/texmf-d
ist/fonts/type1/public/amsfonts/cm/cmsy7.pfb></usr/share/texlive/texmf-dist/fon
ts/type1/public/amsfonts/cm/cmti10.pfb></usr/share/texlive/texmf-dist/fonts/typ
e1/public/amsfonts/symbols/msbm10.pfb></usr/share/texlive/texmf-dist/fonts/type
1/public/amsfonts/symbols/msbm7.pfb>
Output written on technical-report.pdf (56 pages, 2418227 bytes).
PDF statistics:
 1750 PDF objects out of 2073 (max. 8388607)
 1441 compressed objects within 15 object streams
 484 named destinations out of 1000 (max. 500000)
 1176 words of extra memory for PDF output out of 10000 (max. 10000000)

