This is pdfTeX, Version 3.14159265-2.6-1.40.17 (TeX Live 2016/Debian) (preloaded format=pdflatex 2018.1.25)  1 MAY 2018 16:38
entering extended mode
 restricted \write18 enabled.
 %&-line parsing enabled.
**Thesis-Draft.tex
(./Thesis-Draft.tex
LaTeX2e <2017/01/01> patch level 3
Babel <3.9r> and hyphenation patterns for 43 language(s) loaded.
(/usr/share/texlive/texmf-dist/tex/latex/base/article.cls
Document Class: article 2014/09/29 v1.4h Standard LaTeX document class
(/usr/share/texlive/texmf-dist/tex/latex/base/size10.clo
File: size10.clo 2014/09/29 v1.4h Standard LaTeX file (size option)
)
\c@part=\count79
\c@section=\count80
\c@subsection=\count81
\c@subsubsection=\count82
\c@paragraph=\count83
\c@subparagraph=\count84
\c@figure=\count85
\c@table=\count86
\abovecaptionskip=\skip41
\belowcaptionskip=\skip42
\bibindent=\dimen102
)
(/usr/share/texlive/texmf-dist/tex/latex/base/inputenc.sty
Package: inputenc 2015/03/17 v1.2c Input encoding file
\inpenc@prehook=\toks14
\inpenc@posthook=\toks15

(/usr/share/texlive/texmf-dist/tex/latex/base/utf8.def
File: utf8.def 2017/01/28 v1.1t UTF-8 support for inputenc
Now handling font encoding OML ...
... no UTF-8 mapping file for font encoding OML
Now handling font encoding T1 ...
... processing UTF-8 mapping file for font encoding T1

(/usr/share/texlive/texmf-dist/tex/latex/base/t1enc.dfu
File: t1enc.dfu 2017/01/28 v1.1t UTF-8 support for inputenc
   defining Unicode char U+00A0 (decimal 160)
   defining Unicode char U+00A1 (decimal 161)
   defining Unicode char U+00A3 (decimal 163)
   defining Unicode char U+00AB (decimal 171)
   defining Unicode char U+00AD (decimal 173)
   defining Unicode char U+00BB (decimal 187)
   defining Unicode char U+00BF (decimal 191)
   defining Unicode char U+00C0 (decimal 192)
   defining Unicode char U+00C1 (decimal 193)
   defining Unicode char U+00C2 (decimal 194)
   defining Unicode char U+00C3 (decimal 195)
   defining Unicode char U+00C4 (decimal 196)
   defining Unicode char U+00C5 (decimal 197)
   defining Unicode char U+00C6 (decimal 198)
   defining Unicode char U+00C7 (decimal 199)
   defining Unicode char U+00C8 (decimal 200)
   defining Unicode char U+00C9 (decimal 201)
   defining Unicode char U+00CA (decimal 202)
   defining Unicode char U+00CB (decimal 203)
   defining Unicode char U+00CC (decimal 204)
   defining Unicode char U+00CD (decimal 205)
   defining Unicode char U+00CE (decimal 206)
   defining Unicode char U+00CF (decimal 207)
   defining Unicode char U+00D0 (decimal 208)
   defining Unicode char U+00D1 (decimal 209)
   defining Unicode char U+00D2 (decimal 210)
   defining Unicode char U+00D3 (decimal 211)
   defining Unicode char U+00D4 (decimal 212)
   defining Unicode char U+00D5 (decimal 213)
   defining Unicode char U+00D6 (decimal 214)
   defining Unicode char U+00D8 (decimal 216)
   defining Unicode char U+00D9 (decimal 217)
   defining Unicode char U+00DA (decimal 218)
   defining Unicode char U+00DB (decimal 219)
   defining Unicode char U+00DC (decimal 220)
   defining Unicode char U+00DD (decimal 221)
   defining Unicode char U+00DE (decimal 222)
   defining Unicode char U+00DF (decimal 223)
   defining Unicode char U+00E0 (decimal 224)
   defining Unicode char U+00E1 (decimal 225)
   defining Unicode char U+00E2 (decimal 226)
   defining Unicode char U+00E3 (decimal 227)
   defining Unicode char U+00E4 (decimal 228)
   defining Unicode char U+00E5 (decimal 229)
   defining Unicode char U+00E6 (decimal 230)
   defining Unicode char U+00E7 (decimal 231)
   defining Unicode char U+00E8 (decimal 232)
   defining Unicode char U+00E9 (decimal 233)
   defining Unicode char U+00EA (decimal 234)
   defining Unicode char U+00EB (decimal 235)
   defining Unicode char U+00EC (decimal 236)
   defining Unicode char U+00ED (decimal 237)
   defining Unicode char U+00EE (decimal 238)
   defining Unicode char U+00EF (decimal 239)
   defining Unicode char U+00F0 (decimal 240)
   defining Unicode char U+00F1 (decimal 241)
   defining Unicode char U+00F2 (decimal 242)
   defining Unicode char U+00F3 (decimal 243)
   defining Unicode char U+00F4 (decimal 244)
   defining Unicode char U+00F5 (decimal 245)
   defining Unicode char U+00F6 (decimal 246)
   defining Unicode char U+00F8 (decimal 248)
   defining Unicode char U+00F9 (decimal 249)
   defining Unicode char U+00FA (decimal 250)
   defining Unicode char U+00FB (decimal 251)
   defining Unicode char U+00FC (decimal 252)
   defining Unicode char U+00FD (decimal 253)
   defining Unicode char U+00FE (decimal 254)
   defining Unicode char U+00FF (decimal 255)
   defining Unicode char U+0100 (decimal 256)
   defining Unicode char U+0101 (decimal 257)
   defining Unicode char U+0102 (decimal 258)
   defining Unicode char U+0103 (decimal 259)
   defining Unicode char U+0104 (decimal 260)
   defining Unicode char U+0105 (decimal 261)
   defining Unicode char U+0106 (decimal 262)
   defining Unicode char U+0107 (decimal 263)
   defining Unicode char U+0108 (decimal 264)
   defining Unicode char U+0109 (decimal 265)
   defining Unicode char U+010A (decimal 266)
   defining Unicode char U+010B (decimal 267)
   defining Unicode char U+010C (decimal 268)
   defining Unicode char U+010D (decimal 269)
   defining Unicode char U+010E (decimal 270)
   defining Unicode char U+010F (decimal 271)
   defining Unicode char U+0110 (decimal 272)
   defining Unicode char U+0111 (decimal 273)
   defining Unicode char U+0112 (decimal 274)
   defining Unicode char U+0113 (decimal 275)
   defining Unicode char U+0114 (decimal 276)
   defining Unicode char U+0115 (decimal 277)
   defining Unicode char U+0116 (decimal 278)
   defining Unicode char U+0117 (decimal 279)
   defining Unicode char U+0118 (decimal 280)
   defining Unicode char U+0119 (decimal 281)
   defining Unicode char U+011A (decimal 282)
   defining Unicode char U+011B (decimal 283)
   defining Unicode char U+011C (decimal 284)
   defining Unicode char U+011D (decimal 285)
   defining Unicode char U+011E (decimal 286)
   defining Unicode char U+011F (decimal 287)
   defining Unicode char U+0120 (decimal 288)
   defining Unicode char U+0121 (decimal 289)
   defining Unicode char U+0122 (decimal 290)
   defining Unicode char U+0123 (decimal 291)
   defining Unicode char U+0124 (decimal 292)
   defining Unicode char U+0125 (decimal 293)
   defining Unicode char U+0128 (decimal 296)
   defining Unicode char U+0129 (decimal 297)
   defining Unicode char U+012A (decimal 298)
   defining Unicode char U+012B (decimal 299)
   defining Unicode char U+012C (decimal 300)
   defining Unicode char U+012D (decimal 301)
   defining Unicode char U+012E (decimal 302)
   defining Unicode char U+012F (decimal 303)
   defining Unicode char U+0130 (decimal 304)
   defining Unicode char U+0131 (decimal 305)
   defining Unicode char U+0132 (decimal 306)
   defining Unicode char U+0133 (decimal 307)
   defining Unicode char U+0134 (decimal 308)
   defining Unicode char U+0135 (decimal 309)
   defining Unicode char U+0136 (decimal 310)
   defining Unicode char U+0137 (decimal 311)
   defining Unicode char U+0139 (decimal 313)
   defining Unicode char U+013A (decimal 314)
   defining Unicode char U+013B (decimal 315)
   defining Unicode char U+013C (decimal 316)
   defining Unicode char U+013D (decimal 317)
   defining Unicode char U+013E (decimal 318)
   defining Unicode char U+0141 (decimal 321)
   defining Unicode char U+0142 (decimal 322)
   defining Unicode char U+0143 (decimal 323)
   defining Unicode char U+0144 (decimal 324)
   defining Unicode char U+0145 (decimal 325)
   defining Unicode char U+0146 (decimal 326)
   defining Unicode char U+0147 (decimal 327)
   defining Unicode char U+0148 (decimal 328)
   defining Unicode char U+014A (decimal 330)
   defining Unicode char U+014B (decimal 331)
   defining Unicode char U+014C (decimal 332)
   defining Unicode char U+014D (decimal 333)
   defining Unicode char U+014E (decimal 334)
   defining Unicode char U+014F (decimal 335)
   defining Unicode char U+0150 (decimal 336)
   defining Unicode char U+0151 (decimal 337)
   defining Unicode char U+0152 (decimal 338)
   defining Unicode char U+0153 (decimal 339)
   defining Unicode char U+0154 (decimal 340)
   defining Unicode char U+0155 (decimal 341)
   defining Unicode char U+0156 (decimal 342)
   defining Unicode char U+0157 (decimal 343)
   defining Unicode char U+0158 (decimal 344)
   defining Unicode char U+0159 (decimal 345)
   defining Unicode char U+015A (decimal 346)
   defining Unicode char U+015B (decimal 347)
   defining Unicode char U+015C (decimal 348)
   defining Unicode char U+015D (decimal 349)
   defining Unicode char U+015E (decimal 350)
   defining Unicode char U+015F (decimal 351)
   defining Unicode char U+0160 (decimal 352)
   defining Unicode char U+0161 (decimal 353)
   defining Unicode char U+0162 (decimal 354)
   defining Unicode char U+0163 (decimal 355)
   defining Unicode char U+0164 (decimal 356)
   defining Unicode char U+0165 (decimal 357)
   defining Unicode char U+0168 (decimal 360)
   defining Unicode char U+0169 (decimal 361)
   defining Unicode char U+016A (decimal 362)
   defining Unicode char U+016B (decimal 363)
   defining Unicode char U+016C (decimal 364)
   defining Unicode char U+016D (decimal 365)
   defining Unicode char U+016E (decimal 366)
   defining Unicode char U+016F (decimal 367)
   defining Unicode char U+0170 (decimal 368)
   defining Unicode char U+0171 (decimal 369)
   defining Unicode char U+0172 (decimal 370)
   defining Unicode char U+0173 (decimal 371)
   defining Unicode char U+0174 (decimal 372)
   defining Unicode char U+0175 (decimal 373)
   defining Unicode char U+0176 (decimal 374)
   defining Unicode char U+0177 (decimal 375)
   defining Unicode char U+0178 (decimal 376)
   defining Unicode char U+0179 (decimal 377)
   defining Unicode char U+017A (decimal 378)
   defining Unicode char U+017B (decimal 379)
   defining Unicode char U+017C (decimal 380)
   defining Unicode char U+017D (decimal 381)
   defining Unicode char U+017E (decimal 382)
   defining Unicode char U+01CD (decimal 461)
   defining Unicode char U+01CE (decimal 462)
   defining Unicode char U+01CF (decimal 463)
   defining Unicode char U+01D0 (decimal 464)
   defining Unicode char U+01D1 (decimal 465)
   defining Unicode char U+01D2 (decimal 466)
   defining Unicode char U+01D3 (decimal 467)
   defining Unicode char U+01D4 (decimal 468)
   defining Unicode char U+01E2 (decimal 482)
   defining Unicode char U+01E3 (decimal 483)
   defining Unicode char U+01E6 (decimal 486)
   defining Unicode char U+01E7 (decimal 487)
   defining Unicode char U+01E8 (decimal 488)
   defining Unicode char U+01E9 (decimal 489)
   defining Unicode char U+01EA (decimal 490)
   defining Unicode char U+01EB (decimal 491)
   defining Unicode char U+01F0 (decimal 496)
   defining Unicode char U+01F4 (decimal 500)
   defining Unicode char U+01F5 (decimal 501)
   defining Unicode char U+0218 (decimal 536)
   defining Unicode char U+0219 (decimal 537)
   defining Unicode char U+021A (decimal 538)
   defining Unicode char U+021B (decimal 539)
   defining Unicode char U+0232 (decimal 562)
   defining Unicode char U+0233 (decimal 563)
   defining Unicode char U+1E02 (decimal 7682)
   defining Unicode char U+1E03 (decimal 7683)
   defining Unicode char U+200C (decimal 8204)
   defining Unicode char U+2010 (decimal 8208)
   defining Unicode char U+2011 (decimal 8209)
   defining Unicode char U+2012 (decimal 8210)
   defining Unicode char U+2013 (decimal 8211)
   defining Unicode char U+2014 (decimal 8212)
   defining Unicode char U+2015 (decimal 8213)
   defining Unicode char U+2018 (decimal 8216)
   defining Unicode char U+2019 (decimal 8217)
   defining Unicode char U+201A (decimal 8218)
   defining Unicode char U+201C (decimal 8220)
   defining Unicode char U+201D (decimal 8221)
   defining Unicode char U+201E (decimal 8222)
   defining Unicode char U+2030 (decimal 8240)
   defining Unicode char U+2031 (decimal 8241)
   defining Unicode char U+2039 (decimal 8249)
   defining Unicode char U+203A (decimal 8250)
   defining Unicode char U+2423 (decimal 9251)
   defining Unicode char U+1E20 (decimal 7712)
   defining Unicode char U+1E21 (decimal 7713)
)
Now handling font encoding OT1 ...
... processing UTF-8 mapping file for font encoding OT1

(/usr/share/texlive/texmf-dist/tex/latex/base/ot1enc.dfu
File: ot1enc.dfu 2017/01/28 v1.1t UTF-8 support for inputenc
   defining Unicode char U+00A0 (decimal 160)
   defining Unicode char U+00A1 (decimal 161)
   defining Unicode char U+00A3 (decimal 163)
   defining Unicode char U+00AD (decimal 173)
   defining Unicode char U+00B8 (decimal 184)
   defining Unicode char U+00BF (decimal 191)
   defining Unicode char U+00C5 (decimal 197)
   defining Unicode char U+00C6 (decimal 198)
   defining Unicode char U+00D8 (decimal 216)
   defining Unicode char U+00DF (decimal 223)
   defining Unicode char U+00E6 (decimal 230)
   defining Unicode char U+00EC (decimal 236)
   defining Unicode char U+00ED (decimal 237)
   defining Unicode char U+00EE (decimal 238)
   defining Unicode char U+00EF (decimal 239)
   defining Unicode char U+00F8 (decimal 248)
   defining Unicode char U+0131 (decimal 305)
   defining Unicode char U+0141 (decimal 321)
   defining Unicode char U+0142 (decimal 322)
   defining Unicode char U+0152 (decimal 338)
   defining Unicode char U+0153 (decimal 339)
   defining Unicode char U+0174 (decimal 372)
   defining Unicode char U+0175 (decimal 373)
   defining Unicode char U+0176 (decimal 374)
   defining Unicode char U+0177 (decimal 375)
   defining Unicode char U+0218 (decimal 536)
   defining Unicode char U+0219 (decimal 537)
   defining Unicode char U+021A (decimal 538)
   defining Unicode char U+021B (decimal 539)
   defining Unicode char U+2013 (decimal 8211)
   defining Unicode char U+2014 (decimal 8212)
   defining Unicode char U+2018 (decimal 8216)
   defining Unicode char U+2019 (decimal 8217)
   defining Unicode char U+201C (decimal 8220)
   defining Unicode char U+201D (decimal 8221)
)
Now handling font encoding OMS ...
... processing UTF-8 mapping file for font encoding OMS

(/usr/share/texlive/texmf-dist/tex/latex/base/omsenc.dfu
File: omsenc.dfu 2017/01/28 v1.1t UTF-8 support for inputenc
   defining Unicode char U+00A7 (decimal 167)
   defining Unicode char U+00B6 (decimal 182)
   defining Unicode char U+00B7 (decimal 183)
   defining Unicode char U+2020 (decimal 8224)
   defining Unicode char U+2021 (decimal 8225)
   defining Unicode char U+2022 (decimal 8226)
)
Now handling font encoding OMX ...
... no UTF-8 mapping file for font encoding OMX
Now handling font encoding U ...
... no UTF-8 mapping file for font encoding U
   defining Unicode char U+00A9 (decimal 169)
   defining Unicode char U+00AA (decimal 170)
   defining Unicode char U+00AE (decimal 174)
   defining Unicode char U+00BA (decimal 186)
   defining Unicode char U+02C6 (decimal 710)
   defining Unicode char U+02DC (decimal 732)
   defining Unicode char U+200C (decimal 8204)
   defining Unicode char U+2026 (decimal 8230)
   defining Unicode char U+2122 (decimal 8482)
   defining Unicode char U+2423 (decimal 9251)
))
(/usr/share/texlive/texmf-dist/tex/latex/amsmath/amsmath.sty
Package: amsmath 2016/11/05 v2.16a AMS math features
\@mathmargin=\skip43

For additional information on amsmath, use the `?' option.
(/usr/share/texlive/texmf-dist/tex/latex/amsmath/amstext.sty
Package: amstext 2000/06/29 v2.01 AMS text

(/usr/share/texlive/texmf-dist/tex/latex/amsmath/amsgen.sty
File: amsgen.sty 1999/11/30 v2.0 generic functions
\@emptytoks=\toks16
\ex@=\dimen103
))
(/usr/share/texlive/texmf-dist/tex/latex/amsmath/amsbsy.sty
Package: amsbsy 1999/11/29 v1.2d Bold Symbols
\pmbraise@=\dimen104
)
(/usr/share/texlive/texmf-dist/tex/latex/amsmath/amsopn.sty
Package: amsopn 2016/03/08 v2.02 operator names
)
\inf@bad=\count87
LaTeX Info: Redefining \frac on input line 213.
\uproot@=\count88
\leftroot@=\count89
LaTeX Info: Redefining \overline on input line 375.
\classnum@=\count90
\DOTSCASE@=\count91
LaTeX Info: Redefining \ldots on input line 472.
LaTeX Info: Redefining \dots on input line 475.
LaTeX Info: Redefining \cdots on input line 596.
\Mathstrutbox@=\box26
\strutbox@=\box27
\big@size=\dimen105
LaTeX Font Info:    Redeclaring font encoding OML on input line 712.
LaTeX Font Info:    Redeclaring font encoding OMS on input line 713.
\macc@depth=\count92
\c@MaxMatrixCols=\count93
\dotsspace@=\muskip10
\c@parentequation=\count94
\dspbrk@lvl=\count95
\tag@help=\toks17
\row@=\count96
\column@=\count97
\maxfields@=\count98
\andhelp@=\toks18
\eqnshift@=\dimen106
\alignsep@=\dimen107
\tagshift@=\dimen108
\tagwidth@=\dimen109
\totwidth@=\dimen110
\lineht@=\dimen111
\@envbody=\toks19
\multlinegap=\skip44
\multlinetaggap=\skip45
\mathdisplay@stack=\toks20
LaTeX Info: Redefining \[ on input line 2817.
LaTeX Info: Redefining \] on input line 2818.
)
(/usr/share/texlive/texmf-dist/tex/latex/amscls/amsthm.sty
Package: amsthm 2015/03/04 v2.20.2
\thm@style=\toks21
\thm@bodyfont=\toks22
\thm@headfont=\toks23
\thm@notefont=\toks24
\thm@headpunct=\toks25
\thm@preskip=\skip46
\thm@postskip=\skip47
\thm@headsep=\skip48
\dth@everypar=\toks26
)
(/usr/share/texlive/texmf-dist/tex/latex/amsfonts/amsfonts.sty
Package: amsfonts 2013/01/14 v3.01 Basic AMSFonts support
\symAMSa=\mathgroup4
\symAMSb=\mathgroup5
LaTeX Font Info:    Overwriting math alphabet `\mathfrak' in version `bold'
(Font)                  U/euf/m/n --> U/euf/b/n on input line 106.
)
(/usr/share/texlive/texmf-dist/tex/latex/amsfonts/amssymb.sty
Package: amssymb 2013/01/14 v3.01 AMS font symbols
)
(/usr/share/texlive/texmf-dist/tex/latex/mathtools/mathtools.sty
Package: mathtools 2015/11/12 v1.18 mathematical typesetting tools

(/usr/share/texlive/texmf-dist/tex/latex/graphics/keyval.sty
Package: keyval 2014/10/28 v1.15 key=value parser (DPC)
\KV@toks@=\toks27
)
(/usr/share/texlive/texmf-dist/tex/latex/tools/calc.sty
Package: calc 2014/10/28 v4.3 Infix arithmetic (KKT,FJ)
\calc@Acount=\count99
\calc@Bcount=\count100
\calc@Adimen=\dimen112
\calc@Bdimen=\dimen113
\calc@Askip=\skip49
\calc@Bskip=\skip50
LaTeX Info: Redefining \setlength on input line 80.
LaTeX Info: Redefining \addtolength on input line 81.
\calc@Ccount=\count101
\calc@Cskip=\skip51
)
(/usr/share/texlive/texmf-dist/tex/latex/mathtools/mhsetup.sty
Package: mhsetup 2010/01/21 v1.2a programming setup (MH)
)
LaTeX Info: Thecontrolsequence`\('isalreadyrobust on input line 129.
LaTeX Info: Thecontrolsequence`\)'isalreadyrobust on input line 129.
LaTeX Info: Thecontrolsequence`\['isalreadyrobust on input line 129.
LaTeX Info: Thecontrolsequence`\]'isalreadyrobust on input line 129.
\g_MT_multlinerow_int=\count102
\l_MT_multwidth_dim=\dimen114
\origjot=\skip52
\l_MT_shortvdotswithinadjustabove_dim=\dimen115
\l_MT_shortvdotswithinadjustbelow_dim=\dimen116
\l_MT_above_intertext_sep=\dimen117
\l_MT_below_intertext_sep=\dimen118
\l_MT_above_shortintertext_sep=\dimen119
\l_MT_below_shortintertext_sep=\dimen120
)
(/usr/share/texlive/texmf-dist/tex/latex/base/latexsym.sty
Package: latexsym 1998/08/17 v2.2e Standard LaTeX package (lasy symbols)
\symlasy=\mathgroup6
LaTeX Font Info:    Overwriting symbol font `lasy' in version `bold'
(Font)                  U/lasy/m/n --> U/lasy/b/n on input line 52.
)
(/usr/share/texlive/texmf-dist/tex/latex/parskip/parskip.sty
Package: parskip 2001/04/09 non-zero parskip adjustments
)
(/usr/share/texlive/texmf-dist/tex/latex/preprint/fullpage.sty
Package: fullpage 1999/02/23 1.1 (PWD)
\FP@margin=\skip53
)
(/usr/share/texlive/texmf-dist/tex/latex/pgf/basiclayer/pgf.sty
(/usr/share/texlive/texmf-dist/tex/latex/pgf/utilities/pgfrcs.sty
(/usr/share/texlive/texmf-dist/tex/generic/pgf/utilities/pgfutil-common.tex
\pgfutil@everybye=\toks28
\pgfutil@tempdima=\dimen121
\pgfutil@tempdimb=\dimen122

(/usr/share/texlive/texmf-dist/tex/generic/pgf/utilities/pgfutil-common-lists.t
ex)) (/usr/share/texlive/texmf-dist/tex/generic/pgf/utilities/pgfutil-latex.def
\pgfutil@abb=\box28
(/usr/share/texlive/texmf-dist/tex/latex/ms/everyshi.sty
Package: everyshi 2001/05/15 v3.00 EveryShipout Package (MS)
))
(/usr/share/texlive/texmf-dist/tex/generic/pgf/utilities/pgfrcs.code.tex
Package: pgfrcs 2015/08/07 v3.0.1a (rcs-revision 1.31)
))
Package: pgf 2015/08/07 v3.0.1a (rcs-revision 1.15)

(/usr/share/texlive/texmf-dist/tex/latex/pgf/basiclayer/pgfcore.sty
(/usr/share/texlive/texmf-dist/tex/latex/graphics/graphicx.sty
Package: graphicx 2014/10/28 v1.0g Enhanced LaTeX Graphics (DPC,SPQR)

(/usr/share/texlive/texmf-dist/tex/latex/graphics/graphics.sty
Package: graphics 2016/10/09 v1.0u Standard LaTeX Graphics (DPC,SPQR)

(/usr/share/texlive/texmf-dist/tex/latex/graphics/trig.sty
Package: trig 2016/01/03 v1.10 sin cos tan (DPC)
)
(/usr/share/texlive/texmf-dist/tex/latex/graphics-cfg/graphics.cfg
File: graphics.cfg 2016/06/04 v1.11 sample graphics configuration
)
Package graphics Info: Driver file: pdftex.def on input line 99.

(/usr/share/texlive/texmf-dist/tex/latex/graphics-def/pdftex.def
File: pdftex.def 2017/01/12 v0.06k Graphics/color for pdfTeX

(/usr/share/texlive/texmf-dist/tex/generic/oberdiek/infwarerr.sty
Package: infwarerr 2016/05/16 v1.4 Providing info/warning/error messages (HO)
)
(/usr/share/texlive/texmf-dist/tex/generic/oberdiek/ltxcmds.sty
Package: ltxcmds 2016/05/16 v1.23 LaTeX kernel commands for general use (HO)
)
\Gread@gobject=\count103
))
\Gin@req@height=\dimen123
\Gin@req@width=\dimen124
)
(/usr/share/texlive/texmf-dist/tex/latex/pgf/systemlayer/pgfsys.sty
(/usr/share/texlive/texmf-dist/tex/generic/pgf/systemlayer/pgfsys.code.tex
Package: pgfsys 2014/07/09 v3.0.1a (rcs-revision 1.48)

(/usr/share/texlive/texmf-dist/tex/generic/pgf/utilities/pgfkeys.code.tex
\pgfkeys@pathtoks=\toks29
\pgfkeys@temptoks=\toks30

(/usr/share/texlive/texmf-dist/tex/generic/pgf/utilities/pgfkeysfiltered.code.t
ex
\pgfkeys@tmptoks=\toks31
))
\pgf@x=\dimen125
\pgf@y=\dimen126
\pgf@xa=\dimen127
\pgf@ya=\dimen128
\pgf@xb=\dimen129
\pgf@yb=\dimen130
\pgf@xc=\dimen131
\pgf@yc=\dimen132
\w@pgf@writea=\write3
\r@pgf@reada=\read1
\c@pgf@counta=\count104
\c@pgf@countb=\count105
\c@pgf@countc=\count106
\c@pgf@countd=\count107
\t@pgf@toka=\toks32
\t@pgf@tokb=\toks33
\t@pgf@tokc=\toks34
 (/usr/share/texlive/texmf-dist/tex/generic/pgf/systemlayer/pgf.cfg
File: pgf.cfg 2008/05/14  (rcs-revision 1.7)
)
Driver file for pgf: pgfsys-pdftex.def

(/usr/share/texlive/texmf-dist/tex/generic/pgf/systemlayer/pgfsys-pdftex.def
File: pgfsys-pdftex.def 2014/10/11  (rcs-revision 1.35)

(/usr/share/texlive/texmf-dist/tex/generic/pgf/systemlayer/pgfsys-common-pdf.de
f
File: pgfsys-common-pdf.def 2013/10/10  (rcs-revision 1.13)
)))
(/usr/share/texlive/texmf-dist/tex/generic/pgf/systemlayer/pgfsyssoftpath.code.
tex
File: pgfsyssoftpath.code.tex 2013/09/09  (rcs-revision 1.9)
\pgfsyssoftpath@smallbuffer@items=\count108
\pgfsyssoftpath@bigbuffer@items=\count109
)
(/usr/share/texlive/texmf-dist/tex/generic/pgf/systemlayer/pgfsysprotocol.code.
tex
File: pgfsysprotocol.code.tex 2006/10/16  (rcs-revision 1.4)
)) (/usr/share/texlive/texmf-dist/tex/latex/xcolor/xcolor.sty
Package: xcolor 2016/05/11 v2.12 LaTeX color extensions (UK)

(/usr/share/texlive/texmf-dist/tex/latex/graphics-cfg/color.cfg
File: color.cfg 2016/01/02 v1.6 sample color configuration
)
Package xcolor Info: Driver file: pdftex.def on input line 225.
Package xcolor Info: Model `cmy' substituted by `cmy0' on input line 1348.
Package xcolor Info: Model `hsb' substituted by `rgb' on input line 1352.
Package xcolor Info: Model `RGB' extended on input line 1364.
Package xcolor Info: Model `HTML' substituted by `rgb' on input line 1366.
Package xcolor Info: Model `Hsb' substituted by `hsb' on input line 1367.
Package xcolor Info: Model `tHsb' substituted by `hsb' on input line 1368.
Package xcolor Info: Model `HSB' substituted by `hsb' on input line 1369.
Package xcolor Info: Model `Gray' substituted by `gray' on input line 1370.
Package xcolor Info: Model `wave' substituted by `hsb' on input line 1371.
)
(/usr/share/texlive/texmf-dist/tex/generic/pgf/basiclayer/pgfcore.code.tex
Package: pgfcore 2010/04/11 v3.0.1a (rcs-revision 1.7)

(/usr/share/texlive/texmf-dist/tex/generic/pgf/math/pgfmath.code.tex
(/usr/share/texlive/texmf-dist/tex/generic/pgf/math/pgfmathcalc.code.tex
(/usr/share/texlive/texmf-dist/tex/generic/pgf/math/pgfmathutil.code.tex)
(/usr/share/texlive/texmf-dist/tex/generic/pgf/math/pgfmathparser.code.tex
\pgfmath@dimen=\dimen133
\pgfmath@count=\count110
\pgfmath@box=\box29
\pgfmath@toks=\toks35
\pgfmath@stack@operand=\toks36
\pgfmath@stack@operation=\toks37
)
(/usr/share/texlive/texmf-dist/tex/generic/pgf/math/pgfmathfunctions.code.tex
(/usr/share/texlive/texmf-dist/tex/generic/pgf/math/pgfmathfunctions.basic.code
.tex)
(/usr/share/texlive/texmf-dist/tex/generic/pgf/math/pgfmathfunctions.trigonomet
ric.code.tex)
(/usr/share/texlive/texmf-dist/tex/generic/pgf/math/pgfmathfunctions.random.cod
e.tex)
(/usr/share/texlive/texmf-dist/tex/generic/pgf/math/pgfmathfunctions.comparison
.code.tex)
(/usr/share/texlive/texmf-dist/tex/generic/pgf/math/pgfmathfunctions.base.code.
tex)
(/usr/share/texlive/texmf-dist/tex/generic/pgf/math/pgfmathfunctions.round.code
.tex)
(/usr/share/texlive/texmf-dist/tex/generic/pgf/math/pgfmathfunctions.misc.code.
tex)
(/usr/share/texlive/texmf-dist/tex/generic/pgf/math/pgfmathfunctions.integerari
thmetics.code.tex)))
(/usr/share/texlive/texmf-dist/tex/generic/pgf/math/pgfmathfloat.code.tex
\c@pgfmathroundto@lastzeros=\count111
))
(/usr/share/texlive/texmf-dist/tex/generic/pgf/basiclayer/pgfcorepoints.code.te
x
File: pgfcorepoints.code.tex 2013/10/07  (rcs-revision 1.27)
\pgf@picminx=\dimen134
\pgf@picmaxx=\dimen135
\pgf@picminy=\dimen136
\pgf@picmaxy=\dimen137
\pgf@pathminx=\dimen138
\pgf@pathmaxx=\dimen139
\pgf@pathminy=\dimen140
\pgf@pathmaxy=\dimen141
\pgf@xx=\dimen142
\pgf@xy=\dimen143
\pgf@yx=\dimen144
\pgf@yy=\dimen145
\pgf@zx=\dimen146
\pgf@zy=\dimen147
)
(/usr/share/texlive/texmf-dist/tex/generic/pgf/basiclayer/pgfcorepathconstruct.
code.tex
File: pgfcorepathconstruct.code.tex 2013/10/07  (rcs-revision 1.29)
\pgf@path@lastx=\dimen148
\pgf@path@lasty=\dimen149
)
(/usr/share/texlive/texmf-dist/tex/generic/pgf/basiclayer/pgfcorepathusage.code
.tex
File: pgfcorepathusage.code.tex 2014/11/02  (rcs-revision 1.24)
\pgf@shorten@end@additional=\dimen150
\pgf@shorten@start@additional=\dimen151
)
(/usr/share/texlive/texmf-dist/tex/generic/pgf/basiclayer/pgfcorescopes.code.te
x
File: pgfcorescopes.code.tex 2015/05/08  (rcs-revision 1.46)
\pgfpic=\box30
\pgf@hbox=\box31
\pgf@layerbox@main=\box32
\pgf@picture@serial@count=\count112
)
(/usr/share/texlive/texmf-dist/tex/generic/pgf/basiclayer/pgfcoregraphicstate.c
ode.tex
File: pgfcoregraphicstate.code.tex 2014/11/02  (rcs-revision 1.12)
\pgflinewidth=\dimen152
)
(/usr/share/texlive/texmf-dist/tex/generic/pgf/basiclayer/pgfcoretransformation
s.code.tex
File: pgfcoretransformations.code.tex 2015/08/07  (rcs-revision 1.20)
\pgf@pt@x=\dimen153
\pgf@pt@y=\dimen154
\pgf@pt@temp=\dimen155
)
(/usr/share/texlive/texmf-dist/tex/generic/pgf/basiclayer/pgfcorequick.code.tex
File: pgfcorequick.code.tex 2008/10/09  (rcs-revision 1.3)
)
(/usr/share/texlive/texmf-dist/tex/generic/pgf/basiclayer/pgfcoreobjects.code.t
ex
File: pgfcoreobjects.code.tex 2006/10/11  (rcs-revision 1.2)
)
(/usr/share/texlive/texmf-dist/tex/generic/pgf/basiclayer/pgfcorepathprocessing
.code.tex
File: pgfcorepathprocessing.code.tex 2013/09/09  (rcs-revision 1.9)
)
(/usr/share/texlive/texmf-dist/tex/generic/pgf/basiclayer/pgfcorearrows.code.te
x
File: pgfcorearrows.code.tex 2015/05/14  (rcs-revision 1.43)
\pgfarrowsep=\dimen156
)
(/usr/share/texlive/texmf-dist/tex/generic/pgf/basiclayer/pgfcoreshade.code.tex
File: pgfcoreshade.code.tex 2013/07/15  (rcs-revision 1.15)
\pgf@max=\dimen157
\pgf@sys@shading@range@num=\count113
)
(/usr/share/texlive/texmf-dist/tex/generic/pgf/basiclayer/pgfcoreimage.code.tex
File: pgfcoreimage.code.tex 2013/07/15  (rcs-revision 1.18)

(/usr/share/texlive/texmf-dist/tex/generic/pgf/basiclayer/pgfcoreexternal.code.
tex
File: pgfcoreexternal.code.tex 2014/07/09  (rcs-revision 1.21)
\pgfexternal@startupbox=\box33
))
(/usr/share/texlive/texmf-dist/tex/generic/pgf/basiclayer/pgfcorelayers.code.te
x
File: pgfcorelayers.code.tex 2013/07/18  (rcs-revision 1.7)
)
(/usr/share/texlive/texmf-dist/tex/generic/pgf/basiclayer/pgfcoretransparency.c
ode.tex
File: pgfcoretransparency.code.tex 2013/09/30  (rcs-revision 1.5)
)
(/usr/share/texlive/texmf-dist/tex/generic/pgf/basiclayer/pgfcorepatterns.code.
tex
File: pgfcorepatterns.code.tex 2013/11/07  (rcs-revision 1.5)
)))
(/usr/share/texlive/texmf-dist/tex/generic/pgf/modules/pgfmoduleshapes.code.tex
File: pgfmoduleshapes.code.tex 2014/03/21  (rcs-revision 1.35)
\pgfnodeparttextbox=\box34
) (/usr/share/texlive/texmf-dist/tex/generic/pgf/modules/pgfmoduleplot.code.tex
File: pgfmoduleplot.code.tex 2015/08/03  (rcs-revision 1.13)
)
(/usr/share/texlive/texmf-dist/tex/latex/pgf/compatibility/pgfcomp-version-0-65
.sty
Package: pgfcomp-version-0-65 2007/07/03 v3.0.1a (rcs-revision 1.7)
\pgf@nodesepstart=\dimen158
\pgf@nodesepend=\dimen159
)
(/usr/share/texlive/texmf-dist/tex/latex/pgf/compatibility/pgfcomp-version-1-18
.sty
Package: pgfcomp-version-1-18 2007/07/23 v3.0.1a (rcs-revision 1.1)
)) (/usr/share/texlive/texmf-dist/tex/latex/pgf/frontendlayer/tikz.sty
(/usr/share/texlive/texmf-dist/tex/latex/pgf/utilities/pgffor.sty
(/usr/share/texlive/texmf-dist/tex/latex/pgf/utilities/pgfkeys.sty
(/usr/share/texlive/texmf-dist/tex/generic/pgf/utilities/pgfkeys.code.tex))
(/usr/share/texlive/texmf-dist/tex/latex/pgf/math/pgfmath.sty
(/usr/share/texlive/texmf-dist/tex/generic/pgf/math/pgfmath.code.tex))
(/usr/share/texlive/texmf-dist/tex/generic/pgf/utilities/pgffor.code.tex
Package: pgffor 2013/12/13 v3.0.1a (rcs-revision 1.25)

(/usr/share/texlive/texmf-dist/tex/generic/pgf/math/pgfmath.code.tex)
\pgffor@iter=\dimen160
\pgffor@skip=\dimen161
\pgffor@stack=\toks38
\pgffor@toks=\toks39
))
(/usr/share/texlive/texmf-dist/tex/generic/pgf/frontendlayer/tikz/tikz.code.tex
Package: tikz 2015/08/07 v3.0.1a (rcs-revision 1.151)

(/usr/share/texlive/texmf-dist/tex/generic/pgf/libraries/pgflibraryplothandlers
.code.tex
File: pgflibraryplothandlers.code.tex 2013/08/31 v3.0.1a (rcs-revision 1.20)
\pgf@plot@mark@count=\count114
\pgfplotmarksize=\dimen162
)
\tikz@lastx=\dimen163
\tikz@lasty=\dimen164
\tikz@lastxsaved=\dimen165
\tikz@lastysaved=\dimen166
\tikzleveldistance=\dimen167
\tikzsiblingdistance=\dimen168
\tikz@figbox=\box35
\tikz@figbox@bg=\box36
\tikz@tempbox=\box37
\tikz@tempbox@bg=\box38
\tikztreelevel=\count115
\tikznumberofchildren=\count116
\tikznumberofcurrentchild=\count117
\tikz@fig@count=\count118

(/usr/share/texlive/texmf-dist/tex/generic/pgf/modules/pgfmodulematrix.code.tex
File: pgfmodulematrix.code.tex 2013/09/17  (rcs-revision 1.8)
\pgfmatrixcurrentrow=\count119
\pgfmatrixcurrentcolumn=\count120
\pgf@matrix@numberofcolumns=\count121
)
\tikz@expandcount=\count122

(/usr/share/texlive/texmf-dist/tex/generic/pgf/frontendlayer/tikz/libraries/tik
zlibrarytopaths.code.tex
File: tikzlibrarytopaths.code.tex 2008/06/17 v3.0.1a (rcs-revision 1.2)
)))
(/usr/share/texlive/texmf-dist/tex/latex/jknapltx/mathrsfs.sty
Package: mathrsfs 1996/01/01 Math RSFS package v1.0 (jk)
\symrsfs=\mathgroup7
)
(/usr/share/texlive/texmf-dist/tex/generic/pgf/frontendlayer/tikz/libraries/tik
zlibraryarrows.code.tex
File: tikzlibraryarrows.code.tex 2008/01/09 v3.0.1a (rcs-revision 1.1)

(/usr/share/texlive/texmf-dist/tex/generic/pgf/libraries/pgflibraryarrows.code.
tex
File: pgflibraryarrows.code.tex 2013/09/23 v3.0.1a (rcs-revision 1.16)
\arrowsize=\dimen169
)) (/usr/share/texlive/texmf-dist/tex/latex/natbib/natbib.sty
Package: natbib 2010/09/13 8.31b (PWD, AO)
\bibhang=\skip54
\bibsep=\skip55
LaTeX Info: Redefining \cite on input line 694.
\c@NAT@ctr=\count123
)
(/usr/share/texlive/texmf-dist/tex/latex/multirow/multirow.sty
Package: multirow 2016/11/25 v2.2 Span multiple rows of a table
\multirow@colwidth=\skip56
\multirow@cntb=\count124
\multirow@dima=\skip57
\bigstrutjot=\dimen170
)
(/usr/share/texlive/texmf-dist/tex/latex/caption/caption.sty
Package: caption 2016/02/21 v3.3-144 Customizing captions (AR)

(/usr/share/texlive/texmf-dist/tex/latex/caption/caption3.sty
Package: caption3 2016/05/22 v1.7-166 caption3 kernel (AR)
Package caption3 Info: TeX engine: e-TeX on input line 67.
\captionmargin=\dimen171
\captionmargin@=\dimen172
\captionwidth=\dimen173
\caption@tempdima=\dimen174
\caption@indent=\dimen175
\caption@parindent=\dimen176
\caption@hangindent=\dimen177
)
\c@ContinuedFloat=\count125
)
(/usr/share/texlive/texmf-dist/tex/latex/caption/subcaption.sty
Package: subcaption 2016/05/22 v1.1-161 Sub-captions (AR)
\c@subfigure=\count126
\c@subtable=\count127
)
(/usr/share/texlive/texmf-dist/tex/latex/float/float.sty
Package: float 2001/11/08 v1.3d Float enhancements (AL)
\c@float@type=\count128
\float@exts=\toks40
\float@box=\box39
\@float@everytoks=\toks41
\@floatcapt=\box40
)
(/usr/share/texlive/texmf-dist/tex/latex/hyperref/hyperref.sty
Package: hyperref 2016/06/24 v6.83q Hypertext links for LaTeX

(/usr/share/texlive/texmf-dist/tex/generic/oberdiek/hobsub-hyperref.sty
Package: hobsub-hyperref 2016/05/16 v1.14 Bundle oberdiek, subset hyperref (HO)


(/usr/share/texlive/texmf-dist/tex/generic/oberdiek/hobsub-generic.sty
Package: hobsub-generic 2016/05/16 v1.14 Bundle oberdiek, subset generic (HO)
Package: hobsub 2016/05/16 v1.14 Construct package bundles (HO)
Package hobsub Info: Skipping package `infwarerr' (already loaded).
Package hobsub Info: Skipping package `ltxcmds' (already loaded).
Package: ifluatex 2016/05/16 v1.4 Provides the ifluatex switch (HO)
Package ifluatex Info: LuaTeX not detected.
Package: ifvtex 2016/05/16 v1.6 Detect VTeX and its facilities (HO)
Package ifvtex Info: VTeX not detected.
Package: intcalc 2016/05/16 v1.2 Expandable calculations with integers (HO)
Package: ifpdf 2016/05/14 v3.1 Provides the ifpdf switch
Package: etexcmds 2016/05/16 v1.6 Avoid name clashes with e-TeX commands (HO)
Package etexcmds Info: Could not find \expanded.
(etexcmds)             That can mean that you are not using pdfTeX 1.50 or
(etexcmds)             that some package has redefined \expanded.
(etexcmds)             In the latter case, load this package earlier.
Package: kvsetkeys 2016/05/16 v1.17 Key value parser (HO)
Package: kvdefinekeys 2016/05/16 v1.4 Define keys (HO)
Package: pdftexcmds 2016/05/21 v0.22 Utility functions of pdfTeX for LuaTeX (HO
)
Package pdftexcmds Info: LuaTeX not detected.
Package pdftexcmds Info: \pdf@primitive is available.
Package pdftexcmds Info: \pdf@ifprimitive is available.
Package pdftexcmds Info: \pdfdraftmode found.
Package: pdfescape 2016/05/16 v1.14 Implements pdfTeX's escape features (HO)
Package: bigintcalc 2016/05/16 v1.4 Expandable calculations on big integers (HO
)
Package: bitset 2016/05/16 v1.2 Handle bit-vector datatype (HO)
Package: uniquecounter 2016/05/16 v1.3 Provide unlimited unique counter (HO)
)
Package hobsub Info: Skipping package `hobsub' (already loaded).
Package: letltxmacro 2016/05/16 v1.5 Let assignment for LaTeX macros (HO)
Package: hopatch 2016/05/16 v1.3 Wrapper for package hooks (HO)
Package: xcolor-patch 2016/05/16 xcolor patch
Package: atveryend 2016/05/16 v1.9 Hooks at the very end of document (HO)
Package atveryend Info: \enddocument detected (standard20110627).
Package: atbegshi 2016/06/09 v1.18 At begin shipout hook (HO)
Package: refcount 2016/05/16 v3.5 Data extraction from label references (HO)
Package: hycolor 2016/05/16 v1.8 Color options for hyperref/bookmark (HO)
)
(/usr/share/texlive/texmf-dist/tex/generic/ifxetex/ifxetex.sty
Package: ifxetex 2010/09/12 v0.6 Provides ifxetex conditional
)
(/usr/share/texlive/texmf-dist/tex/latex/oberdiek/auxhook.sty
Package: auxhook 2016/05/16 v1.4 Hooks for auxiliary files (HO)
)
(/usr/share/texlive/texmf-dist/tex/latex/oberdiek/kvoptions.sty
Package: kvoptions 2016/05/16 v3.12 Key value format for package options (HO)
)
\@linkdim=\dimen178
\Hy@linkcounter=\count129
\Hy@pagecounter=\count130

(/usr/share/texlive/texmf-dist/tex/latex/hyperref/pd1enc.def
File: pd1enc.def 2016/06/24 v6.83q Hyperref: PDFDocEncoding definition (HO)
Now handling font encoding PD1 ...
... no UTF-8 mapping file for font encoding PD1
)
\Hy@SavedSpaceFactor=\count131

(/usr/share/texlive/texmf-dist/tex/latex/latexconfig/hyperref.cfg
File: hyperref.cfg 2002/06/06 v1.2 hyperref configuration of TeXLive
)

Package hyperref Warning: Option `a4paper' is no longer used.

Package hyperref Info: Option `colorlinks' set `true' on input line 4362.
Package hyperref Info: Hyper figures OFF on input line 4486.
Package hyperref Info: Link nesting OFF on input line 4491.
Package hyperref Info: Hyper index ON on input line 4494.
Package hyperref Info: Plain pages OFF on input line 4501.
Package hyperref Info: Backreferencing OFF on input line 4506.
Package hyperref Info: Implicit mode ON; LaTeX internals redefined.
Package hyperref Info: Bookmarks ON on input line 4735.
\c@Hy@tempcnt=\count132
(/usr/share/texlive/texmf-dist/tex/latex/url/url.sty
\Urlmuskip=\muskip11
Package: url 2013/09/16  ver 3.4  Verb mode for urls, etc.
)
LaTeX Info: Redefining \url on input line 5088.
\XeTeXLinkMargin=\dimen179
\Fld@menulength=\count133
\Field@Width=\dimen180
\Fld@charsize=\dimen181
Package hyperref Info: Hyper figures OFF on input line 6342.
Package hyperref Info: Link nesting OFF on input line 6347.
Package hyperref Info: Hyper index ON on input line 6350.
Package hyperref Info: backreferencing OFF on input line 6357.
Package hyperref Info: Link coloring ON on input line 6360.
Package hyperref Info: Link coloring with OCG OFF on input line 6367.
Package hyperref Info: PDF/A mode OFF on input line 6372.
LaTeX Info: Redefining \ref on input line 6412.
LaTeX Info: Redefining \pageref on input line 6416.
\Hy@abspage=\count134
\c@Item=\count135
\c@Hfootnote=\count136
)

Package hyperref Message: Driver: hpdftex.

(/usr/share/texlive/texmf-dist/tex/latex/hyperref/hpdftex.def
File: hpdftex.def 2016/06/24 v6.83q Hyperref driver for pdfTeX
\Fld@listcount=\count137
\c@bookmark@seq@number=\count138

(/usr/share/texlive/texmf-dist/tex/latex/oberdiek/rerunfilecheck.sty
Package: rerunfilecheck 2016/05/16 v1.8 Rerun checks for auxiliary files (HO)
Package uniquecounter Info: New unique counter `rerunfilecheck' on input line 2
82.
)
\Hy@SectionHShift=\skip58
)
(/usr/share/texlive/texmf-dist/tex/latex/moreverb/moreverb.sty
Package: moreverb 2008/06/03 v2.3a `more' verbatim facilities

(/usr/share/texlive/texmf-dist/tex/latex/tools/verbatim.sty
Package: verbatim 2014/10/28 v1.5q LaTeX2e package for verbatim enhancements
\every@verbatim=\toks42
\verbatim@line=\toks43
\verbatim@in@stream=\read2
)
\tab@position=\count139
\tab@size=\count140
\listing@line=\count141
)
(/usr/share/texlive/texmf-dist/tex/latex/tools/enumerate.sty
Package: enumerate 2015/07/23 v3.00 enumerate extensions (DPC)
\@enLab=\toks44
)
\c@thm=\count142
\c@defn=\count143
\c@exa=\count144
\c@prop=\count145
\c@cor=\count146

(./Thesis-Draft.aux

LaTeX Warning: Label `eqn:eff' multiply defined.


LaTeX Warning: Label `' multiply defined.


LaTeX Warning: Label `sub@' multiply defined.


LaTeX Warning: Label `' multiply defined.


LaTeX Warning: Label `sub@' multiply defined.


LaTeX Warning: Label `' multiply defined.


LaTeX Warning: Label `sub@' multiply defined.


LaTeX Warning: Label `prop1' multiply defined.


LaTeX Warning: Label `' multiply defined.


LaTeX Warning: Label `' multiply defined.


LaTeX Warning: Label `' multiply defined.


LaTeX Warning: Label `' multiply defined.


LaTeX Warning: Label `' multiply defined.


LaTeX Warning: Label `sub@' multiply defined.


LaTeX Warning: Label `' multiply defined.


LaTeX Warning: Label `sub@' multiply defined.


LaTeX Warning: Label `' multiply defined.


LaTeX Warning: Label `sub@' multiply defined.


LaTeX Warning: Label `' multiply defined.


LaTeX Warning: Label `sub@' multiply defined.


LaTeX Warning: Label `' multiply defined.


LaTeX Warning: Label `' multiply defined.


LaTeX Warning: Label `sub@' multiply defined.


LaTeX Warning: Label `' multiply defined.


LaTeX Warning: Label `sub@' multiply defined.


LaTeX Warning: Label `' multiply defined.


LaTeX Warning: Label `sub@' multiply defined.


LaTeX Warning: Label `' multiply defined.


LaTeX Warning: Label `sub@' multiply defined.


LaTeX Warning: Label `' multiply defined.


LaTeX Warning: Label `' multiply defined.


LaTeX Warning: Label `' multiply defined.


LaTeX Warning: Label `sub@' multiply defined.


LaTeX Warning: Label `' multiply defined.


LaTeX Warning: Label `sub@' multiply defined.


LaTeX Warning: Label `' multiply defined.


LaTeX Warning: Label `sub@' multiply defined.


LaTeX Warning: Label `' multiply defined.


LaTeX Warning: Label `sub@' multiply defined.


LaTeX Warning: Label `' multiply defined.


LaTeX Warning: Label `' multiply defined.


LaTeX Warning: Label `sub@' multiply defined.


LaTeX Warning: Label `' multiply defined.


LaTeX Warning: Label `sub@' multiply defined.


LaTeX Warning: Label `' multiply defined.


LaTeX Warning: Label `sub@' multiply defined.


LaTeX Warning: Label `' multiply defined.


LaTeX Warning: Label `sub@' multiply defined.


LaTeX Warning: Label `' multiply defined.


LaTeX Warning: Label `' multiply defined.


LaTeX Warning: Label `' multiply defined.


LaTeX Warning: Label `sub@' multiply defined.


LaTeX Warning: Label `' multiply defined.


LaTeX Warning: Label `sub@' multiply defined.


LaTeX Warning: Label `' multiply defined.


LaTeX Warning: Label `sub@' multiply defined.


LaTeX Warning: Label `' multiply defined.


LaTeX Warning: Label `sub@' multiply defined.


LaTeX Warning: Label `' multiply defined.


LaTeX Warning: Label `' multiply defined.


LaTeX Warning: Label `sub@' multiply defined.


LaTeX Warning: Label `' multiply defined.


LaTeX Warning: Label `sub@' multiply defined.


LaTeX Warning: Label `' multiply defined.


LaTeX Warning: Label `sub@' multiply defined.


LaTeX Warning: Label `' multiply defined.


LaTeX Warning: Label `sub@' multiply defined.


LaTeX Warning: Label `' multiply defined.

)
\openout1 = `Thesis-Draft.aux'.

LaTeX Font Info:    Checking defaults for OML/cmm/m/it on input line 57.
LaTeX Font Info:    ... okay on input line 57.
LaTeX Font Info:    Checking defaults for T1/cmr/m/n on input line 57.
LaTeX Font Info:    ... okay on input line 57.
LaTeX Font Info:    Checking defaults for OT1/cmr/m/n on input line 57.
LaTeX Font Info:    ... okay on input line 57.
LaTeX Font Info:    Checking defaults for OMS/cmsy/m/n on input line 57.
LaTeX Font Info:    ... okay on input line 57.
LaTeX Font Info:    Checking defaults for OMX/cmex/m/n on input line 57.
LaTeX Font Info:    ... okay on input line 57.
LaTeX Font Info:    Checking defaults for U/cmr/m/n on input line 57.
LaTeX Font Info:    ... okay on input line 57.
LaTeX Font Info:    Checking defaults for PD1/pdf/m/n on input line 57.
LaTeX Font Info:    ... okay on input line 57.
 ABD: EveryShipout initializing macros
(/usr/share/texlive/texmf-dist/tex/context/base/mkii/supp-pdf.mkii
[Loading MPS to PDF converter (version 2006.09.02).]
\scratchcounter=\count147
\scratchdimen=\dimen182
\scratchbox=\box41
\nofMPsegments=\count148
\nofMParguments=\count149
\everyMPshowfont=\toks45
\MPscratchCnt=\count150
\MPscratchDim=\dimen183
\MPnumerator=\count151
\makeMPintoPDFobject=\count152
\everyMPtoPDFconversion=\toks46
) (/usr/share/texlive/texmf-dist/tex/latex/oberdiek/epstopdf-base.sty
Package: epstopdf-base 2016/05/15 v2.6 Base part for package epstopdf

(/usr/share/texlive/texmf-dist/tex/latex/oberdiek/grfext.sty
Package: grfext 2016/05/16 v1.2 Manage graphics extensions (HO)
)
Package epstopdf-base Info: Redefining graphics rule for `.eps' on input line 4
38.
Package grfext Info: Graphics extension search list:
(grfext)             [.png,.pdf,.jpg,.mps,.jpeg,.jbig2,.jb2,.PNG,.PDF,.JPG,.JPE
G,.JBIG2,.JB2,.eps]
(grfext)             \AppendGraphicsExtensions on input line 456.

(/usr/share/texlive/texmf-dist/tex/latex/latexconfig/epstopdf-sys.cfg
File: epstopdf-sys.cfg 2010/07/13 v1.3 Configuration of (r)epstopdf for TeX Liv
e
))
Package caption Info: Begin \AtBeginDocument code.
Package caption Info: float package is loaded.
Package caption Info: hyperref package is loaded.
Package caption Info: End \AtBeginDocument code.
\AtBeginShipoutBox=\box42
Package hyperref Info: Link coloring ON on input line 57.

(/usr/share/texlive/texmf-dist/tex/latex/hyperref/nameref.sty
Package: nameref 2016/05/21 v2.44 Cross-referencing by name of section

(/usr/share/texlive/texmf-dist/tex/generic/oberdiek/gettitlestring.sty
Package: gettitlestring 2016/05/16 v1.5 Cleanup title references (HO)
)
\c@section@level=\count153
)
LaTeX Info: Redefining \ref on input line 57.
LaTeX Info: Redefining \pageref on input line 57.
LaTeX Info: Redefining \nameref on input line 57.

(./Thesis-Draft.out) (./Thesis-Draft.out)
\@outlinefile=\write4
\openout4 = `Thesis-Draft.out'.

LaTeX Font Info:    Try loading font information for U+msa on input line 59.

(/usr/share/texlive/texmf-dist/tex/latex/amsfonts/umsa.fd
File: umsa.fd 2013/01/14 v3.01 AMS symbols A
)
LaTeX Font Info:    Try loading font information for U+msb on input line 59.

(/usr/share/texlive/texmf-dist/tex/latex/amsfonts/umsb.fd
File: umsb.fd 2013/01/14 v3.01 AMS symbols B
)
LaTeX Font Info:    Try loading font information for U+lasy on input line 59.

(/usr/share/texlive/texmf-dist/tex/latex/base/ulasy.fd
File: ulasy.fd 1998/08/17 v2.2e LaTeX symbol font definitions
)
LaTeX Font Info:    Try loading font information for U+rsfs on input line 59.

(/usr/share/texlive/texmf-dist/tex/latex/jknapltx/ursfs.fd
File: ursfs.fd 1998/03/24 rsfs font definition file (jk)
)
LaTeX Font Info:    Try loading font information for OMS+cmr on input line 65.

(/usr/share/texlive/texmf-dist/tex/latex/base/omscmr.fd
File: omscmr.fd 2014/09/29 v2.5h Standard LaTeX font definitions
)
LaTeX Font Info:    Font shape `OMS/cmr/m/n' in size <10> not available
(Font)              Font shape `OMS/cmsy/m/n' tried instead on input line 65.
 [1

{/var/lib/texmf/fonts/map/pdftex/updmap/pdftex.map}]
<images/koningsberg.png, id=336, 363.3575pt x 139.52126pt>
File: images/koningsberg.png Graphic file (type png)

<use images/koningsberg.png>
Package pdftex.def Info: images/koningsberg.png used on input line 107.
(pdftex.def)             Requested size: 203.83417pt x 78.26974pt.

<images/bridge-graph.pdf, id=337, 38.1425pt x 38.1425pt>
File: images/bridge-graph.pdf Graphic file (type pdf)

<use images/bridge-graph.pdf>
Package pdftex.def Info: images/bridge-graph.pdf used on input line 113.
(pdftex.def)             Requested size: 86.065pt x 86.0689pt.


LaTeX Warning: Reference `fig:graphtypes' on page 2 undefined on input line 139
.


LaTeX Warning: Hyper reference `weightedgraph' on page 2 undefined on input lin
e 139.


LaTeX Warning: Reference `sub@weightedgraph' on page 2 undefined on input line 
139.

[2 <./images/koningsberg.png> <./images/bridge-graph.pdf>] [3]
<images/social-network_3.png, id=430, 602.25pt x 360.34625pt>
File: images/social-network_3.png Graphic file (type png)

<use images/social-network_3.png>
Package pdftex.def Info: images/social-network_3.png used on input line 191.
(pdftex.def)             Requested size: 181.18439pt x 108.40712pt.

<images/citation.jpg, id=431, 501.875pt x 362.35374pt>
File: images/citation.jpg Graphic file (type jpg)

<use images/citation.jpg>
Package pdftex.def Info: images/citation.jpg used on input line 197.
(pdftex.def)             Requested size: 181.18439pt x 130.81769pt.

<images/foodweb.jpeg, id=432, 445.665pt x 319.1925pt>
File: images/foodweb.jpeg Graphic file (type jpg)

<use images/foodweb.jpeg>
Package pdftex.def Info: images/foodweb.jpeg used on input line 203.
(pdftex.def)             Requested size: 181.18439pt x 129.76903pt.

<images/computer-2.png, id=433, 1075.01625pt x 727.71875pt>
File: images/computer-2.png Graphic file (type png)

<use images/computer-2.png>
Package pdftex.def Info: images/computer-2.png used on input line 209.
(pdftex.def)             Requested size: 181.18439pt x 122.64455pt.
 [4 <./images/social-network_3.png (PNG copy)> <./images/citation.jpg> <./image
s/foodweb.jpeg> <./images/computer-2.png>] [5]
[6] [7]
Underfull \hbox (badness 10000) in paragraph at lines 453--454

 []

[8] [9] <images/degree-prob.pdf, id=613, 49.18375pt x 32.12pt>
File: images/degree-prob.pdf Graphic file (type pdf)

<use images/degree-prob.pdf>
Package pdftex.def Info: images/degree-prob.pdf used on input line 543.
(pdftex.def)             Requested size: 135.89174pt x 88.76642pt.

<images/gaussian.png, id=617, 586.8324pt x 442.2924pt>
File: images/gaussian.png Graphic file (type png)

<use images/gaussian.png>
Package pdftex.def Info: images/gaussian.png used on input line 573.
(pdftex.def)             Requested size: 203.83417pt x 153.62361pt.
 <images/pois.png, id=619, 586.8324pt x 442.2924pt>
File: images/pois.png Graphic file (type png)

<use images/pois.png>
Package pdftex.def Info: images/pois.png used on input line 578.
(pdftex.def)             Requested size: 203.83417pt x 153.62361pt.
 <images/exp.png, id=620, 586.8324pt x 442.2924pt>
File: images/exp.png Graphic file (type png)

<use images/exp.png>
Package pdftex.def Info: images/exp.png used on input line 583.
(pdftex.def)             Requested size: 203.83417pt x 153.62361pt.
 <images/p-law.png, id=621, 586.8324pt x 442.2924pt>
File: images/p-law.png Graphic file (type png)

<use images/p-law.png>
Package pdftex.def Info: images/p-law.png used on input line 588.
(pdftex.def)             Requested size: 203.83417pt x 153.62361pt.
 [10 <./images/degree-prob.pdf>]
<images/noisyplot.png, id=651, 411.136pt x 308.352pt>
File: images/noisyplot.png Graphic file (type png)

<use images/noisyplot.png>
Package pdftex.def Info: images/noisyplot.png used on input line 613.
(pdftex.def)             Requested size: 172.13pt x 129.09761pt.
 <images/cfdplot.png, id=652, 423.984pt x 338.063pt>
File: images/cfdplot.png Graphic file (type png)

<use images/cfdplot.png>
Package pdftex.def Info: images/cfdplot.png used on input line 619.
(pdftex.def)             Requested size: 172.13pt x 137.25006pt.
 [11 <./images/gaussian.png> <./images/pois.png> <./images/exp.png> <./images/p
-law.png>] [12 <./images/noisyplot.png (PNG copy)> <./images/cfdplot.png (PNG c
opy)>] [13]
<images/sameDegreeDistribution.pdf, id=721, 178.6675pt x 133.49875pt>
File: images/sameDegreeDistribution.pdf Graphic file (type pdf)

<use images/sameDegreeDistribution.pdf>
Package pdftex.def Info: images/sameDegreeDistribution.pdf used on input line 7
11.
(pdftex.def)             Requested size: 158.54152pt x 118.4672pt.

<images/sameDegreeDistribution2.pdf, id=722, 189.70876pt x 135.50626pt>
File: images/sameDegreeDistribution2.pdf Graphic file (type pdf)

<use images/sameDegreeDistribution2.pdf>
Package pdftex.def Info: images/sameDegreeDistribution2.pdf used on input line 
716.
(pdftex.def)             Requested size: 158.54152pt x 113.24551pt.

Overfull \hbox (31.54552pt too wide) in paragraph at lines 710--737
 [][]  []  [] 
 []

[14 <./images/sameDegreeDistribution.pdf> <./images/sameDegreeDistribution2.pdf
>] [15] [16] <images/graph-isomorphism1.pdf, id=797, 198.7425pt x 109.40875pt>
File: images/graph-isomorphism1.pdf Graphic file (type pdf)

<use images/graph-isomorphism1.pdf>
Package pdftex.def Info: images/graph-isomorphism1.pdf used on input line 854.
(pdftex.def)             Requested size: 158.54152pt x 87.28001pt.

<images/graph-isomorphism2.pdf, id=798, 176.66pt x 129.48375pt>
File: images/graph-isomorphism2.pdf Graphic file (type pdf)

<use images/graph-isomorphism2.pdf>
Package pdftex.def Info: images/graph-isomorphism2.pdf used on input line 859.
(pdftex.def)             Requested size: 158.54152pt x 116.20432pt.
 [17 <./images/graph-isomorphism1.pdf> <./images/graph-isomorphism2.pdf>]
Underfull \hbox (badness 10000) in paragraph at lines 880--883

 []


Underfull \hbox (badness 10000) in paragraph at lines 892--894

 []

[18]

LaTeX Warning: Command \textendash invalid in math mode on input line 934.


LaTeX Warning: Command \textendash invalid in math mode on input line 934.


LaTeX Warning: Command \textendash invalid in math mode on input line 934.


LaTeX Warning: Command \textendash invalid in math mode on input line 934.

<images/VoronoiDiagram.png, id=843, 384.43625pt x 349.305pt>
File: images/VoronoiDiagram.png Graphic file (type png)

<use images/VoronoiDiagram.png>
Package pdftex.def Info: images/VoronoiDiagram.png used on input line 942.
(pdftex.def)             Requested size: 135.89174pt x 123.4738pt.

<images/voronoiandDelanauy.png, id=844, 383.4325pt x 349.305pt>
File: images/voronoiandDelanauy.png Graphic file (type png)

<use images/voronoiandDelanauy.png>
Package pdftex.def Info: images/voronoiandDelanauy.png used on input line 947.
(pdftex.def)             Requested size: 135.89174pt x 123.79893pt.
 [19] [20 <./images/VoronoiDiagram.png> <./images/voronoiandDelanauy.png>] [21]
 [22]
LaTeX Font Info:    Font shape `U/lasy/b/n' in size <7> not available
(Font)              Font shape `U/lasy/m/n' tried instead on input line 1089.
LaTeX Font Info:    Font shape `U/lasy/b/n' in size <5> not available
(Font)              Font shape `U/lasy/m/n' tried instead on input line 1089.
 [23]
<images/diffusion-graph.pdf, id=939, 53.19875pt x 34.1275pt>
File: images/diffusion-graph.pdf Graphic file (type pdf)

<use images/diffusion-graph.pdf>
Package pdftex.def Info: images/diffusion-graph.pdf used on input line 1127.
(pdftex.def)             Requested size: 131.35764pt x 84.28429pt.

<images/Diffusion-on-network-new.png, id=940, 561.09625pt x 383.4325pt>
File: images/Diffusion-on-network-new.png Graphic file (type png)

<use images/Diffusion-on-network-new.png>
Package pdftex.def Info: images/Diffusion-on-network-new.png used on input line
 1132.
(pdftex.def)             Requested size: 203.83417pt x 139.28764pt.
 [24 <./images/diffusion-graph.pdf> <./images/Diffusion-on-network-new.png>]
<images/Barabasi-normalDiffusion.png, id=958, 551.05875pt x 379.4175pt>
File: images/Barabasi-normalDiffusion.png Graphic file (type png)

<use images/Barabasi-normalDiffusion.png>
Package pdftex.def Info: images/Barabasi-normalDiffusion.png used on input line
 1152.
(pdftex.def)             Requested size: 203.83417pt x 140.34174pt.

<images/E-R-normalDiffusion.png, id=959, 554.07pt x 373.395pt>
File: images/E-R-normalDiffusion.png Graphic file (type png)

<use images/E-R-normalDiffusion.png>
Package pdftex.def Info: images/E-R-normalDiffusion.png used on input line 1157
.
(pdftex.def)             Requested size: 203.83417pt x 137.36772pt.

<images/quantity-time-exponents-x0.png, id=973, 551.05875pt x 359.3425pt>
File: images/quantity-time-exponents-x0.png Graphic file (type png)

<use images/quantity-time-exponents-x0.png>
Package pdftex.def Info: images/quantity-time-exponents-x0.png used on input li
ne 1212.
(pdftex.def)             Requested size: 144.95303pt x 94.52347pt.

<images/quantity-time-exponents-x01.png, id=974, 545.03625pt x 363.3575pt>
File: images/quantity-time-exponents-x01.png Graphic file (type png)

<use images/quantity-time-exponents-x01.png>
Package pdftex.def Info: images/quantity-time-exponents-x01.png used on input l
ine 1217.
(pdftex.def)             Requested size: 144.95303pt x 96.63303pt.

<images/quantity-time-exponents-x03.png, id=975, 474.77374pt x 309.155pt>
File: images/quantity-time-exponents-x03.png Graphic file (type png)

<use images/quantity-time-exponents-x03.png>
Package pdftex.def Info: images/quantity-time-exponents-x03.png used on input l
ine 1222.
(pdftex.def)             Requested size: 144.95303pt x 94.38884pt.

<images/legend-gamma.png, id=976, 777.90625pt x 63.23625pt>
File: images/legend-gamma.png Graphic file (type png)

<use images/legend-gamma.png>
Package pdftex.def Info: images/legend-gamma.png used on input line 1227.
(pdftex.def)             Requested size: 362.37569pt x 29.45857pt.
 [25 <./images/Barabasi-normalDiffusion.png> <./images/E-R-normalDiffusion.png>
]
<images/BA-degreesource.png, id=989, 532.99126pt x 355.3275pt>
File: images/BA-degreesource.png Graphic file (type png)

<use images/BA-degreesource.png>
Package pdftex.def Info: images/BA-degreesource.png used on input line 1239.
(pdftex.def)             Requested size: 203.83417pt x 135.88791pt.

<images/BA-randomsource.png, id=990, 544.0325pt x 358.33875pt>
File: images/BA-randomsource.png Graphic file (type png)

<use images/BA-randomsource.png>
Package pdftex.def Info: images/BA-randomsource.png used on input line 1244.
(pdftex.def)             Requested size: 203.83417pt x 134.26187pt.

<images/ER-degreesource.png, id=991, 562.1pt x 368.37625pt>
File: images/ER-degreesource.png Graphic file (type png)

<use images/ER-degreesource.png>
Package pdftex.def Info: images/ER-degreesource.png used on input line 1249.
(pdftex.def)             Requested size: 203.83417pt x 133.58214pt.

<images/ER-randomsource.png, id=992, 539.01375pt x 360.34625pt>
File: images/ER-randomsource.png Graphic file (type png)

<use images/ER-randomsource.png>
Package pdftex.def Info: images/ER-randomsource.png used on input line 1254.
(pdftex.def)             Requested size: 203.83417pt x 136.26768pt.
 [26 <./images/quantity-time-exponents-x0.png> <./images/quantity-time-exponent
s-x01.png> <./images/quantity-time-exponents-x03.png> <./images/legend-gamma.pn
g>] [27 <./images/BA-degreesource.png> <./images/BA-randomsource.png> <./images
/ER-degreesource.png> <./images/ER-randomsource.png>] [28] <images/balanceDigra
ph.pdf, id=1034, 182.6825pt x 111.41624pt>
File: images/balanceDigraph.pdf Graphic file (type pdf)

<use images/balanceDigraph.pdf>
Package pdftex.def Info: images/balanceDigraph.pdf used on input line 1340.
(pdftex.def)             Requested size: 181.18439pt x 110.50812pt.

<images/Balanced-digraph-diffusion.png, id=1035, 547.04375pt x 351.3125pt>
File: images/Balanced-digraph-diffusion.png Graphic file (type png)

<use images/Balanced-digraph-diffusion.png>
Package pdftex.def Info: images/Balanced-digraph-diffusion.png used on input li
ne 1345.
(pdftex.def)             Requested size: 226.48395pt x 145.44888pt.

<images/UnbalanceDigraph.pdf, id=1036, 182.6825pt x 111.41624pt>
File: images/UnbalanceDigraph.pdf Graphic file (type pdf)

<use images/UnbalanceDigraph.pdf>
Package pdftex.def Info: images/UnbalanceDigraph.pdf used on input line 1350.
(pdftex.def)             Requested size: 181.18439pt x 110.50812pt.

<images/non-balnceddigraph-difusion.png, id=1037, 544.0325pt x 361.35pt>
File: images/non-balnceddigraph-difusion.png Graphic file (type png)

<use images/non-balnceddigraph-difusion.png>
Package pdftex.def Info: images/non-balnceddigraph-difusion.png used on input l
ine 1355.
(pdftex.def)             Requested size: 226.48395pt x 150.43164pt.
 [29] [30 <./images/balanceDigraph.pdf> <./images/Balanced-digraph-diffusion.pn
g> <./images/UnbalanceDigraph.pdf> <./images/non-balnceddigraph-difusion.png>]

Package hyperref Warning: Token not allowed in a PDF string (PDFDocEncoding):
(hyperref)                removing `math shift' on input line 1409.


Package hyperref Warning: Token not allowed in a PDF string (PDFDocEncoding):
(hyperref)                removing `subscript' on input line 1409.


Package hyperref Warning: Token not allowed in a PDF string (PDFDocEncoding):
(hyperref)                removing `math shift' on input line 1409.

<images/nodecharge1.png, id=1078, 320.19624pt x 139.52126pt>
File: images/nodecharge1.png Graphic file (type png)

<use images/nodecharge1.png>
Package pdftex.def Info: images/nodecharge1.png used on input line 1416.
(pdftex.def)             Requested size: 135.89174pt x 59.21378pt.

<images/nodecharge11.png, id=1079, 320.19624pt x 155.58125pt>
File: images/nodecharge11.png Graphic file (type png)

<use images/nodecharge11.png>
Package pdftex.def Info: images/nodecharge11.png used on input line 1421.
(pdftex.def)             Requested size: 135.89174pt x 66.02974pt.

<images/nodecharge2.png, id=1080, 338.26375pt x 139.52126pt>
File: images/nodecharge2.png Graphic file (type png)

<use images/nodecharge2.png>
Package pdftex.def Info: images/nodecharge2.png used on input line 1426.
(pdftex.def)             Requested size: 135.89174pt x 56.05232pt.


LaTeX Warning: Hyper reference `polarity1' on page 31 undefined on input line 1
430.


LaTeX Warning: Reference `sub@polarity1' on page 31 undefined on input line 143
0.


LaTeX Warning: Hyper reference `polarity1' on page 31 undefined on input line 1
430.


LaTeX Warning: Reference `sub@polarity1' on page 31 undefined on input line 143
0.

File: images/nodecharge1.png Graphic file (type png)
<use images/nodecharge1.png>
Package pdftex.def Info: images/nodecharge1.png used on input line 1438.
(pdftex.def)             Requested size: 135.89174pt x 59.21378pt.

<images/nodecharge41.png, id=1085, 320.19624pt x 151.56625pt>
File: images/nodecharge41.png Graphic file (type png)

<use images/nodecharge41.png>
Package pdftex.def Info: images/nodecharge41.png used on input line 1443.
(pdftex.def)             Requested size: 135.89174pt x 64.32576pt.

<images/nodecharge4.png, id=1086, 324.21124pt x 151.56625pt>
File: images/nodecharge4.png Graphic file (type png)

<use images/nodecharge4.png>
Package pdftex.def Info: images/nodecharge4.png used on input line 1448.
(pdftex.def)             Requested size: 135.89174pt x 63.52786pt.

Underfull \hbox (badness 10000) in paragraph at lines 1455--1456

 []

[31 <./images/nodecharge1.png (PNG copy)> <./images/nodecharge11.png (PNG copy)
> <./images/nodecharge2.png (PNG copy)> <./images/nodecharge41.png (PNG copy)> 
<./images/nodecharge4.png (PNG copy)>]
Underfull \hbox (badness 10000) in paragraph at lines 1457--1458

 []


Underfull \hbox (badness 10000) in paragraph at lines 1462--1463

 []

<images/sample-lap2.pdf, id=1104, 159.59625pt x 113.42375pt>
File: images/sample-lap2.pdf Graphic file (type pdf)

<use images/sample-lap2.pdf>
Package pdftex.def Info: images/sample-lap2.pdf used on input line 1471.
(pdftex.def)             Requested size: 135.89174pt x 96.57678pt.
 [32 <./images/sample-lap2.pdf>]
Underfull \hbox (badness 10000) in paragraph at lines 1546--1548

 []


Underfull \hbox (badness 10000) in paragraph at lines 1550--1552

 []


LaTeX Warning: Reference `equatezero' on page 33 undefined on input line 1779.

[33]

Package hyperref Warning: Token not allowed in a PDF string (PDFDocEncoding):
(hyperref)                removing `math shift' on input line 1825.


Package hyperref Warning: Token not allowed in a PDF string (PDFDocEncoding):
(hyperref)                removing `subscript' on input line 1825.


Package hyperref Warning: Token not allowed in a PDF string (PDFDocEncoding):
(hyperref)                removing `math shift' on input line 1825.

[34] [35] <images/Barabasi-Mellin15.png, id=1209, 440.64626pt x 288.07625pt>
File: images/Barabasi-Mellin15.png Graphic file (type png)

<use images/Barabasi-Mellin15.png>
Package pdftex.def Info: images/Barabasi-Mellin15.png used on input line 1958.
(pdftex.def)             Requested size: 203.83417pt x 133.25954pt.

<images/Barabasi-Laplace15.png, id=1210, 446.66875pt x 303.1325pt>
File: images/Barabasi-Laplace15.png Graphic file (type png)

<use images/Barabasi-Laplace15.png>
Package pdftex.def Info: images/Barabasi-Laplace15.png used on input line 1963.

(pdftex.def)             Requested size: 203.83417pt x 138.33253pt.

<images/Barabasi-Mellin2.png, id=1211, 454.69875pt x 294.09875pt>
File: images/Barabasi-Mellin2.png Graphic file (type png)

<use images/Barabasi-Mellin2.png>
Package pdftex.def Info: images/Barabasi-Mellin2.png used on input line 1968.
(pdftex.def)             Requested size: 203.83417pt x 131.84059pt.

<images/Barabasi-Laplace2.png, id=1212, 449.68pt x 306.14375pt>
File: images/Barabasi-Laplace2.png Graphic file (type png)

<use images/Barabasi-Laplace2.png>
Package pdftex.def Info: images/Barabasi-Laplace2.png used on input line 1973.
(pdftex.def)             Requested size: 203.83417pt x 138.77242pt.

<images/Barabasi-Mellin3.png, id=1213, 461.725pt x 304.13625pt>
File: images/Barabasi-Mellin3.png Graphic file (type png)

<use images/Barabasi-Mellin3.png>
Package pdftex.def Info: images/Barabasi-Mellin3.png used on input line 1978.
(pdftex.def)             Requested size: 203.83417pt x 134.26587pt.

<images/Barabasi-Laplace3.png, id=1214, 449.68pt x 311.1625pt>
File: images/Barabasi-Laplace3.png Graphic file (type png)

<use images/Barabasi-Laplace3.png>
Package pdftex.def Info: images/Barabasi-Laplace3.png used on input line 1983.
(pdftex.def)             Requested size: 203.83417pt x 141.04738pt.
 [36]
<images/Erdos-Mellin15.png, id=1225, 459.7175pt x 309.155pt>
File: images/Erdos-Mellin15.png Graphic file (type png)

<use images/Erdos-Mellin15.png>
Package pdftex.def Info: images/Erdos-Mellin15.png used on input line 1995.
(pdftex.def)             Requested size: 203.83417pt x 137.07585pt.

<images/Erdos-Laplace15.png, id=1226, 473.77pt x 317.185pt>
File: images/Erdos-Laplace15.png Graphic file (type png)

<use images/Erdos-Laplace15.png>
Package pdftex.def Info: images/Erdos-Laplace15.png used on input line 2000.
(pdftex.def)             Requested size: 203.83417pt x 136.46431pt.

<images/Erdos-Mellin2.png, id=1227, 453.695pt x 299.1175pt>
File: images/Erdos-Mellin2.png Graphic file (type png)

<use images/Erdos-Mellin2.png>
Package pdftex.def Info: images/Erdos-Mellin2.png used on input line 2005.
(pdftex.def)             Requested size: 203.83417pt x 134.3871pt.

<images/Erdos-Laplace2.png, id=1228, 469.755pt x 299.1175pt>
File: images/Erdos-Laplace2.png Graphic file (type png)

<use images/Erdos-Laplace2.png>
Package pdftex.def Info: images/Erdos-Laplace2.png used on input line 2010.
(pdftex.def)             Requested size: 203.83417pt x 129.791pt.

<images/Erdos-Mellin3.png, id=1229, 458.71375pt x 304.13625pt>
File: images/Erdos-Mellin3.png Graphic file (type png)

<use images/Erdos-Mellin3.png>
Package pdftex.def Info: images/Erdos-Mellin3.png used on input line 2015.
(pdftex.def)             Requested size: 203.83417pt x 135.1476pt.

<images/Erdos-Laplace3.png, id=1230, 474.77374pt x 315.1775pt>
File: images/Erdos-Laplace3.png Graphic file (type png)

<use images/Erdos-Laplace3.png>
Package pdftex.def Info: images/Erdos-Laplace3.png used on input line 2020.
(pdftex.def)             Requested size: 203.83417pt x 135.31207pt.
 [37 <./images/Barabasi-Mellin15.png> <./images/Barabasi-Laplace15.png> <./imag
es/Barabasi-Mellin2.png> <./images/Barabasi-Laplace2.png> <./images/Barabasi-Me
llin3.png> <./images/Barabasi-Laplace3.png>]
<images/nolongrange-t0.png, id=1248, 433.62pt x 289.08pt>
File: images/nolongrange-t0.png Graphic file (type png)

<use images/nolongrange-t0.png>
Package pdftex.def Info: images/nolongrange-t0.png used on input line 2035.
(pdftex.def)             Requested size: 113.24197pt x 75.49425pt.

<images/nolongrange-t05.png, id=1249, 433.62pt x 289.08pt>
File: images/nolongrange-t05.png Graphic file (type png)

<use images/nolongrange-t05.png>
Package pdftex.def Info: images/nolongrange-t05.png used on input line 2040.
(pdftex.def)             Requested size: 113.24197pt x 75.49425pt.

<images/nolongrange-t3.png, id=1250, 433.62pt x 289.08pt>
File: images/nolongrange-t3.png Graphic file (type png)

<use images/nolongrange-t3.png>
Package pdftex.def Info: images/nolongrange-t3.png used on input line 2045.
(pdftex.def)             Requested size: 113.24197pt x 75.49425pt.

<images/nolongrange-t5.png, id=1251, 433.62pt x 289.08pt>
File: images/nolongrange-t5.png Graphic file (type png)

<use images/nolongrange-t5.png>
Package pdftex.def Info: images/nolongrange-t5.png used on input line 2050.
(pdftex.def)             Requested size: 113.24197pt x 75.49425pt.

Overfull \hbox (13.33328pt too wide) in paragraph at lines 2034--2053
 [][]  []  []  [] 
 []

<images/laplace-x3-t0.png, id=1252, 433.62pt x 289.08pt>
File: images/laplace-x3-t0.png Graphic file (type png)

<use images/laplace-x3-t0.png>
Package pdftex.def Info: images/laplace-x3-t0.png used on input line 2055.
(pdftex.def)             Requested size: 113.24197pt x 75.49425pt.

<images/laplace-x3-t05.png, id=1253, 433.62pt x 289.08pt>
File: images/laplace-x3-t05.png Graphic file (type png)

<use images/laplace-x3-t05.png>
Package pdftex.def Info: images/laplace-x3-t05.png used on input line 2060.
(pdftex.def)             Requested size: 113.24197pt x 75.49425pt.

<images/laplace-x3-t3.png, id=1254, 433.62pt x 289.08pt>
File: images/laplace-x3-t3.png Graphic file (type png)

<use images/laplace-x3-t3.png>
Package pdftex.def Info: images/laplace-x3-t3.png used on input line 2065.
(pdftex.def)             Requested size: 113.24197pt x 75.49425pt.

<images/laplace-x3-t5.png, id=1255, 433.62pt x 289.08pt>
File: images/laplace-x3-t5.png Graphic file (type png)

<use images/laplace-x3-t5.png>
Package pdftex.def Info: images/laplace-x3-t5.png used on input line 2070.
(pdftex.def)             Requested size: 113.24197pt x 75.49425pt.

Overfull \hbox (13.33328pt too wide) in paragraph at lines 2054--2073
 [][]  []  []  [] 
 []

<images/mellin-x3-t0.png, id=1256, 433.62pt x 289.08pt>
File: images/mellin-x3-t0.png Graphic file (type png)

<use images/mellin-x3-t0.png>
Package pdftex.def Info: images/mellin-x3-t0.png used on input line 2075.
(pdftex.def)             Requested size: 113.24197pt x 75.49425pt.

<images/mellin-x3-t05.png, id=1257, 433.62pt x 289.08pt>
File: images/mellin-x3-t05.png Graphic file (type png)

<use images/mellin-x3-t05.png>
Package pdftex.def Info: images/mellin-x3-t05.png used on input line 2080.
(pdftex.def)             Requested size: 113.24197pt x 75.49425pt.

<images/mellin-x3-t3.png, id=1258, 433.62pt x 289.08pt>
File: images/mellin-x3-t3.png Graphic file (type png)

<use images/mellin-x3-t3.png>
Package pdftex.def Info: images/mellin-x3-t3.png used on input line 2085.
(pdftex.def)             Requested size: 113.24197pt x 75.49425pt.

<images/mellin-x3-t5.png, id=1259, 433.62pt x 289.08pt>
File: images/mellin-x3-t5.png Graphic file (type png)

<use images/mellin-x3-t5.png>
Package pdftex.def Info: images/mellin-x3-t5.png used on input line 2090.
(pdftex.def)             Requested size: 113.24197pt x 75.49425pt.

Overfull \hbox (13.33328pt too wide) in paragraph at lines 2074--2093
 [][]  []  []  [] 
 []

<images/colour-bar-grid.png, id=1260, 738.76pt x 69.25874pt>
File: images/colour-bar-grid.png Graphic file (type png)

<use images/colour-bar-grid.png>
Package pdftex.def Info: images/colour-bar-grid.png used on input line 2095.
(pdftex.def)             Requested size: 203.83417pt x 19.10909pt.


LaTeX Warning: `!h' float specifier changed to `!ht'.

[38 <./images/Erdos-Mellin15.png> <./images/Erdos-Laplace15.png> <./images/Erdo
s-Mellin2.png> <./images/Erdos-Laplace2.png> <./images/Erdos-Mellin3.png> <./im
ages/Erdos-Laplace3.png>] [39 <./images/nolongrange-t0.png> <./images/nolongran
ge-t05.png> <./images/nolongrange-t3.png> <./images/nolongrange-t5.png> <./imag
es/laplace-x3-t0.png> <./images/laplace-x3-t05.png> <./images/laplace-x3-t3.png
> <./images/laplace-x3-t5.png> <./images/mellin-x3-t0.png> <./images/mellin-x3-
t05.png> <./images/mellin-x3-t3.png> <./images/mellin-x3-t5.png> <./images/colo
ur-bar-grid.png>] [40]
<images/kernel-graphs.pdf, id=1343, 281.05pt x 164.615pt>
File: images/kernel-graphs.pdf Graphic file (type pdf)

<use images/kernel-graphs.pdf>
Package pdftex.def Info: images/kernel-graphs.pdf used on input line 2182.
(pdftex.def)             Requested size: 203.83417pt x 119.38928pt.

<images/Trace-kernel-plot.png, id=1344, 439.6425pt x 302.12875pt>
File: images/Trace-kernel-plot.png Graphic file (type png)

<use images/Trace-kernel-plot.png>
Package pdftex.def Info: images/Trace-kernel-plot.png used on input line 2187.
(pdftex.def)             Requested size: 203.83417pt x 140.0735pt.

<images/traceisomorphism2.pdf, id=1352, 209.78375pt x 138.5175pt>
File: images/traceisomorphism2.pdf Graphic file (type pdf)

<use images/traceisomorphism2.pdf>
Package pdftex.def Info: images/traceisomorphism2.pdf used on input line 2201.
(pdftex.def)             Requested size: 135.89174pt x 89.72672pt.

<images/traceisomorphism3.pdf, id=1353, 168.63pt x 126.4725pt>
File: images/traceisomorphism3.pdf Graphic file (type pdf)

<use images/traceisomorphism3.pdf>
Package pdftex.def Info: images/traceisomorphism3.pdf used on input line 2206.
(pdftex.def)             Requested size: 135.89174pt x 101.9211pt.

<images/Trace-Isomorphics.png, id=1354, 531.9875pt x 353.32pt>
File: images/Trace-Isomorphics.png Graphic file (type png)

<use images/Trace-Isomorphics.png>
Package pdftex.def Info: images/Trace-Isomorphics.png used on input line 2211.
(pdftex.def)             Requested size: 158.54152pt x 105.29056pt.
 [41 <./images/kernel-graphs.pdf> <./images/Trace-kernel-plot.png>]
<images/graph-cospectral1.pdf, id=1372, 211.79124pt x 180.675pt>
File: images/graph-cospectral1.pdf Graphic file (type pdf)

<use images/graph-cospectral1.pdf>
Package pdftex.def Info: images/graph-cospectral1.pdf used on input line 2223.
(pdftex.def)             Requested size: 135.89174pt x 115.92934pt.

<images/graph-cospectral2.pdf, id=1373, 205.76875pt x 145.54375pt>
File: images/graph-cospectral2.pdf Graphic file (type pdf)

<use images/graph-cospectral2.pdf>
Package pdftex.def Info: images/graph-cospectral2.pdf used on input line 2228.
(pdftex.def)             Requested size: 135.89174pt x 96.11913pt.

<images/trace-cospectral.png, id=1374, 529.98pt x 361.35pt>
File: images/trace-cospectral.png Graphic file (type png)

<use images/trace-cospectral.png>
Package pdftex.def Info: images/trace-cospectral.png used on input line 2233.
(pdftex.def)             Requested size: 158.54152pt x 108.09706pt.
 [42 <./images/traceisomorphism2.pdf> <./images/traceisomorphism3.pdf> <./image
s/Trace-Isomorphics.png> <./images/graph-cospectral1.pdf> <./images/graph-cospe
ctral2.pdf> <./images/trace-cospectral.png>]
<images/graphskernelmellin2.png, id=1404, 450.68375pt x 294.09875pt>
File: images/graphskernelmellin2.png Graphic file (type png)

<use images/graphskernelmellin2.png>
Package pdftex.def Info: images/graphskernelmellin2.png used on input line 2290
.
(pdftex.def)             Requested size: 158.54152pt x 103.45665pt.

<images/graphskernelmellin3.png, id=1405, 440.64626pt x 295.1025pt>
File: images/graphskernelmellin3.png Graphic file (type png)

<use images/graphskernelmellin3.png>
Package pdftex.def Info: images/graphskernelmellin3.png used on input line 2295
.
(pdftex.def)             Requested size: 158.54152pt x 106.17377pt.

<images/graphskernellaplace2.png, id=1406, 447.6725pt x 298.11375pt>
File: images/graphskernellaplace2.png Graphic file (type png)

<use images/graphskernellaplace2.png>
Package pdftex.def Info: images/graphskernellaplace2.png used on input line 230
0.
(pdftex.def)             Requested size: 158.54152pt x 105.57866pt.

<images/graphskernellaplace3.png, id=1407, 448.67625pt x 295.1025pt>
File: images/graphskernellaplace3.png Graphic file (type png)

<use images/graphskernellaplace3.png>
Package pdftex.def Info: images/graphskernellaplace3.png used on input line 230
5.
(pdftex.def)             Requested size: 158.54152pt x 104.27354pt.
 [43]
File: images/diffusion-graph.pdf Graphic file (type pdf)
 <use images/diffusion-graph.pdf>
Package pdftex.def Info: images/diffusion-graph.pdf used on input line 2324.
(pdftex.def)             Requested size: 158.54152pt x 101.72656pt.

<images/Laplace-heattrace.png, id=1428, 543.02875pt x 368.37625pt>
File: images/Laplace-heattrace.png Graphic file (type png)

<use images/Laplace-heattrace.png>
Package pdftex.def Info: images/Laplace-heattrace.png used on input line 2336.
(pdftex.def)             Requested size: 203.83417pt x 138.27565pt.

<images/model-2-mellin.png, id=1429, 454.69875pt x 295.1025pt>
File: images/model-2-mellin.png Graphic file (type png)

<use images/model-2-mellin.png>
Package pdftex.def Info: images/model-2-mellin.png used on input line 2341.
(pdftex.def)             Requested size: 203.83417pt x 132.29056pt.
 [44 <./images/graphskernelmellin2.png> <./images/graphskernelmellin3.png> <./i
mages/graphskernellaplace2.png> <./images/graphskernellaplace3.png>]
<images/complete_5.pdf, id=1442, 125.46875pt x 113.42375pt>
File: images/complete_5.pdf Graphic file (type pdf)

<use images/complete_5.pdf>
Package pdftex.def Info: images/complete_5.pdf used on input line 2353.
(pdftex.def)             Requested size: 144.95303pt x 131.05241pt.

<images/cycle-khop.pdf, id=1443, 121.45375pt x 134.5025pt>
File: images/cycle-khop.pdf Graphic file (type pdf)

<use images/cycle-khop.pdf>
Package pdftex.def Info: images/cycle-khop.pdf used on input line 2357.
(pdftex.def)             Requested size: 135.89174pt x 150.49193pt.

<images/kenel-toymodel.pdf, id=1444, 160.6pt x 113.42375pt>
File: images/kenel-toymodel.pdf Graphic file (type pdf)

<use images/kenel-toymodel.pdf>
Package pdftex.def Info: images/kenel-toymodel.pdf used on input line 2362.
(pdftex.def)             Requested size: 158.54152pt x 111.97313pt.

<images/G3-khop.pdf, id=1445, 143.53625pt x 114.4275pt>
File: images/G3-khop.pdf Graphic file (type pdf)

<use images/G3-khop.pdf>
Package pdftex.def Info: images/G3-khop.pdf used on input line 2367.
(pdftex.def)             Requested size: 158.54152pt x 126.39268pt.
 <images/G4-khop.pdf, id=1446, 154.5775pt x 140.525pt>
File: images/G4-khop.pdf Graphic file (type pdf)

<use images/G4-khop.pdf>
Package pdftex.def Info: images/G4-khop.pdf used on input line 2372.
(pdftex.def)             Requested size: 158.54152pt x 144.14197pt.

<images/complete-L1.png, id=1449, 445.665pt x 293.095pt>
File: images/complete-L1.png Graphic file (type png)

<use images/complete-L1.png>
Package pdftex.def Info: images/complete-L1.png used on input line 2383.
(pdftex.def)             Requested size: 203.83417pt x 134.05162pt.

<images/s2-graphcomp.png, id=1450, 447.6725pt x 294.09875pt>
File: images/s2-graphcomp.png Graphic file (type png)

<use images/s2-graphcomp.png>
Package pdftex.def Info: images/s2-graphcomp.png used on input line 2388.
(pdftex.def)             Requested size: 203.83417pt x 133.90936pt.

<images/s3-graphcomp.png, id=1451, 444.66125pt x 291.0875pt>
File: images/s3-graphcomp.png Graphic file (type png)

<use images/s3-graphcomp.png>
Package pdftex.def Info: images/s3-graphcomp.png used on input line 2393.
(pdftex.def)             Requested size: 203.83417pt x 133.43549pt.

<images/s4-graphcomp.png, id=1452, 447.6725pt x 294.09875pt>
File: images/s4-graphcomp.png Graphic file (type png)

<use images/s4-graphcomp.png>
Package pdftex.def Info: images/s4-graphcomp.png used on input line 2398.
(pdftex.def)             Requested size: 203.83417pt x 133.90936pt.
 [45 <./images/Laplace-heattrace.png> <./images/model-2-mellin.png> <./images/c
omplete_5.pdf> <./images/cycle-khop.pdf> <./images/kenel-toymodel.pdf> <./image
s/G3-khop.pdf> <./images/G4-khop.pdf>]
<images/zeta-laplace2.png, id=1479, 449.68pt x 300.12125pt>
File: images/zeta-laplace2.png Graphic file (type png)

<use images/zeta-laplace2.png>
Package pdftex.def Info: images/zeta-laplace2.png used on input line 2435.
(pdftex.def)             Requested size: 158.54152pt x 105.81335pt.

<images/zeta-mellin2.png, id=1480, 457.71pt x 297.11pt>
File: images/zeta-mellin2.png Graphic file (type png)

<use images/zeta-mellin2.png>
Package pdftex.def Info: images/zeta-mellin2.png used on input line 2440.
(pdftex.def)             Requested size: 158.54152pt x 102.91107pt.
 [46 <./images/complete-L1.png> <./images/s2-graphcomp.png> <./images/s3-graphc
omp.png> <./images/s4-graphcomp.png>] [47 <./images/zeta-laplace2.png> <./image
s/zeta-mellin2.png>]
<images/Mellin-heatcontent.png, id=1525, 542.025pt x 301.125pt>
File: images/Mellin-heatcontent.png Graphic file (type png)

<use images/Mellin-heatcontent.png>
Package pdftex.def Info: images/Mellin-heatcontent.png used on input line 2519.

(pdftex.def)             Requested size: 226.48395pt x 125.82376pt.

<images/Laplace-heatcontent.png, id=1526, 543.02875pt x 295.1025pt>
File: images/Laplace-heatcontent.png Graphic file (type png)

<use images/Laplace-heatcontent.png>
Package pdftex.def Info: images/Laplace-heatcontent.png used on input line 2524
.
(pdftex.def)             Requested size: 226.48395pt x 123.08214pt.

Overfull \hbox (4.44443pt too wide) in paragraph at lines 2518--2528
 [][]  [] 
 []

[48] [49 <./images/Mellin-heatcontent.png> <./images/Laplace-heatcontent.png>]
<images/GlassSuperimpose.png, id=1552, 128.48pt x 127.47626pt>
File: images/GlassSuperimpose.png Graphic file (type png)

<use images/GlassSuperimpose.png>
Package pdftex.def Info: images/GlassSuperimpose.png used on input line 2578.
(pdftex.def)             Requested size: 67.94241pt x 67.41231pt.

<images/ToySuperimpose.png, id=1553, 186.6975pt x 187.70125pt>
File: images/ToySuperimpose.png Graphic file (type png)

<use images/ToySuperimpose.png>
Package pdftex.def Info: images/ToySuperimpose.png used on input line 2582.
(pdftex.def)             Requested size: 67.94241pt x 68.3056pt.

<images/IcecreamSuperimpose.png, id=1554, 128.48pt x 127.47626pt>
File: images/IcecreamSuperimpose.png Graphic file (type png)

<use images/IcecreamSuperimpose.png>
Package pdftex.def Info: images/IcecreamSuperimpose.png used on input line 2587
.
(pdftex.def)             Requested size: 67.94241pt x 67.41231pt.

<images/BottleSuperimpose.png, id=1555, 131.49126pt x 129.48375pt>
File: images/BottleSuperimpose.png Graphic file (type png)

<use images/BottleSuperimpose.png>
Package pdftex.def Info: images/BottleSuperimpose.png used on input line 2592.
(pdftex.def)             Requested size: 67.94241pt x 66.90714pt.

<images/BirdSuperimpose.png, id=1556, 130.4875pt x 125.46875pt>
File: images/BirdSuperimpose.png Graphic file (type png)

<use images/BirdSuperimpose.png>
Package pdftex.def Info: images/BirdSuperimpose.png used on input line 2597.
(pdftex.def)             Requested size: 67.94241pt x 65.33026pt.

<images/zeta-viewnump1.png, id=1557, 550.055pt x 413.545pt>
File: images/zeta-viewnump1.png Graphic file (type png)

<use images/zeta-viewnump1.png>
Package pdftex.def Info: images/zeta-viewnump1.png used on input line 2609.
(pdftex.def)             Requested size: 226.48395pt x 170.2739pt.

<images/zeta-viewnump2.png, id=1558, 550.055pt x 417.56pt>
File: images/zeta-viewnump2.png Graphic file (type png)

<use images/zeta-viewnump2.png>
Package pdftex.def Info: images/zeta-viewnump2.png used on input line 2614.
(pdftex.def)             Requested size: 226.48395pt x 171.92703pt.

Overfull \hbox (4.44443pt too wide) in paragraph at lines 2608--2617
 [][]  [] 
 []

<images/zeta-viewnump3.png, id=1559, 550.055pt x 415.5525pt>
File: images/zeta-viewnump3.png Graphic file (type png)

<use images/zeta-viewnump3.png>
Package pdftex.def Info: images/zeta-viewnump3.png used on input line 2619.
(pdftex.def)             Requested size: 226.48395pt x 171.10048pt.

<images/zeta-viewnump4.png, id=1560, 564.1075pt x 417.56pt>
File: images/zeta-viewnump4.png Graphic file (type png)

<use images/zeta-viewnump4.png>
Package pdftex.def Info: images/zeta-viewnump4.png used on input line 2624.
(pdftex.def)             Requested size: 226.48395pt x 167.64543pt.

Overfull \hbox (4.44443pt too wide) in paragraph at lines 2618--2628
 [][]  [] 
 []

[50 <./images/GlassSuperimpose.png> <./images/ToySuperimpose.png> <./images/Ice
creamSuperimpose.png> <./images/BottleSuperimpose.png> <./images/BirdSuperimpos
e.png>]

Package natbib Warning: Citation `ding2004k' on page 51 undefined on input line
 2633.

[51 <./images/zeta-viewnump1.png> <./images/zeta-viewnump2.png> <./images/zeta-
viewnump3.png> <./images/zeta-viewnump4.png>]
<images/No-longrange.png, id=1587, 641.39626pt x 417.56pt>
File: images/No-longrange.png Graphic file (type png)

<use images/No-longrange.png>
Package pdftex.def Info: images/No-longrange.png used on input line 2653.
(pdftex.def)             Requested size: 271.7835pt x 176.935pt.

<images/Mellin-s2.png, id=1588, 608.2725pt x 416.55624pt>
File: images/Mellin-s2.png Graphic file (type png)

<use images/Mellin-s2.png>
Package pdftex.def Info: images/Mellin-s2.png used on input line 2663.
(pdftex.def)             Requested size: 226.48395pt x 155.09587pt.

<images/Mellin-s3.png, id=1589, 620.3175pt x 418.56375pt>
File: images/Mellin-s3.png Graphic file (type png)

<use images/Mellin-s3.png>
Package pdftex.def Info: images/Mellin-s3.png used on input line 2668.
(pdftex.def)             Requested size: 226.48395pt x 152.82239pt.

Overfull \hbox (4.44443pt too wide) in paragraph at lines 2662--2671
 [][]  [] 
 []

<images/Mellin-s5.png, id=1590, 648.4225pt x 418.56375pt>
File: images/Mellin-s5.png Graphic file (type png)

<use images/Mellin-s5.png>
Package pdftex.def Info: images/Mellin-s5.png used on input line 2673.
(pdftex.def)             Requested size: 226.48395pt x 146.19933pt.

<images/Mellin-s6.png, id=1591, 611.28375pt x 418.56375pt>
File: images/Mellin-s6.png Graphic file (type png)

<use images/Mellin-s6.png>
Package pdftex.def Info: images/Mellin-s6.png used on input line 2678.
(pdftex.def)             Requested size: 226.48395pt x 155.07692pt.

Overfull \hbox (4.44443pt too wide) in paragraph at lines 2672--2682
 [][]  [] 
 []

[52 <./images/No-longrange.png>]
<images/Laplace-lam2.png, id=1603, 609.27625pt x 416.55624pt>
File: images/Laplace-lam2.png Graphic file (type png)

<use images/Laplace-lam2.png>
Package pdftex.def Info: images/Laplace-lam2.png used on input line 2689.
(pdftex.def)             Requested size: 226.48395pt x 154.84163pt.

<images/Laplace-lam3.png, id=1604, 618.31pt x 417.56pt>
File: images/Laplace-lam3.png Graphic file (type png)

<use images/Laplace-lam3.png>
Package pdftex.def Info: images/Laplace-lam3.png used on input line 2694.
(pdftex.def)             Requested size: 226.48395pt x 152.95288pt.

Overfull \hbox (4.44443pt too wide) in paragraph at lines 2688--2697
 [][]  [] 
 []

<images/Laplace-lam4.png, id=1605, 643.40375pt x 414.54875pt>
File: images/Laplace-lam4.png Graphic file (type png)

<use images/Laplace-lam4.png>
Package pdftex.def Info: images/Laplace-lam4.png used on input line 2699.
(pdftex.def)             Requested size: 226.48395pt x 145.92287pt.

<images/Laplace-lam6.png, id=1606, 647.41875pt x 418.56375pt>
File: images/Laplace-lam6.png Graphic file (type png)

<use images/Laplace-lam6.png>
Package pdftex.def Info: images/Laplace-lam6.png used on input line 2704.
(pdftex.def)             Requested size: 226.48395pt x 146.42285pt.

Overfull \hbox (4.44443pt too wide) in paragraph at lines 2698--2708
 [][]  [] 
 []

[53 <./images/Mellin-s2.png> <./images/Mellin-s3.png> <./images/Mellin-s5.png> 
<./images/Mellin-s6.png>]
<images/Zeta-nolongrange.png, id=1616, 643.40375pt x 411.5375pt>
File: images/Zeta-nolongrange.png Graphic file (type png)

<use images/Zeta-nolongrange.png>
Package pdftex.def Info: images/Zeta-nolongrange.png used on input line 2717.
(pdftex.def)             Requested size: 271.7835pt x 173.84302pt.
 [54 <./images/Laplace-lam2.png> <./images/Laplace-lam3.png> <./images/Laplace-
lam4.png> <./images/Laplace-lam6.png>]
<images/Zeta-Mellin1.png, id=1626, 627.34375pt x 415.5525pt>
File: images/Zeta-Mellin1.png Graphic file (type png)

<use images/Zeta-Mellin1.png>
Package pdftex.def Info: images/Zeta-Mellin1.png used on input line 2728.
(pdftex.def)             Requested size: 226.48395pt x 150.02362pt.

<images/Zeta-Mellin2.png, id=1627, 658.46pt x 414.54875pt>
File: images/Zeta-Mellin2.png Graphic file (type png)

<use images/Zeta-Mellin2.png>
Package pdftex.def Info: images/Zeta-Mellin2.png used on input line 2733.
(pdftex.def)             Requested size: 226.48395pt x 142.58932pt.

Overfull \hbox (4.44443pt too wide) in paragraph at lines 2727--2736
 [][]  [] 
 []

<images/Zeta-Mellin4.png, id=1628, 641.39626pt x 416.55624pt>
File: images/Zeta-Mellin4.png Graphic file (type png)

<use images/Zeta-Mellin4.png>
Package pdftex.def Info: images/Zeta-Mellin4.png used on input line 2738.
(pdftex.def)             Requested size: 226.48395pt x 147.08716pt.

<images/Zeta-Mellin6.png, id=1629, 674.52pt x 414.54875pt>
File: images/Zeta-Mellin6.png Graphic file (type png)

<use images/Zeta-Mellin6.png>
Package pdftex.def Info: images/Zeta-Mellin6.png used on input line 2743.
(pdftex.def)             Requested size: 226.48395pt x 139.19254pt.

Overfull \hbox (4.44443pt too wide) in paragraph at lines 2737--2747
 [][]  [] 
 []

<images/Zeta-Laplace1.png, id=1630, 619.31375pt x 410.53375pt>
File: images/Zeta-Laplace1.png Graphic file (type png)

<use images/Zeta-Laplace1.png>
Package pdftex.def Info: images/Zeta-Laplace1.png used on input line 2755.
(pdftex.def)             Requested size: 226.48395pt x 150.13486pt.

<images/Zeta-Laplace2.png, id=1631, 612.2875pt x 418.56375pt>
File: images/Zeta-Laplace2.png Graphic file (type png)

<use images/Zeta-Laplace2.png>
Package pdftex.def Info: images/Zeta-Laplace2.png used on input line 2760.
(pdftex.def)             Requested size: 226.48395pt x 154.82144pt.

Overfull \hbox (4.44443pt too wide) in paragraph at lines 2754--2763
 [][]  [] 
 []

<images/Zeta-Laplace4.png, id=1632, 617.30624pt x 413.545pt>
File: images/Zeta-Laplace4.png Graphic file (type png)

<use images/Zeta-Laplace4.png>
Package pdftex.def Info: images/Zeta-Laplace4.png used on input line 2765.
(pdftex.def)             Requested size: 226.48395pt x 151.72197pt.

<images/Zeta-Laplace6.png, id=1633, 612.2875pt x 414.54875pt>
File: images/Zeta-Laplace6.png Graphic file (type png)

<use images/Zeta-Laplace6.png>
Package pdftex.def Info: images/Zeta-Laplace6.png used on input line 2770.
(pdftex.def)             Requested size: 226.48395pt x 153.33635pt.

Overfull \hbox (4.44443pt too wide) in paragraph at lines 2764--2774
 [][]  [] 
 []

[55 <./images/Zeta-nolongrange.png> <./images/Zeta-Mellin1.png> <./images/Zeta-
Mellin2.png> <./images/Zeta-Mellin4.png> <./images/Zeta-Mellin6.png>] [56 <./im
ages/Zeta-Laplace1.png> <./images/Zeta-Laplace2.png> <./images/Zeta-Laplace4.pn
g> <./images/Zeta-Laplace6.png>] (./Thesis-Draft.bbl [57] [58]
Underfull \hbox (badness 10000) in paragraph at lines 349--354
[]\OT1/cmr/m/n/10 Internet.  Net-work.  URL [][]$https : / / www . google . com
 / search ? q = internet + network &
 []


Underfull \hbox (badness 10000) in paragraph at lines 349--354
\OT1/cmr/m/n/10 client = ubuntu & hs = xZp & channel = fs & gl = za & source = 
lnms & tbm = isch & sa = X & ved =
 []


Underfull \hbox (badness 10000) in paragraph at lines 349--354
\OT1/cmr/m/n/10 0ahUKEwiZsrLOueTMAhVMCcAKHS[]8AysQ[]AUIBygB & biw = 1215 & bih 
= 900 # channel = fs & gl =
 []

[59] [60] [61])

Package natbib Warning: There were undefined citations.

[62]
Package atveryend Info: Empty hook `BeforeClearDocument' on input line 2784.
Package atveryend Info: Empty hook `AfterLastShipout' on input line 2784.
 (./Thesis-Draft.aux)
Package atveryend Info: Executing hook `AtVeryEndDocument' on input line 2784.
Package atveryend Info: Executing hook `AtEndAfterFileList' on input line 2784.

Package rerunfilecheck Info: File `Thesis-Draft.out' has not changed.
(rerunfilecheck)             Checksum: BF184CFAC94BC19C5E77DB324ED1BC76;6227.


LaTeX Warning: There were undefined references.


LaTeX Warning: There were multiply-defined labels.

Package atveryend Info: Empty hook `AtVeryVeryEnd' on input line 2784.
 ) 
Here is how much of TeX's memory you used:
 20706 strings out of 494223
 388694 string characters out of 6159439
 436143 words of memory out of 5000000
 23083 multiletter control sequences out of 15000+600000
 19163 words of font info for 79 fonts, out of 8000000 for 9000
 372 hyphenation exceptions out of 8191
 48i,17n,55p,1377b,651s stack positions out of 5000i,500n,10000p,200000b,80000s
</usr/share/texlive/texmf-dist/fonts/type1/public/amsfonts/cm/cmbx10.pfb></us
r/share/texlive/texmf-dist/fonts/type1/public/amsfonts/cm/cmbx12.pfb></usr/shar
e/texlive/texmf-dist/fonts/type1/public/amsfonts/cm/cmbx7.pfb></usr/share/texli
ve/texmf-dist/fonts/type1/public/amsfonts/cm/cmex10.pfb></usr/share/texlive/tex
mf-dist/fonts/type1/public/amsfonts/cm/cmmi10.pfb></usr/share/texlive/texmf-dis
t/fonts/type1/public/amsfonts/cm/cmmi5.pfb></usr/share/texlive/texmf-dist/fonts
/type1/public/amsfonts/cm/cmmi7.pfb></usr/share/texlive/texmf-dist/fonts/type1/
public/amsfonts/cm/cmmi9.pfb></usr/share/texlive/texmf-dist/fonts/type1/public/
amsfonts/cm/cmmib10.pfb></usr/share/texlive/texmf-dist/fonts/type1/public/amsfo
nts/cm/cmr10.pfb></usr/share/texlive/texmf-dist/fonts/type1/public/amsfonts/cm/
cmr12.pfb></usr/share/texlive/texmf-dist/fonts/type1/public/amsfonts/cm/cmr17.p
fb></usr/share/texlive/texmf-dist/fonts/type1/public/amsfonts/cm/cmr5.pfb></usr
/share/texlive/texmf-dist/fonts/type1/public/amsfonts/cm/cmr7.pfb></usr/share/t
exlive/texmf-dist/fonts/type1/public/amsfonts/cm/cmr9.pfb></usr/share/texlive/t
exmf-dist/fonts/type1/public/amsfonts/cm/cmsy10.pfb></usr/share/texlive/texmf-d
ist/fonts/type1/public/amsfonts/cm/cmsy5.pfb></usr/share/texlive/texmf-dist/fon
ts/type1/public/amsfonts/cm/cmsy7.pfb></usr/share/texlive/texmf-dist/fonts/type
1/public/amsfonts/cm/cmti10.pfb></usr/share/texlive/texmf-dist/fonts/type1/publ
ic/amsfonts/symbols/msam7.pfb></usr/share/texlive/texmf-dist/fonts/type1/public
/amsfonts/symbols/msbm10.pfb>
Output written on Thesis-Draft.pdf (62 pages, 2939470 bytes).
PDF statistics:
 1907 PDF objects out of 2073 (max. 8388607)
 1536 compressed objects within 16 object streams
 499 named destinations out of 1000 (max. 500000)
 1213 words of extra memory for PDF output out of 10000 (max. 10000000)

