\BOOKMARK [1][-]{section.1}{Review of Networks}{}% 1
\BOOKMARK [2][-]{subsection.1.1}{Complex Systems and Complex Networks}{section.1}% 2
\BOOKMARK [3][-]{subsubsection.1.1.1}{Characteristics of complex systems}{subsection.1.1}% 3
\BOOKMARK [3][-]{subsubsection.1.1.2}{Real-world Networks}{subsection.1.1}% 4
\BOOKMARK [2][-]{subsection.1.2}{Paths,Walks and Connected Components of a Graph}{section.1}% 5
\BOOKMARK [2][-]{subsection.1.3}{Laplacian Matrix}{section.1}% 6
\BOOKMARK [2][-]{subsection.1.4}{Definitions and Properties of the Laplacian Matrix}{section.1}% 7
\BOOKMARK [3][-]{subsubsection.1.4.1}{Spectrum of the Laplacian Matrix}{subsection.1.4}% 8
\BOOKMARK [2][-]{subsection.1.5}{Robustness of Complex Systems}{section.1}% 9
\BOOKMARK [2][-]{subsection.1.6}{Robustness measures in networks}{section.1}% 10
\BOOKMARK [3][-]{subsubsection.1.6.1}{Connectivity-based measures}{subsection.1.6}% 11
\BOOKMARK [3][-]{subsubsection.1.6.2}{Distance-based measures}{subsection.1.6}% 12
\BOOKMARK [3][-]{subsubsection.1.6.3}{Spectral Graph measures}{subsection.1.6}% 13
\BOOKMARK [2][-]{subsection.1.7}{Graph Similarity}{section.1}% 14
\BOOKMARK [2][-]{subsection.1.8}{Voronoi Diagrams and Delaunay Triangulation}{section.1}% 15
\BOOKMARK [3][-]{subsubsection.1.8.1}{Voronoi Diagrams }{subsection.1.8}% 16
\BOOKMARK [3][-]{subsubsection.1.8.2}{Delaunay Triangulation}{subsection.1.8}% 17
\BOOKMARK [2][-]{subsection.1.9}{The Harris Corner Point Detector}{section.1}% 18
\BOOKMARK [2][-]{subsection.1.10}{Principal Component Analysis}{section.1}% 19
\BOOKMARK [1][-]{section.2}{Diffusion on networks}{}% 20
\BOOKMARK [2][-]{subsection.2.1}{Heat Diffusion Model}{section.2}% 21
\BOOKMARK [2][-]{subsection.2.2}{ Equilibrium behaviour }{section.2}% 22
\BOOKMARK [2][-]{subsection.2.3}{Impact of Network structure on the rate of diffusion}{section.2}% 23
\BOOKMARK [2][-]{subsection.2.4}{Influence of Heterogeneity on Diffusion over network}{section.2}% 24
\BOOKMARK [2][-]{subsection.2.5}{Impact of choice of Initial diffusion nodes on the diffusion process on networks}{section.2}% 25
\BOOKMARK [2][-]{subsection.2.6}{Diffusion on Directed Networks}{section.2}% 26
\BOOKMARK [2][-]{subsection.2.7}{Diffusion and Equilibrium behaviour in Directed Network}{section.2}% 27
\BOOKMARK [3][-]{subsubsection.2.7.1}{Estimation of Eigenvalues of the Laplacian}{subsection.2.7}% 28
\BOOKMARK [3][-]{subsubsection.2.7.2}{Equilibrium state for Balanced Graphs}{subsection.2.7}% 29
\BOOKMARK [2][-]{subsection.2.8}{Diffusion on network with long-range interactions}{section.2}% 30
\BOOKMARK [3][-]{subsubsection.2.8.1}{ k-path Laplacian matrices, Lk}{subsection.2.8}% 31
\BOOKMARK [3][-]{subsubsection.2.8.2}{The Generalised Laplacian Matrix}{subsection.2.8}% 32
\BOOKMARK [3][-]{subsubsection.2.8.3}{Properties of the Generalised Laplacian Matrix }{subsection.2.8}% 33
\BOOKMARK [3][-]{subsubsection.2.8.4}{Choice of Co-efficients, ck}{subsection.2.8}% 34
\BOOKMARK [3][-]{subsubsection.2.8.5}{Generalised Diffusion Model}{subsection.2.8}% 35
\BOOKMARK [2][-]{subsection.2.9}{The Heat Kernel}{section.2}% 36
\BOOKMARK [3][-]{subsubsection.2.9.1}{The Heat Kernel Invariants}{subsection.2.9}% 37
\BOOKMARK [3][-]{subsubsection.2.9.2}{Heat kernel trace as a Graph Analysis Technique}{subsection.2.9}% 38
\BOOKMARK [2][-]{subsection.2.10}{Generalised Heat kernel}{section.2}% 39
\BOOKMARK [2][-]{subsection.2.11}{Trace of the Generalised Heat Kernel}{section.2}% 40
\BOOKMARK [2][-]{subsection.2.12}{Zeta function of the Generalised Zeta Function}{section.2}% 41
\BOOKMARK [2][-]{subsection.2.13}{Comparison with Complete Graph based on Trace of the diffusion kernel}{section.2}% 42
\BOOKMARK [3][-]{subsubsection.2.13.1}{Simulations of diffusion on lattice}{subsection.2.13}% 43
\BOOKMARK [1][-]{section.3}{Image segmentation}{}% 44
\BOOKMARK [2][-]{subsection.3.1}{Image segmentation based on Random Walks}{section.3}% 45
\BOOKMARK [2][-]{subsection.3.2}{Random Walks and Electric potential}{section.3}% 46
\BOOKMARK [2][-]{subsection.3.3}{The Random walker Algorithm}{section.3}% 47
\BOOKMARK [3][-]{subsubsection.3.3.1}{Problem Formulation}{subsection.3.3}% 48
\BOOKMARK [3][-]{subsubsection.3.3.2}{Combinatorial Dirichlet Problem}{subsection.3.3}% 49
\BOOKMARK [3][-]{subsubsection.3.3.3}{Implementation of Algorithm}{subsection.3.3}% 50
\BOOKMARK [2][-]{subsection.3.4}{Possible application of Long range interactions to Image Segmentation}{section.3}% 51
\BOOKMARK [1][-]{section.4}{Laplacian Centrality of weighted Networks}{}% 52
\BOOKMARK [2][-]{subsection.4.1}{Laplacian energy of a network}{section.4}% 53
\BOOKMARK [2][-]{subsection.4.2}{Laplacian centrality for a vertex}{section.4}% 54
\BOOKMARK [2][-]{subsection.4.3}{Laplacian Centrality of a node of a Graph with long-range interactions}{section.4}% 55
\BOOKMARK [2][-]{subsection.4.4}{Laplacian Centrality of an edge}{section.4}% 56
\BOOKMARK [2][-]{subsection.4.5}{Laplacian Energy of Directed Networks}{section.4}% 57
\BOOKMARK [2][-]{subsection.4.6}{Laplacian Centrality of a node in directed network}{section.4}% 58
\BOOKMARK [2][-]{subsection.4.7}{Edge Centrality based Edge reversal}{section.4}% 59
\BOOKMARK [2][-]{subsection.4.8}{Laplacian Energy as a fair measure of robustness of network}{section.4}% 60
\BOOKMARK [2][-]{subsection.4.9}{Comparison of Laplacian Energy and Algebraic Connectivity as measures of robustness of networks}{section.4}% 61
\BOOKMARK [1][-]{section.5}{Graph Clustering}{}% 62
\BOOKMARK [2][-]{subsection.5.1}{Principal Component Analysis \(PCA\) on objects}{section.5}% 63
